[17:56:45:164558 --7:00] [Thread 9064] Piranhas was killed by an NPC!
[18:31:11:789142 --7:00] [Thread 6928] Paper Airplane was killed by an NPC!
[18:38:51:595886 --7:00] [Thread 6312] [FYAD] Decafon died due to Arma bugs and is probably very salty right now.
[18:38:51:777014 --7:00] [Thread 9064] Brad died. Yes, Brad is dead. Like really dead-dead.
[19:21:21:512964 --7:00] [Thread 9064] Piranhas died because Piranhas was very unlucky.
[20:28:54:624249 --7:00] [Thread 1840] Brad was killed by an NPC!
[20:32:44:325150 --7:00] [Thread 8624] Paper Airplane was killed by an NPC!
[20:39:41:410199 --7:00] [Thread 7456] Maulth was killed by an NPC!
[20:40:00:703714 --7:00] [Thread 2368] [FYAD] Decafon was killed by an NPC!
[20:43:35:394446 --7:00] [Thread 6100] Maulth died because Maulth was very unlucky.
[20:46:14:942123 --7:00] [Thread 6100] LifeReapr was killed by an NPC!
[20:46:17:418210 --7:00] [Thread 5976] Brad was killed by an NPC!
[20:48:06:681520 --7:00] [Thread 6100] Mac was killed by an NPC!
[20:57:49:651720 --7:00] [Thread 8624] Jiraid was killed by an NPC!
[20:58:01:004339 --7:00] [Thread 8624] Paper Airplane was killed by an NPC!
[21:06:32:803371 --7:00] [Thread 5976] Mac was killed by an NPC!
[21:06:42:588207 --7:00] [Thread 2368] Maulth was killed by an NPC!
[21:14:46:207404 --7:00] [Thread 8624] Vanek commited suicide!
[21:16:45:007985 --7:00] [Thread 8624] Maulth was killed by an NPC!
[21:29:57:362151 --7:00] [Thread 6100] Mac was killed by an NPC!
[21:41:22:743978 --7:00] [Thread 5976] LifeReapr was killed by an NPC!
[04:42:06:505134 --7:00] [Thread 8224] Mac was killed by an NPC!
[17:15:09:108008 --7:00] [Thread 7576] Mac commited suicide!
[17:39:33:871858 --7:00] [Thread 7576] [FYAD] Decafon was killed by an NPC!
[17:54:55:640752 --7:00] [Thread 7576] Mac was killed by an NPC!
[18:59:49:606018 --7:00] [Thread 2440] Brad was killed by an NPC!
[19:12:20:096463 --7:00] [Thread 7576] Paperz was killed by an NPC!
[19:13:31:622488 --7:00] [Thread 8832] Brad was killed by an NPC!
[19:13:45:763168 --7:00] [Thread 8832] Jonathan died because the universe hates him.
[19:15:36:315891 --7:00] [Thread 1632] Jonathan commited suicide!
[19:27:13:030608 --7:00] [Thread 8832] Brad was killed by an NPC!
[20:05:52:963675 --7:00] [Thread 896] Jonathan was killed by an NPC!
[20:26:06:139250 --7:00] [Thread 8832] Vanek was killed by an NPC!
[20:46:23:767267 --7:00] [Thread 2440] Brad was killed by an NPC!
