[19:02:22:816966 --7:00] [Thread 1004] PLAYER: ( 76561198013512846 ) R [FYAD]:1 (Brad) REMOTE SOLD ITEM: CUP_O_Ural_RU (ID# <null>) with Cargo [] FOR 6250 POPTABS AND 625 RESPECT | PLAYER TOTAL MONEY: 6250
[19:10:19:503200 --7:00] [Thread 1004] PLAYER: ( 76561198002024470 ) R [FYAD]:4 ([FYAD] Decafon) REMOTE SOLD ITEM 30Rnd_65x39_caseless_green FOR 10 POPTABS AND 1 RESPECT | PLAYER TOTAL MONEY: 10
[19:10:21:733966 --7:00] [Thread 9064] PLAYER: ( 76561198002024470 ) R [FYAD]:4 ([FYAD] Decafon) REMOTE SOLD ITEM 30Rnd_556x45_Stanag FOR 10 POPTABS AND 1 RESPECT | PLAYER TOTAL MONEY: 20
[19:10:24:225128 --7:00] [Thread 1004] PLAYER: ( 76561198002024470 ) R [FYAD]:4 ([FYAD] Decafon) REMOTE SOLD ITEM CUP_17Rnd_9x19_glock17 FOR 4 POPTABS AND 0.4 RESPECT | PLAYER TOTAL MONEY: 24
[19:10:26:318267 --7:00] [Thread 9064] PLAYER: ( 76561198002024470 ) R [FYAD]:4 ([FYAD] Decafon) REMOTE SOLD ITEM 30Rnd_556x45_Stanag FOR 10 POPTABS AND 1 RESPECT | PLAYER TOTAL MONEY: 34
[19:10:27:356355 --7:00] [Thread 1004] PLAYER: ( 76561198002024470 ) R [FYAD]:4 ([FYAD] Decafon) REMOTE SOLD ITEM 30Rnd_556x45_Stanag FOR 10 POPTABS AND 1 RESPECT | PLAYER TOTAL MONEY: 44
[19:10:28:546810 --7:00] [Thread 9064] PLAYER: ( 76561198002024470 ) R [FYAD]:4 ([FYAD] Decafon) REMOTE SOLD ITEM 30Rnd_556x45_Stanag FOR 10 POPTABS AND 1 RESPECT | PLAYER TOTAL MONEY: 54
[19:10:31:241236 --7:00] [Thread 1004] PLAYER: ( 76561198002024470 ) R [FYAD]:4 ([FYAD] Decafon) REMOTE SOLD ITEM 30Rnd_556x45_Stanag FOR 10 POPTABS AND 1 RESPECT | PLAYER TOTAL MONEY: 64
[19:10:32:538521 --7:00] [Thread 9064] PLAYER: ( 76561198002024470 ) R [FYAD]:4 ([FYAD] Decafon) REMOTE SOLD ITEM 16Rnd_9x21_Mag FOR 10 POPTABS AND 1 RESPECT | PLAYER TOTAL MONEY: 74
[19:10:33:407966 --7:00] [Thread 1004] PLAYER: ( 76561198002024470 ) R [FYAD]:4 ([FYAD] Decafon) REMOTE SOLD ITEM CUP_5Rnd_127x99_as50_M FOR 5 POPTABS AND 0.5 RESPECT | PLAYER TOTAL MONEY: 79
[19:10:34:312961 --7:00] [Thread 9064] PLAYER: ( 76561198002024470 ) R [FYAD]:4 ([FYAD] Decafon) REMOTE SOLD ITEM Exile_Magazine_8Rnd_9x18 FOR 10 POPTABS AND 1 RESPECT | PLAYER TOTAL MONEY: 89
[19:10:35:208263 --7:00] [Thread 1004] PLAYER: ( 76561198002024470 ) R [FYAD]:4 ([FYAD] Decafon) REMOTE SOLD ITEM CUP_5Rnd_127x99_as50_M FOR 5 POPTABS AND 0.5 RESPECT | PLAYER TOTAL MONEY: 94
[19:10:36:078667 --7:00] [Thread 9064] PLAYER: ( 76561198002024470 ) R [FYAD]:4 ([FYAD] Decafon) REMOTE SOLD ITEM CUP_5Rnd_127x99_as50_M FOR 5 POPTABS AND 0.5 RESPECT | PLAYER TOTAL MONEY: 99
[19:10:37:718008 --7:00] [Thread 1004] PLAYER: ( 76561198002024470 ) R [FYAD]:4 ([FYAD] Decafon) REMOTE SOLD ITEM 100Rnd_65x39_caseless_mag_Tracer FOR 20 POPTABS AND 2 RESPECT | PLAYER TOTAL MONEY: 119
[19:10:38:940258 --7:00] [Thread 9064] PLAYER: ( 76561198002024470 ) R [FYAD]:4 ([FYAD] Decafon) REMOTE SOLD ITEM 100Rnd_65x39_caseless_mag FOR 15 POPTABS AND 1.5 RESPECT | PLAYER TOTAL MONEY: 134
[19:10:39:942143 --7:00] [Thread 1004] PLAYER: ( 76561198002024470 ) R [FYAD]:4 ([FYAD] Decafon) REMOTE SOLD ITEM 30Rnd_556x45_Stanag FOR 10 POPTABS AND 1 RESPECT | PLAYER TOTAL MONEY: 144
[19:10:41:213014 --7:00] [Thread 9064] PLAYER: ( 76561198002024470 ) R [FYAD]:4 ([FYAD] Decafon) REMOTE SOLD ITEM 16Rnd_9x21_Mag FOR 10 POPTABS AND 1 RESPECT | PLAYER TOTAL MONEY: 154
[19:10:42:074648 --7:00] [Thread 1004] PLAYER: ( 76561198002024470 ) R [FYAD]:4 ([FYAD] Decafon) REMOTE SOLD ITEM Exile_Magazine_8Rnd_9x18 FOR 10 POPTABS AND 1 RESPECT | PLAYER TOTAL MONEY: 164
[19:10:43:012913 --7:00] [Thread 9064] PLAYER: ( 76561198002024470 ) R [FYAD]:4 ([FYAD] Decafon) REMOTE SOLD ITEM 30Rnd_65x39_caseless_green FOR 10 POPTABS AND 1 RESPECT | PLAYER TOTAL MONEY: 174
[19:10:43:853843 --7:00] [Thread 1004] PLAYER: ( 76561198002024470 ) R [FYAD]:4 ([FYAD] Decafon) REMOTE SOLD ITEM CUP_30Rnd_556x45_Stanag FOR 5 POPTABS AND 0.5 RESPECT | PLAYER TOTAL MONEY: 179
[19:10:44:766697 --7:00] [Thread 9064] PLAYER: ( 76561198002024470 ) R [FYAD]:4 ([FYAD] Decafon) REMOTE SOLD ITEM 200Rnd_65x39_cased_Box FOR 15 POPTABS AND 1.5 RESPECT | PLAYER TOTAL MONEY: 194
[19:10:45:873292 --7:00] [Thread 1004] PLAYER: ( 76561198002024470 ) R [FYAD]:4 ([FYAD] Decafon) REMOTE SOLD ITEM CUP_20Rnd_762x51_B_SCAR FOR 5 POPTABS AND 0.5 RESPECT | PLAYER TOTAL MONEY: 199
[19:10:46:590758 --7:00] [Thread 9064] PLAYER: ( 76561198002024470 ) R [FYAD]:4 ([FYAD] Decafon) REMOTE SOLD ITEM rhsusf_mag_15Rnd_9x19_JHP FOR 10 POPTABS AND 1 RESPECT | PLAYER TOTAL MONEY: 209
[19:10:47:888769 --7:00] [Thread 1004] PLAYER: ( 76561198002024470 ) R [FYAD]:4 ([FYAD] Decafon) REMOTE SOLD ITEM 6Rnd_45ACP_Cylinder FOR 4 POPTABS AND 0.4 RESPECT | PLAYER TOTAL MONEY: 213
[19:10:49:317222 --7:00] [Thread 9064] PLAYER: ( 76561198002024470 ) R [FYAD]:4 ([FYAD] Decafon) REMOTE SOLD ITEM 200Rnd_556x45_Box_F FOR 45 POPTABS AND 4.5 RESPECT | PLAYER TOTAL MONEY: 258
[19:10:50:898873 --7:00] [Thread 9064] PLAYER: ( 76561198002024470 ) R [FYAD]:4 ([FYAD] Decafon) REMOTE SOLD ITEM CUP_5Rnd_127x99_as50_M FOR 5 POPTABS AND 0.5 RESPECT | PLAYER TOTAL MONEY: 263
[19:10:52:499812 --7:00] [Thread 1004] PLAYER: ( 76561198002024470 ) R [FYAD]:4 ([FYAD] Decafon) REMOTE SOLD ITEM arifle_MX_SW_F FOR 125 POPTABS AND 12.5 RESPECT | PLAYER TOTAL MONEY: 388
[19:10:53:475827 --7:00] [Thread 9064] PLAYER: ( 76561198002024470 ) R [FYAD]:4 ([FYAD] Decafon) REMOTE SOLD ITEM arifle_Mk20_GL_F FOR 100 POPTABS AND 10 RESPECT | PLAYER TOTAL MONEY: 488
[19:10:54:414062 --7:00] [Thread 1004] PLAYER: ( 76561198002024470 ) R [FYAD]:4 ([FYAD] Decafon) REMOTE SOLD ITEM hgun_Pistol_heavy_01_F FOR 40 POPTABS AND 4 RESPECT | PLAYER TOTAL MONEY: 528
[19:10:55:356660 --7:00] [Thread 9064] PLAYER: ( 76561198002024470 ) R [FYAD]:4 ([FYAD] Decafon) REMOTE SOLD ITEM hgun_P07_F FOR 25 POPTABS AND 2.5 RESPECT | PLAYER TOTAL MONEY: 553
[19:10:56:201764 --7:00] [Thread 1004] PLAYER: ( 76561198002024470 ) R [FYAD]:4 ([FYAD] Decafon) REMOTE SOLD ITEM hgun_P07_F FOR 25 POPTABS AND 2.5 RESPECT | PLAYER TOTAL MONEY: 578
[19:10:57:440686 --7:00] [Thread 9064] PLAYER: ( 76561198002024470 ) R [FYAD]:4 ([FYAD] Decafon) REMOTE SOLD ITEM Exile_Weapon_Makarov FOR 50 POPTABS AND 5 RESPECT | PLAYER TOTAL MONEY: 628
[19:10:59:452042 --7:00] [Thread 1004] PLAYER: ( 76561198002024470 ) R [FYAD]:4 ([FYAD] Decafon) REMOTE SOLD ITEM arifle_Katiba_F FOR 75 POPTABS AND 7.5 RESPECT | PLAYER TOTAL MONEY: 703
[19:11:00:834564 --7:00] [Thread 9064] PLAYER: ( 76561198002024470 ) R [FYAD]:4 ([FYAD] Decafon) REMOTE SOLD ITEM hgun_Rook40_F FOR 25 POPTABS AND 2.5 RESPECT | PLAYER TOTAL MONEY: 728
[19:11:01:873825 --7:00] [Thread 1004] PLAYER: ( 76561198002024470 ) R [FYAD]:4 ([FYAD] Decafon) REMOTE SOLD ITEM CUP_arifle_M16A4_Base FOR 200 POPTABS AND 20 RESPECT | PLAYER TOTAL MONEY: 928
[19:11:03:128933 --7:00] [Thread 9064] PLAYER: ( 76561198002024470 ) R [FYAD]:4 ([FYAD] Decafon) REMOTE SOLD ITEM LMG_Mk200_F FOR 150 POPTABS AND 15 RESPECT | PLAYER TOTAL MONEY: 1078
[19:11:03:921392 --7:00] [Thread 1004] PLAYER: ( 76561198002024470 ) R [FYAD]:4 ([FYAD] Decafon) REMOTE SOLD ITEM CUP_arifle_Mk16_CQC FOR 200 POPTABS AND 20 RESPECT | PLAYER TOTAL MONEY: 1278
[19:11:04:819221 --7:00] [Thread 9064] PLAYER: ( 76561198002024470 ) R [FYAD]:4 ([FYAD] Decafon) REMOTE SOLD ITEM CUP_arifle_Mk17_CQC_EGLM FOR 200 POPTABS AND 20 RESPECT | PLAYER TOTAL MONEY: 1478
[19:11:05:725290 --7:00] [Thread 9064] PLAYER: ( 76561198002024470 ) R [FYAD]:4 ([FYAD] Decafon) REMOTE SOLD ITEM CUP_arifle_M4A1_camo FOR 200 POPTABS AND 20 RESPECT | PLAYER TOTAL MONEY: 1678
[19:11:06:631088 --7:00] [Thread 1004] PLAYER: ( 76561198002024470 ) R [FYAD]:4 ([FYAD] Decafon) REMOTE SOLD ITEM rhsusf_weap_m9 FOR 125 POPTABS AND 12.5 RESPECT | PLAYER TOTAL MONEY: 1803
[19:11:07:366153 --7:00] [Thread 9064] PLAYER: ( 76561198002024470 ) R [FYAD]:4 ([FYAD] Decafon) REMOTE SOLD ITEM hgun_Pistol_heavy_02_F FOR 40 POPTABS AND 4 RESPECT | PLAYER TOTAL MONEY: 1843
[19:11:09:275043 --7:00] [Thread 1004] PLAYER: ( 76561198002024470 ) R [FYAD]:4 ([FYAD] Decafon) REMOTE SOLD ITEM CUP_lmg_Pecheneg FOR 150 POPTABS AND 15 RESPECT | PLAYER TOTAL MONEY: 1993
[19:11:10:279330 --7:00] [Thread 9064] PLAYER: ( 76561198002024470 ) R [FYAD]:4 ([FYAD] Decafon) REMOTE SOLD ITEM LMG_03_F FOR 150 POPTABS AND 15 RESPECT | PLAYER TOTAL MONEY: 2143
[19:11:18:048001 --7:00] [Thread 1004] PLAYER: ( 76561198002024470 ) R [FYAD]:4 ([FYAD] Decafon) REMOTE SOLD ITEM optic_Aco FOR 35 POPTABS AND 3.5 RESPECT | PLAYER TOTAL MONEY: 2178
[19:11:20:110601 --7:00] [Thread 9064] PLAYER: ( 76561198002024470 ) R [FYAD]:4 ([FYAD] Decafon) REMOTE SOLD ITEM H_Shemag_olive FOR 5 POPTABS AND 0.5 RESPECT | PLAYER TOTAL MONEY: 2183
[19:11:21:805683 --7:00] [Thread 1004] PLAYER: ( 76561198002024470 ) R [FYAD]:4 ([FYAD] Decafon) REMOTE SOLD ITEM CUP_optic_HoloWdl FOR 25 POPTABS AND 2.5 RESPECT | PLAYER TOTAL MONEY: 2208
[19:11:24:752292 --7:00] [Thread 9064] PLAYER: ( 76561198002024470 ) R [FYAD]:4 ([FYAD] Decafon) REMOTE SOLD ITEM muzzle_snds_338_black FOR 25 POPTABS AND 2.5 RESPECT | PLAYER TOTAL MONEY: 2233
[19:11:28:586814 --7:00] [Thread 1004] PLAYER: ( 76561198002024470 ) R [FYAD]:4 ([FYAD] Decafon) REMOTE SOLD ITEM U_B_GhillieSuit FOR 50 POPTABS AND 5 RESPECT | PLAYER TOTAL MONEY: 2283
[19:11:31:638248 --7:00] [Thread 9064] PLAYER: ( 76561198002024470 ) R [FYAD]:4 ([FYAD] Decafon) REMOTE SOLD ITEM rhsusf_acc_SpecterDR FOR 100 POPTABS AND 10 RESPECT | PLAYER TOTAL MONEY: 2383
[19:11:33:849453 --7:00] [Thread 1004] PLAYER: ( 76561198002024470 ) R [FYAD]:4 ([FYAD] Decafon) REMOTE SOLD ITEM CUP_optic_LeupoldMk4_CQ_T FOR 25 POPTABS AND 2.5 RESPECT | PLAYER TOTAL MONEY: 2408
[19:11:35:703438 --7:00] [Thread 9064] PLAYER: ( 76561198002024470 ) R [FYAD]:4 ([FYAD] Decafon) REMOTE SOLD ITEM optic_MRCO FOR 50 POPTABS AND 5 RESPECT | PLAYER TOTAL MONEY: 2458
[19:12:59:755598 --7:00] [Thread 1004] PLAYER: ( 76561198002024470 ) R [FYAD]:4 ([FYAD] Decafon) REMOTE SOLD ITEM: CUP_I_Datsun_PK_TK_Random (ID# <null>) with Cargo ["Exile_Item_CatFood_Cooked","CUP_100Rnd_TE4_LRT4_762x54_PK_Tracer_Green_M","CUP_CZ_75_SP_01_PHANTOM","CUP_acc_CZ_M3X","CUP_BAF_AS50_scoped","CUP_optic_SB_3_12x50_PMII","CUP_acc_CZ_M3X","CUP_acc_CZ_M3X","CUP_acc_CZ_M3X","CUP_acc_CZ_M3X","CUP_acc_CZ_M3X","CUP_acc_CZ_M3X","CUP_acc_CZ_M3X","CUP_acc_CZ_M3X","CUP_acc_CZ_M3X","CUP_acc_CZ_M3X","CUP_acc_CZ_M3X","CUP_acc_CZ_M3X","CUP_acc_CZ_M3X","CUP_acc_CZ_M3X","CUP_acc_CZ_M3X","CUP_acc_CZ_M3X","CUP_acc_CZ_M3X","CUP_acc_CZ_M3X","CUP_acc_CZ_M3X","CUP_acc_CZ_M3X","CUP_acc_CZ_M3X","CUP_acc_CZ_M3X","CUP_acc_CZ_M3X","CUP_acc_CZ_M3X","CUP_acc_CZ_M3X","CUP_acc_CZ_M3X","CUP_acc_CZ_M3X","CUP_acc_CZ_M3X","CUP_acc_CZ_M3X","CUP_acc_CZ_M3X","CUP_acc_CZ_M3X","CUP_acc_CZ_M3X","CUP_acc_CZ_M3X","CUP_acc_CZ_M3X","CUP_acc_CZ_M3X","CUP_acc_CZ_M3X","CUP_acc_CZ_M3X","CUP_acc_CZ_M3X","CUP_acc_CZ_M3X","CUP_acc_CZ_M3X","CUP_acc_CZ_M3X","CUP_acc_CZ_M3X","CUP_acc_CZ_M3X","CUP_acc_CZ_M3X","CUP_acc_CZ_M3X","CUP_acc_CZ_M3X","CUP_acc_CZ_M3X","CUP_acc_CZ_M3X","CUP_acc_CZ_M3X","CUP_optic_SB_3_12x50_PMII","CUP_optic_SB_3_12x50_PMII","CUP_optic_SB_3_12x50_PMII","CUP_optic_SB_3_12x50_PMII","CUP_optic_SB_3_12x50_PMII","CUP_optic_SB_3_12x50_PMII","CUP_optic_SB_3_12x50_PMII","CUP_optic_SB_3_12x50_PMII","CUP_optic_SB_3_12x50_PMII","CUP_optic_SB_3_12x50_PMII","CUP_optic_SB_3_12x50_PMII","CUP_optic_SB_3_12x50_PMII","CUP_optic_SB_3_12x50_PMII","CUP_optic_SB_3_12x50_PMII","CUP_optic_SB_3_12x50_PMII","CUP_optic_SB_3_12x50_PMII","CUP_optic_SB_3_12x50_PMII","CUP_optic_SB_3_12x50_PMII","CUP_optic_SB_3_12x50_PMII","CUP_optic_SB_3_12x50_PMII","CUP_optic_SB_3_12x50_PMII","CUP_optic_SB_3_12x50_PMII","CUP_optic_SB_3_12x50_PMII","CUP_optic_SB_3_12x50_PMII","CUP_optic_SB_3_12x50_PMII","CUP_optic_SB_3_12x50_PMII","CUP_optic_SB_3_12x50_PMII","CUP_optic_SB_3_12x50_PMII","CUP_optic_SB_3_12x50_PMII","CUP_optic_SB_3_12x50_PMII","CUP_optic_SB_3_12x50_PMII","CUP_optic_SB_3_12x50_PMII","CUP_optic_SB_3_12x50_PMII","CUP_optic_SB_3_12x50_PMII","CUP_optic_SB_3_12x50_PMII","CUP_optic_SB_3_12x50_PMII","CUP_optic_SB_3_12x50_PMII","CUP_optic_SB_3_12x50_PMII","CUP_optic_SB_3_12x50_PMII","CUP_optic_SB_3_12x50_PMII","CUP_optic_SB_3_12x50_PMII","CUP_optic_SB_3_12x50_PMII","CUP_optic_SB_3_12x50_PMII","CUP_optic_SB_3_12x50_PMII","CUP_optic_SB_3_12x50_PMII","CUP_optic_SB_3_12x50_PMII","CUP_optic_SB_3_12x50_PMII","CUP_optic_SB_3_12x50_PMII","CUP_optic_SB_3_12x50_PMII"] FOR 10250 POPTABS AND 1025 RESPECT | PLAYER TOTAL MONEY: 12708
[19:13:02:730605 --7:00] [Thread 1004] PLAYER: ( 76561197990791038 ) R [FYAD]:3 (Piranhas) REMOTE SOLD ITEM: Exile_Car_UAZ_Open_Green (ID# <null>) with Cargo [] FOR 0 POPTABS AND 0 RESPECT | PLAYER TOTAL MONEY: 0
[19:13:14:599976 --7:00] [Thread 1004] PLAYER: ( 76561197990791038 ) R [FYAD]:3 (Piranhas) REMOTE SOLD ITEM: Exile_Car_UAZ_Open_Green (ID# <null>) with Cargo [] FOR 4000 POPTABS AND 400 RESPECT | PLAYER TOTAL MONEY: 4000
[19:15:31:486900 --7:00] [Thread 6312] PLAYER: ( 76561198013512846 ) R [FYAD]:1 (Brad) REMOTE PURCHASED ITEM rhsusf_5Rnd_300winmag_xm2010 FOR 55 POPTABS | PLAYER TOTAL MONEY: 3357
[19:15:32:111669 --7:00] [Thread 9064] PLAYER: ( 76561198013512846 ) R [FYAD]:1 (Brad) REMOTE PURCHASED ITEM rhsusf_5Rnd_300winmag_xm2010 FOR 55 POPTABS | PLAYER TOTAL MONEY: 3302
[19:15:32:638407 --7:00] [Thread 6312] PLAYER: ( 76561198013512846 ) R [FYAD]:1 (Brad) REMOTE PURCHASED ITEM rhsusf_5Rnd_300winmag_xm2010 FOR 55 POPTABS | PLAYER TOTAL MONEY: 3247
[19:15:33:192691 --7:00] [Thread 9064] PLAYER: ( 76561198013512846 ) R [FYAD]:1 (Brad) REMOTE PURCHASED ITEM rhsusf_5Rnd_300winmag_xm2010 FOR 55 POPTABS | PLAYER TOTAL MONEY: 3192
[19:15:33:848666 --7:00] [Thread 6312] PLAYER: ( 76561198013512846 ) R [FYAD]:1 (Brad) REMOTE PURCHASED ITEM rhsusf_5Rnd_300winmag_xm2010 FOR 55 POPTABS | PLAYER TOTAL MONEY: 3137
[19:15:34:473904 --7:00] [Thread 6312] PLAYER: ( 76561198013512846 ) R [FYAD]:1 (Brad) REMOTE PURCHASED ITEM rhsusf_5Rnd_300winmag_xm2010 FOR 55 POPTABS | PLAYER TOTAL MONEY: 3082
[19:15:35:258693 --7:00] [Thread 9064] PLAYER: ( 76561198013512846 ) R [FYAD]:1 (Brad) REMOTE PURCHASED ITEM rhsusf_5Rnd_300winmag_xm2010 FOR 55 POPTABS | PLAYER TOTAL MONEY: 3027
[19:15:36:747116 --7:00] [Thread 6312] PLAYER: ( 76561198013512846 ) R [FYAD]:1 (Brad) REMOTE PURCHASED ITEM rhsusf_5Rnd_300winmag_xm2010 FOR 55 POPTABS | PLAYER TOTAL MONEY: 2972
[19:15:40:278910 --7:00] [Thread 9064] PLAYER: ( 76561198013512846 ) R [FYAD]:1 (Brad) REMOTE PURCHASED ITEM 16Rnd_9x21_Mag FOR 20 POPTABS | PLAYER TOTAL MONEY: 2952
[19:15:41:019701 --7:00] [Thread 6312] PLAYER: ( 76561198013512846 ) R [FYAD]:1 (Brad) REMOTE PURCHASED ITEM 16Rnd_9x21_Mag FOR 20 POPTABS | PLAYER TOTAL MONEY: 2932
[19:17:13:427690 --7:00] [Thread 9064] PLAYER: ( 76561198002024470 ) R [FYAD]:4 ([FYAD] Decafon) REMOTE PURCHASED ITEM SmokeShell FOR 6 POPTABS | PLAYER TOTAL MONEY: 8202
[19:17:14:942009 --7:00] [Thread 6312] PLAYER: ( 76561198002024470 ) R [FYAD]:4 ([FYAD] Decafon) REMOTE PURCHASED ITEM SmokeShell FOR 6 POPTABS | PLAYER TOTAL MONEY: 8196
[19:17:15:667235 --7:00] [Thread 6312] PLAYER: ( 76561198002024470 ) R [FYAD]:4 ([FYAD] Decafon) REMOTE PURCHASED ITEM SmokeShell FOR 6 POPTABS | PLAYER TOTAL MONEY: 8190
[19:17:16:480933 --7:00] [Thread 9064] PLAYER: ( 76561198002024470 ) R [FYAD]:4 ([FYAD] Decafon) REMOTE PURCHASED ITEM SmokeShell FOR 6 POPTABS | PLAYER TOTAL MONEY: 8184
[19:17:52:598996 --7:00] [Thread 6312] PLAYER: ( 76561198002024470 ) R [FYAD]:4 ([FYAD] Decafon) REMOTE PURCHASED ITEM CUP_muzzle_snds_M16 FOR 20 POPTABS | PLAYER TOTAL MONEY: 8164
[19:17:58:885013 --7:00] [Thread 9064] PLAYER: ( 76561198002024470 ) R [FYAD]:4 ([FYAD] Decafon) REMOTE PURCHASED ITEM CUP_7Rnd_45ACP_1911 FOR 8 POPTABS | PLAYER TOTAL MONEY: 8156
[19:17:59:636534 --7:00] [Thread 6312] PLAYER: ( 76561198002024470 ) R [FYAD]:4 ([FYAD] Decafon) REMOTE PURCHASED ITEM CUP_7Rnd_45ACP_1911 FOR 8 POPTABS | PLAYER TOTAL MONEY: 8148
[19:18:00:382726 --7:00] [Thread 1004] PLAYER: ( 76561198042091159 ) R FYAD:1 (Mac) REMOTE SOLD ITEM hlc_smg_mp5a4 FOR 500 POPTABS AND 50 RESPECT | PLAYER TOTAL MONEY: 500
[19:18:04:039204 --7:00] [Thread 6312] PLAYER: ( 76561198042091159 ) R FYAD:1 (Mac) REMOTE SOLD ITEM ItemRadio FOR 20 POPTABS AND 2 RESPECT | PLAYER TOTAL MONEY: 520
[19:18:44:491192 --7:00] [Thread 9064] PLAYER: ( 76561198002024470 ) R [FYAD]:4 ([FYAD] Decafon) REMOTE PURCHASED ITEM acc_flashlight FOR 4 POPTABS | PLAYER TOTAL MONEY: 8144
[19:21:04:831317 --7:00] [Thread 6312] PLAYER: ( 76561198013512846 ) R [FYAD]:1 (Brad) REMOTE SOLD ITEM Exile_Item_InstaDoc FOR 625 POPTABS AND 62.5 RESPECT | PLAYER TOTAL MONEY: 3557
[19:25:30:994036 --7:00] [Thread 1004] PLAYER: ( 76561198013512846 ) R [FYAD]:1 (Brad) REMOTE PURCHASED ITEM CUP_glaunch_Mk13 FOR 1000 POPTABS | PLAYER TOTAL MONEY: 2557
[19:25:38:874325 --7:00] [Thread 6928] PLAYER: ( 76561198067886078 ) R [FYAD]:5 (Paper Airplane) REMOTE SOLD ITEM B_HuntingBackpack FOR 35 POPTABS AND 3.5 RESPECT | PLAYER TOTAL MONEY: 35
[19:25:40:697313 --7:00] [Thread 1004] PLAYER: ( 76561198067886078 ) R [FYAD]:5 (Paper Airplane) REMOTE SOLD ITEM B_AssaultPack_blk FOR 45 POPTABS AND 4.5 RESPECT | PLAYER TOTAL MONEY: 80
[19:25:41:988993 --7:00] [Thread 4804] PLAYER: ( 76561198067886078 ) R [FYAD]:5 (Paper Airplane) REMOTE SOLD ITEM B_AssaultPack_blk FOR 45 POPTABS AND 4.5 RESPECT | PLAYER TOTAL MONEY: 125
[19:25:43:159149 --7:00] [Thread 1004] PLAYER: ( 76561198067886078 ) R [FYAD]:5 (Paper Airplane) REMOTE SOLD ITEM B_AssaultPack_rgr FOR 45 POPTABS AND 4.5 RESPECT | PLAYER TOTAL MONEY: 170
[19:25:46:272048 --7:00] [Thread 1004] PLAYER: ( 76561198067886078 ) R [FYAD]:5 (Paper Airplane) REMOTE SOLD ITEM B_AssaultPack_dgtl FOR 45 POPTABS AND 4.5 RESPECT | PLAYER TOTAL MONEY: 215
[19:25:49:150662 --7:00] [Thread 1004] PLAYER: ( 76561198067886078 ) R [FYAD]:5 (Paper Airplane) REMOTE SOLD ITEM B_AssaultPack_khk FOR 45 POPTABS AND 4.5 RESPECT | PLAYER TOTAL MONEY: 260
[19:25:50:412635 --7:00] [Thread 1004] PLAYER: ( 76561198067886078 ) R [FYAD]:5 (Paper Airplane) REMOTE SOLD ITEM B_AssaultPack_blk FOR 45 POPTABS AND 4.5 RESPECT | PLAYER TOTAL MONEY: 305
[19:25:51:569398 --7:00] [Thread 1004] PLAYER: ( 76561198067886078 ) R [FYAD]:5 (Paper Airplane) REMOTE SOLD ITEM B_AssaultPack_dgtl FOR 45 POPTABS AND 4.5 RESPECT | PLAYER TOTAL MONEY: 350
[19:25:52:527469 --7:00] [Thread 1004] PLAYER: ( 76561198067886078 ) R [FYAD]:5 (Paper Airplane) REMOTE SOLD ITEM B_OutdoorPack_tan FOR 40 POPTABS AND 4 RESPECT | PLAYER TOTAL MONEY: 390
[19:25:55:057667 --7:00] [Thread 1004] PLAYER: ( 76561198067886078 ) R [FYAD]:5 (Paper Airplane) REMOTE SOLD ITEM B_OutdoorPack_blu FOR 40 POPTABS AND 4 RESPECT | PLAYER TOTAL MONEY: 430
[19:25:55:935913 --7:00] [Thread 1004] PLAYER: ( 76561198067886078 ) R [FYAD]:5 (Paper Airplane) REMOTE SOLD ITEM B_AssaultPack_sgg FOR 45 POPTABS AND 4.5 RESPECT | PLAYER TOTAL MONEY: 475
[19:25:58:197798 --7:00] [Thread 1004] PLAYER: ( 76561198002024470 ) R [FYAD]:4 ([FYAD] Decafon) REMOTE PURCHASED VEHICLE rhs_uaz_vdv FOR 1700 POPTABS | PLAYER TOTAL MONEY: 6444
[19:25:58:574852 --7:00] [Thread 1004] PLAYER: ( 76561198067886078 ) R [FYAD]:5 (Paper Airplane) REMOTE SOLD ITEM B_OutdoorPack_blk FOR 40 POPTABS AND 4 RESPECT | PLAYER TOTAL MONEY: 515
[19:26:02:128231 --7:00] [Thread 1004] PLAYER: ( 76561198067886078 ) R [FYAD]:5 (Paper Airplane) REMOTE SOLD ITEM B_OutdoorPack_tan FOR 40 POPTABS AND 4 RESPECT | PLAYER TOTAL MONEY: 555
[19:27:12:513967 --7:00] [Thread 1004] PLAYER: ( 76561198067886078 ) R [FYAD]:5 (Paper Airplane) REMOTE SOLD ITEM B_AssaultPack_mcamo FOR 45 POPTABS AND 4.5 RESPECT | PLAYER TOTAL MONEY: 600
[19:27:29:358290 --7:00] [Thread 6928] PLAYER: ( 76561198067886078 ) R [FYAD]:5 (Paper Airplane) REMOTE SOLD ITEM Exile_Item_LightBulb FOR 10 POPTABS AND 1 RESPECT | PLAYER TOTAL MONEY: 610
[19:27:33:268951 --7:00] [Thread 6928] PLAYER: ( 76561198067886078 ) R [FYAD]:5 (Paper Airplane) REMOTE SOLD ITEM FlareYellow_F FOR 3 POPTABS AND 0.3 RESPECT | PLAYER TOTAL MONEY: 613
[19:27:47:900196 --7:00] [Thread 6928] PLAYER: ( 76561198067886078 ) R [FYAD]:5 (Paper Airplane) REMOTE SOLD ITEM Exile_Magazine_8Rnd_74Slug FOR 10 POPTABS AND 1 RESPECT | PLAYER TOTAL MONEY: 623
[19:27:49:882736 --7:00] [Thread 6928] PLAYER: ( 76561198067886078 ) R [FYAD]:5 (Paper Airplane) REMOTE SOLD ITEM Exile_Magazine_8Rnd_74Slug FOR 10 POPTABS AND 1 RESPECT | PLAYER TOTAL MONEY: 633
[19:27:51:412410 --7:00] [Thread 6928] PLAYER: ( 76561198067886078 ) R [FYAD]:5 (Paper Airplane) REMOTE SOLD ITEM Exile_Magazine_8Rnd_74Slug FOR 10 POPTABS AND 1 RESPECT | PLAYER TOTAL MONEY: 643
[19:27:52:679287 --7:00] [Thread 6928] PLAYER: ( 76561198067886078 ) R [FYAD]:5 (Paper Airplane) REMOTE SOLD ITEM Exile_Magazine_8Rnd_74Slug FOR 10 POPTABS AND 1 RESPECT | PLAYER TOTAL MONEY: 653
[19:27:59:529039 --7:00] [Thread 6928] PLAYER: ( 76561198067886078 ) R [FYAD]:5 (Paper Airplane) REMOTE SOLD ITEM FlareYellow_F FOR 3 POPTABS AND 0.3 RESPECT | PLAYER TOTAL MONEY: 656
[19:28:04:020649 --7:00] [Thread 6928] PLAYER: ( 76561198067886078 ) R [FYAD]:5 (Paper Airplane) REMOTE SOLD ITEM Exile_Magazine_8Rnd_74Slug FOR 10 POPTABS AND 1 RESPECT | PLAYER TOTAL MONEY: 666
[19:28:05:130844 --7:00] [Thread 6928] PLAYER: ( 76561198067886078 ) R [FYAD]:5 (Paper Airplane) REMOTE SOLD ITEM Exile_Magazine_8Rnd_74Slug FOR 10 POPTABS AND 1 RESPECT | PLAYER TOTAL MONEY: 676
[19:28:06:084027 --7:00] [Thread 1004] PLAYER: ( 76561198002024470 ) R [FYAD]:4 ([FYAD] Decafon) REMOTE PURCHASED ITEM 30Rnd_556x45_Stanag_Tracer_Red FOR 20 POPTABS | PLAYER TOTAL MONEY: 6424
[19:28:06:832214 --7:00] [Thread 1004] PLAYER: ( 76561198002024470 ) R [FYAD]:4 ([FYAD] Decafon) REMOTE PURCHASED ITEM 30Rnd_556x45_Stanag_Tracer_Red FOR 20 POPTABS | PLAYER TOTAL MONEY: 6404
[19:28:08:237704 --7:00] [Thread 6928] PLAYER: ( 76561198067886078 ) R [FYAD]:5 (Paper Airplane) REMOTE SOLD ITEM Exile_Item_Can_Empty FOR 1 POPTABS AND 0.1 RESPECT | PLAYER TOTAL MONEY: 677
[19:28:08:288331 --7:00] [Thread 6928] PLAYER: ( 76561198002024470 ) R [FYAD]:4 ([FYAD] Decafon) REMOTE PURCHASED ITEM 30Rnd_556x45_Stanag_Tracer_Red FOR 20 POPTABS | PLAYER TOTAL MONEY: 6384
[19:28:09:881133 --7:00] [Thread 6928] PLAYER: ( 76561198002024470 ) R [FYAD]:4 ([FYAD] Decafon) REMOTE PURCHASED ITEM 30Rnd_556x45_Stanag FOR 20 POPTABS | PLAYER TOTAL MONEY: 6364
[19:28:12:298434 --7:00] [Thread 4804] PLAYER: ( 76561198067886078 ) R [FYAD]:5 (Paper Airplane) REMOTE SOLD ITEM 6Rnd_GreenSignal_F FOR 15 POPTABS AND 1.5 RESPECT | PLAYER TOTAL MONEY: 692
[19:28:17:875446 --7:00] [Thread 6928] PLAYER: ( 76561198067886078 ) R [FYAD]:5 (Paper Airplane) REMOTE SOLD ITEM rhs_mag_9x19mm_7n31_44 FOR 25 POPTABS AND 2.5 RESPECT | PLAYER TOTAL MONEY: 717
[19:28:18:300190 --7:00] [Thread 1004] PLAYER: ( 76561198002024470 ) R [FYAD]:4 ([FYAD] Decafon) REMOTE PURCHASED ITEM 30Rnd_556x45_Stanag FOR 20 POPTABS | PLAYER TOTAL MONEY: 6344
[19:28:18:987303 --7:00] [Thread 1004] PLAYER: ( 76561198002024470 ) R [FYAD]:4 ([FYAD] Decafon) REMOTE PURCHASED ITEM 30Rnd_556x45_Stanag FOR 20 POPTABS | PLAYER TOTAL MONEY: 6324
[19:28:19:821651 --7:00] [Thread 1004] PLAYER: ( 76561198002024470 ) R [FYAD]:4 ([FYAD] Decafon) REMOTE PURCHASED ITEM 30Rnd_556x45_Stanag FOR 20 POPTABS | PLAYER TOTAL MONEY: 6304
[19:28:20:439876 --7:00] [Thread 1004] PLAYER: ( 76561198002024470 ) R [FYAD]:4 ([FYAD] Decafon) REMOTE PURCHASED ITEM 30Rnd_556x45_Stanag FOR 20 POPTABS | PLAYER TOTAL MONEY: 6284
[19:28:20:708144 --7:00] [Thread 6928] PLAYER: ( 76561198067886078 ) R [FYAD]:5 (Paper Airplane) REMOTE SOLD ITEM 11Rnd_45ACP_Mag FOR 4 POPTABS AND 0.4 RESPECT | PLAYER TOTAL MONEY: 721
[19:28:21:672660 --7:00] [Thread 6928] PLAYER: ( 76561198067886078 ) R [FYAD]:5 (Paper Airplane) REMOTE SOLD ITEM FlareYellow_F FOR 3 POPTABS AND 0.3 RESPECT | PLAYER TOTAL MONEY: 724
[19:28:22:054600 --7:00] [Thread 1004] PLAYER: ( 76561198002024470 ) R [FYAD]:4 ([FYAD] Decafon) REMOTE PURCHASED ITEM 30Rnd_556x45_Stanag FOR 20 POPTABS | PLAYER TOTAL MONEY: 6264
[19:28:34:174671 --7:00] [Thread 6928] PLAYER: ( 76561198067886078 ) R [FYAD]:5 (Paper Airplane) REMOTE SOLD ITEM hlc_smg_mp5a2 FOR 450 POPTABS AND 45 RESPECT | PLAYER TOTAL MONEY: 1174
[19:28:40:877462 --7:00] [Thread 1004] PLAYER: ( 76561198013512846 ) R [FYAD]:1 (Brad) REMOTE PURCHASED ITEM rhs_mag_rdg2_black FOR 80 POPTABS | PLAYER TOTAL MONEY: 2477
[19:28:42:934944 --7:00] [Thread 6928] PLAYER: ( 76561198067886078 ) R [FYAD]:5 (Paper Airplane) REMOTE SOLD ITEM hgun_Rook40_F FOR 25 POPTABS AND 2.5 RESPECT | PLAYER TOTAL MONEY: 1199
[19:28:45:377102 --7:00] [Thread 6928] PLAYER: ( 76561198067886078 ) R [FYAD]:5 (Paper Airplane) REMOTE SOLD ITEM hgun_Rook40_F FOR 25 POPTABS AND 2.5 RESPECT | PLAYER TOTAL MONEY: 1224
[19:28:48:996982 --7:00] [Thread 6928] PLAYER: ( 76561198067886078 ) R [FYAD]:5 (Paper Airplane) REMOTE SOLD ITEM optic_Aco FOR 35 POPTABS AND 3.5 RESPECT | PLAYER TOTAL MONEY: 1259
[19:28:52:759944 --7:00] [Thread 6928] PLAYER: ( 76561198067886078 ) R [FYAD]:5 (Paper Airplane) REMOTE SOLD ITEM optic_Holosight_smg FOR 25 POPTABS AND 2.5 RESPECT | PLAYER TOTAL MONEY: 1284
[19:28:55:309602 --7:00] [Thread 6928] PLAYER: ( 76561198067886078 ) R [FYAD]:5 (Paper Airplane) REMOTE SOLD ITEM optic_Aco_smg FOR 35 POPTABS AND 3.5 RESPECT | PLAYER TOTAL MONEY: 1319
[19:28:56:123576 --7:00] [Thread 6928] PLAYER: ( 76561198067886078 ) R [FYAD]:5 (Paper Airplane) REMOTE SOLD ITEM optic_ACO_grn_smg FOR 35 POPTABS AND 3.5 RESPECT | PLAYER TOTAL MONEY: 1354
[19:28:57:067350 --7:00] [Thread 4804] PLAYER: ( 76561198067886078 ) R [FYAD]:5 (Paper Airplane) REMOTE SOLD ITEM optic_ACO_grn_smg FOR 35 POPTABS AND 3.5 RESPECT | PLAYER TOTAL MONEY: 1389
[19:28:58:069306 --7:00] [Thread 6928] PLAYER: ( 76561198067886078 ) R [FYAD]:5 (Paper Airplane) REMOTE SOLD ITEM optic_ACO_grn FOR 35 POPTABS AND 3.5 RESPECT | PLAYER TOTAL MONEY: 1424
[19:28:59:424184 --7:00] [Thread 6928] PLAYER: ( 76561198067886078 ) R [FYAD]:5 (Paper Airplane) REMOTE SOLD ITEM ItemRadio FOR 20 POPTABS AND 2 RESPECT | PLAYER TOTAL MONEY: 1444
[19:29:00:272881 --7:00] [Thread 4804] PLAYER: ( 76561198067886078 ) R [FYAD]:5 (Paper Airplane) REMOTE SOLD ITEM ItemRadio FOR 20 POPTABS AND 2 RESPECT | PLAYER TOTAL MONEY: 1464
[19:29:01:214117 --7:00] [Thread 6928] PLAYER: ( 76561198067886078 ) R [FYAD]:5 (Paper Airplane) REMOTE SOLD ITEM ItemRadio FOR 20 POPTABS AND 2 RESPECT | PLAYER TOTAL MONEY: 1484
[19:29:02:145683 --7:00] [Thread 6928] PLAYER: ( 76561198067886078 ) R [FYAD]:5 (Paper Airplane) REMOTE SOLD ITEM H_ShemagOpen_tan FOR 5 POPTABS AND 0.5 RESPECT | PLAYER TOTAL MONEY: 1489
[19:29:02:940341 --7:00] [Thread 6928] PLAYER: ( 76561198067886078 ) R [FYAD]:5 (Paper Airplane) REMOTE SOLD ITEM ItemMap FOR 3 POPTABS AND 0.3 RESPECT | PLAYER TOTAL MONEY: 1492
[19:29:03:668548 --7:00] [Thread 6928] PLAYER: ( 76561198067886078 ) R [FYAD]:5 (Paper Airplane) REMOTE SOLD ITEM ItemMap FOR 3 POPTABS AND 0.3 RESPECT | PLAYER TOTAL MONEY: 1495
[19:29:04:453977 --7:00] [Thread 6928] PLAYER: ( 76561198067886078 ) R [FYAD]:5 (Paper Airplane) REMOTE SOLD ITEM ItemCompass FOR 3 POPTABS AND 0.3 RESPECT | PLAYER TOTAL MONEY: 1498
[19:29:05:185719 --7:00] [Thread 6928] PLAYER: ( 76561198067886078 ) R [FYAD]:5 (Paper Airplane) REMOTE SOLD ITEM ItemCompass FOR 3 POPTABS AND 0.3 RESPECT | PLAYER TOTAL MONEY: 1501
[19:29:05:861416 --7:00] [Thread 6928] PLAYER: ( 76561198067886078 ) R [FYAD]:5 (Paper Airplane) REMOTE SOLD ITEM ItemCompass FOR 3 POPTABS AND 0.3 RESPECT | PLAYER TOTAL MONEY: 1504
[19:29:07:528864 --7:00] [Thread 4804] PLAYER: ( 76561198067886078 ) R [FYAD]:5 (Paper Airplane) REMOTE SOLD ITEM ItemWatch FOR 1 POPTABS AND 0.1 RESPECT | PLAYER TOTAL MONEY: 1505
[19:29:08:296539 --7:00] [Thread 6928] PLAYER: ( 76561198067886078 ) R [FYAD]:5 (Paper Airplane) REMOTE SOLD ITEM ItemWatch FOR 1 POPTABS AND 0.1 RESPECT | PLAYER TOTAL MONEY: 1506
[19:29:09:041920 --7:00] [Thread 6928] PLAYER: ( 76561198067886078 ) R [FYAD]:5 (Paper Airplane) REMOTE SOLD ITEM ItemWatch FOR 1 POPTABS AND 0.1 RESPECT | PLAYER TOTAL MONEY: 1507
[19:29:11:918288 --7:00] [Thread 4804] PLAYER: ( 76561198067886078 ) R [FYAD]:5 (Paper Airplane) REMOTE SOLD ITEM V_BandollierB_cbr FOR 10 POPTABS AND 1 RESPECT | PLAYER TOTAL MONEY: 1517
[19:29:13:001433 --7:00] [Thread 6928] PLAYER: ( 76561198067886078 ) R [FYAD]:5 (Paper Airplane) REMOTE SOLD ITEM V_BandollierB_cbr FOR 10 POPTABS AND 1 RESPECT | PLAYER TOTAL MONEY: 1527
[19:29:17:560378 --7:00] [Thread 6928] PLAYER: ( 76561198067886078 ) R [FYAD]:5 (Paper Airplane) REMOTE SOLD ITEM U_I_C_Soldier_Para_4_F FOR 15 POPTABS AND 1.5 RESPECT | PLAYER TOTAL MONEY: 1542
[19:30:52:688425 --7:00] [Thread 4804] PLAYER: ( 76561198002024470 ) R [FYAD]:4 ([FYAD] Decafon) REMOTE PURCHASED ITEM Exile_Item_MountainDupe FOR 30 POPTABS | PLAYER TOTAL MONEY: 6234
[19:30:53:285890 --7:00] [Thread 4804] PLAYER: ( 76561198002024470 ) R [FYAD]:4 ([FYAD] Decafon) REMOTE PURCHASED ITEM Exile_Item_MountainDupe FOR 30 POPTABS | PLAYER TOTAL MONEY: 6204
[19:30:53:969133 --7:00] [Thread 4804] PLAYER: ( 76561198002024470 ) R [FYAD]:4 ([FYAD] Decafon) REMOTE PURCHASED ITEM Exile_Item_MountainDupe FOR 30 POPTABS | PLAYER TOTAL MONEY: 6174
[19:30:59:904897 --7:00] [Thread 4804] PLAYER: ( 76561198002024470 ) R [FYAD]:4 ([FYAD] Decafon) REMOTE PURCHASED ITEM Exile_Item_Noodles FOR 14 POPTABS | PLAYER TOTAL MONEY: 6160
[19:31:00:456038 --7:00] [Thread 4804] PLAYER: ( 76561198002024470 ) R [FYAD]:4 ([FYAD] Decafon) REMOTE PURCHASED ITEM Exile_Item_Noodles FOR 14 POPTABS | PLAYER TOTAL MONEY: 6146
[19:31:01:056806 --7:00] [Thread 4804] PLAYER: ( 76561198002024470 ) R [FYAD]:4 ([FYAD] Decafon) REMOTE PURCHASED ITEM Exile_Item_Noodles FOR 14 POPTABS | PLAYER TOTAL MONEY: 6132
[19:31:01:551502 --7:00] [Thread 4804] PLAYER: ( 76561198002024470 ) R [FYAD]:4 ([FYAD] Decafon) REMOTE PURCHASED ITEM Exile_Item_Noodles FOR 14 POPTABS | PLAYER TOTAL MONEY: 6118
[19:31:02:114992 --7:00] [Thread 4804] PLAYER: ( 76561198002024470 ) R [FYAD]:4 ([FYAD] Decafon) REMOTE PURCHASED ITEM Exile_Item_Noodles FOR 14 POPTABS | PLAYER TOTAL MONEY: 6104
[19:39:26:194909 --7:00] [Thread 6928] PLAYER: ( 76561198067886078 ) R [FYAD]:5 (Paper Airplane) REMOTE SOLD ITEM Exile_Weapon_M1014 FOR 100 POPTABS AND 10 RESPECT | PLAYER TOTAL MONEY: 1642
[19:39:30:660045 --7:00] [Thread 4804] PLAYER: ( 76561198067886078 ) R [FYAD]:5 (Paper Airplane) REMOTE SOLD ITEM hlc_smg_mp5a4 FOR 450 POPTABS AND 45 RESPECT | PLAYER TOTAL MONEY: 2092
[19:39:33:854882 --7:00] [Thread 4804] PLAYER: ( 76561198067886078 ) R [FYAD]:5 (Paper Airplane) REMOTE SOLD ITEM hgun_Pistol_heavy_01_F FOR 40 POPTABS AND 4 RESPECT | PLAYER TOTAL MONEY: 2132
[19:39:40:295774 --7:00] [Thread 4804] PLAYER: ( 76561198067886078 ) R [FYAD]:5 (Paper Airplane) REMOTE SOLD ITEM arifle_MXC_khk_F FOR 175 POPTABS AND 17.5 RESPECT | PLAYER TOTAL MONEY: 2307
[19:39:46:669625 --7:00] [Thread 4804] PLAYER: ( 76561198067886078 ) R [FYAD]:5 (Paper Airplane) REMOTE SOLD ITEM optic_Yorris FOR 5 POPTABS AND 0.5 RESPECT | PLAYER TOTAL MONEY: 2312
[19:39:48:683281 --7:00] [Thread 4804] PLAYER: ( 76561198067886078 ) R [FYAD]:5 (Paper Airplane) REMOTE SOLD ITEM G_Shades_Black FOR 3 POPTABS AND 0.3 RESPECT | PLAYER TOTAL MONEY: 2315
[19:39:54:586542 --7:00] [Thread 4804] PLAYER: ( 76561198067886078 ) R [FYAD]:5 (Paper Airplane) REMOTE SOLD ITEM muzzle_snds_acp FOR 5 POPTABS AND 0.5 RESPECT | PLAYER TOTAL MONEY: 2320
[19:40:00:066110 --7:00] [Thread 4804] PLAYER: ( 76561198067886078 ) R [FYAD]:5 (Paper Airplane) REMOTE SOLD ITEM Chemlight_red FOR 1 POPTABS AND 0.1 RESPECT | PLAYER TOTAL MONEY: 2321
[19:40:13:289696 --7:00] [Thread 4804] PLAYER: ( 76561198067886078 ) R [FYAD]:5 (Paper Airplane) REMOTE SOLD ITEM B_TacticalPack_mcamo FOR 75 POPTABS AND 7.5 RESPECT | PLAYER TOTAL MONEY: 2396
[19:40:14:569919 --7:00] [Thread 4804] PLAYER: ( 76561198067886078 ) R [FYAD]:5 (Paper Airplane) REMOTE SOLD ITEM B_TacticalPack_blk FOR 75 POPTABS AND 7.5 RESPECT | PLAYER TOTAL MONEY: 2471
[19:40:19:514643 --7:00] [Thread 4804] PLAYER: ( 76561198067886078 ) R [FYAD]:5 (Paper Airplane) REMOTE SOLD ITEM CUP_20Rnd_TE1_Green_Tracer_762x51_SCAR FOR 5 POPTABS AND 0.5 RESPECT | PLAYER TOTAL MONEY: 2476
[19:40:24:175739 --7:00] [Thread 4804] PLAYER: ( 76561198067886078 ) R [FYAD]:5 (Paper Airplane) REMOTE SOLD ITEM rhsusf_mag_40Rnd_46x30_AP FOR 30 POPTABS AND 3 RESPECT | PLAYER TOTAL MONEY: 2506
[19:40:31:091072 --7:00] [Thread 4804] PLAYER: ( 76561198067886078 ) R [FYAD]:5 (Paper Airplane) REMOTE SOLD ITEM rhsusf_mag_40Rnd_46x30_FMJ FOR 30 POPTABS AND 3 RESPECT | PLAYER TOTAL MONEY: 2536
[19:41:31:093583 --7:00] [Thread 6928] PLAYER: ( 76561198067886078 ) R [FYAD]:5 (Paper Airplane) REMOTE PURCHASED ITEM arifle_SPAR_01_blk_F FOR 400 POPTABS | PLAYER TOTAL MONEY: 2136
[19:42:13:284470 --7:00] [Thread 6928] PLAYER: ( 76561198067886078 ) R [FYAD]:5 (Paper Airplane) REMOTE PURCHASED ITEM hlc_50rnd_556x45_EPR FOR 60 POPTABS | PLAYER TOTAL MONEY: 2076
[19:42:14:269886 --7:00] [Thread 6928] PLAYER: ( 76561198067886078 ) R [FYAD]:5 (Paper Airplane) REMOTE PURCHASED ITEM hlc_50rnd_556x45_EPR FOR 60 POPTABS | PLAYER TOTAL MONEY: 2016
[19:42:15:285781 --7:00] [Thread 6928] PLAYER: ( 76561198067886078 ) R [FYAD]:5 (Paper Airplane) REMOTE PURCHASED ITEM hlc_50rnd_556x45_EPR FOR 60 POPTABS | PLAYER TOTAL MONEY: 1956
[19:43:58:616304 --7:00] [Thread 6928] PLAYER: ( 76561198067886078 ) R [FYAD]:5 (Paper Airplane) REMOTE PURCHASED ITEM CUP_V_BAF_Osprey_Mk4_MTP_SquadLeader FOR 80 POPTABS | PLAYER TOTAL MONEY: 1876
[19:44:16:312319 --7:00] [Thread 4804] PLAYER: ( 76561198067886078 ) R [FYAD]:5 (Paper Airplane) REMOTE SOLD ITEM V_BandollierB_khk FOR 10 POPTABS AND 1 RESPECT | PLAYER TOTAL MONEY: 1886
[19:44:56:260182 --7:00] [Thread 1004] PLAYER: ( 76561198067886078 ) R [FYAD]:5 (Paper Airplane) REMOTE PURCHASED ITEM optic_ERCO_blk_F FOR 125 POPTABS | PLAYER TOTAL MONEY: 1761
[19:45:24:841794 --7:00] [Thread 4804] PLAYER: ( 76561198067886078 ) R [FYAD]:5 (Paper Airplane) REMOTE PURCHASED ITEM muzzle_snds_m_snd_F FOR 15 POPTABS | PLAYER TOTAL MONEY: 1746
[19:45:58:811437 --7:00] [Thread 4804] PLAYER: ( 76561198067886078 ) R [FYAD]:5 (Paper Airplane) REMOTE PURCHASED ITEM hlc_50rnd_556x45_EPR FOR 60 POPTABS | PLAYER TOTAL MONEY: 1686
[19:46:33:989640 --7:00] [Thread 6928] PLAYER: ( 76561198067886078 ) R [FYAD]:5 (Paper Airplane) REMOTE SOLD ITEM B_Kitbag_sgg FOR 100 POPTABS AND 10 RESPECT | PLAYER TOTAL MONEY: 1786
[19:46:36:138622 --7:00] [Thread 4804] PLAYER: ( 76561198067886078 ) R [FYAD]:5 (Paper Airplane) REMOTE SOLD ITEM B_Kitbag_sgg FOR 100 POPTABS AND 10 RESPECT | PLAYER TOTAL MONEY: 1886
[19:46:43:138587 --7:00] [Thread 4804] PLAYER: ( 76561198067886078 ) R [FYAD]:5 (Paper Airplane) REMOTE SOLD ITEM hlc_30Rnd_9x19_SD_MP5 FOR 15 POPTABS AND 1.5 RESPECT | PLAYER TOTAL MONEY: 1901
[19:46:44:415367 --7:00] [Thread 4804] PLAYER: ( 76561198067886078 ) R [FYAD]:5 (Paper Airplane) REMOTE SOLD ITEM hlc_30Rnd_9x19_SD_MP5 FOR 15 POPTABS AND 1.5 RESPECT | PLAYER TOTAL MONEY: 1916
[19:46:45:564540 --7:00] [Thread 4804] PLAYER: ( 76561198067886078 ) R [FYAD]:5 (Paper Airplane) REMOTE SOLD ITEM hlc_30Rnd_9x19_GD_MP5 FOR 15 POPTABS AND 1.5 RESPECT | PLAYER TOTAL MONEY: 1931
[19:48:31:882842 --7:00] [Thread 6928] PLAYER: ( 76561198067886078 ) R [FYAD]:5 (Paper Airplane) REMOTE PURCHASED ITEM CUP_H_BAF_Helmet_4_DDPM FOR 60 POPTABS | PLAYER TOTAL MONEY: 1871
[19:50:59:422844 --7:00] [Thread 6928] PLAYER: ( 76561198067886078 ) R [FYAD]:5 (Paper Airplane) REMOTE PURCHASED ITEM Exile_Item_Noodles FOR 14 POPTABS | PLAYER TOTAL MONEY: 1857
[19:51:01:867861 --7:00] [Thread 6928] PLAYER: ( 76561198067886078 ) R [FYAD]:5 (Paper Airplane) REMOTE PURCHASED ITEM Exile_Item_Noodles FOR 14 POPTABS | PLAYER TOTAL MONEY: 1843
[19:51:02:880767 --7:00] [Thread 6928] PLAYER: ( 76561198067886078 ) R [FYAD]:5 (Paper Airplane) REMOTE PURCHASED ITEM Exile_Item_Noodles FOR 14 POPTABS | PLAYER TOTAL MONEY: 1829
[19:51:21:149125 --7:00] [Thread 4804] PLAYER: ( 76561198067886078 ) R [FYAD]:5 (Paper Airplane) REMOTE SOLD ITEM B_Kitbag_cbr FOR 100 POPTABS AND 10 RESPECT | PLAYER TOTAL MONEY: 1929
[19:51:23:987686 --7:00] [Thread 6928] PLAYER: ( 76561198067886078 ) R [FYAD]:5 (Paper Airplane) REMOTE SOLD ITEM B_Kitbag_mcamo FOR 100 POPTABS AND 10 RESPECT | PLAYER TOTAL MONEY: 2029
[19:51:26:249829 --7:00] [Thread 4804] PLAYER: ( 76561198067886078 ) R [FYAD]:5 (Paper Airplane) REMOTE SOLD ITEM Exile_Item_CatFood FOR 12 POPTABS AND 1.2 RESPECT | PLAYER TOTAL MONEY: 2041
[19:51:29:033581 --7:00] [Thread 6928] PLAYER: ( 76561198067886078 ) R [FYAD]:5 (Paper Airplane) REMOTE SOLD ITEM Exile_Item_Vishpirin FOR 150 POPTABS AND 15 RESPECT | PLAYER TOTAL MONEY: 2191
[19:51:31:124993 --7:00] [Thread 4804] PLAYER: ( 76561198067886078 ) R [FYAD]:5 (Paper Airplane) REMOTE SOLD ITEM Exile_Item_Matches FOR 30 POPTABS AND 3 RESPECT | PLAYER TOTAL MONEY: 2221
[19:51:33:327215 --7:00] [Thread 6928] PLAYER: ( 76561198067886078 ) R [FYAD]:5 (Paper Airplane) REMOTE SOLD ITEM Exile_Item_DogFood FOR 9 POPTABS AND 0.9 RESPECT | PLAYER TOTAL MONEY: 2230
[19:51:35:142769 --7:00] [Thread 4804] PLAYER: ( 76561198067886078 ) R [FYAD]:5 (Paper Airplane) REMOTE SOLD ITEM Exile_Item_ChristmasTinner FOR 10 POPTABS AND 1 RESPECT | PLAYER TOTAL MONEY: 2240
[19:51:36:911917 --7:00] [Thread 6928] PLAYER: ( 76561198067886078 ) R [FYAD]:5 (Paper Airplane) REMOTE SOLD ITEM Exile_Magazine_6Rnd_45ACP FOR 10 POPTABS AND 1 RESPECT | PLAYER TOTAL MONEY: 2250
[19:51:42:307848 --7:00] [Thread 4804] PLAYER: ( 76561198067886078 ) R [FYAD]:5 (Paper Airplane) REMOTE SOLD ITEM 200Rnd_65x39_cased_Box FOR 15 POPTABS AND 1.5 RESPECT | PLAYER TOTAL MONEY: 2265
[19:51:44:402097 --7:00] [Thread 6928] PLAYER: ( 76561198067886078 ) R [FYAD]:5 (Paper Airplane) REMOTE SOLD ITEM 30Rnd_65x39_caseless_mag FOR 10 POPTABS AND 1 RESPECT | PLAYER TOTAL MONEY: 2275
[19:51:46:490733 --7:00] [Thread 4804] PLAYER: ( 76561198067886078 ) R [FYAD]:5 (Paper Airplane) REMOTE SOLD ITEM 30Rnd_65x39_caseless_mag FOR 10 POPTABS AND 1 RESPECT | PLAYER TOTAL MONEY: 2285
[19:51:50:105092 --7:00] [Thread 6928] PLAYER: ( 76561198067886078 ) R [FYAD]:5 (Paper Airplane) REMOTE SOLD ITEM arifle_MXM_khk_F FOR 250 POPTABS AND 25 RESPECT | PLAYER TOTAL MONEY: 2535
[19:51:51:284912 --7:00] [Thread 4804] PLAYER: ( 76561198067886078 ) R [FYAD]:5 (Paper Airplane) REMOTE SOLD ITEM arifle_MXM_khk_F FOR 250 POPTABS AND 25 RESPECT | PLAYER TOTAL MONEY: 2785
[19:51:52:137428 --7:00] [Thread 6928] PLAYER: ( 76561198067886078 ) R [FYAD]:5 (Paper Airplane) REMOTE SOLD ITEM LMG_Mk200_F FOR 150 POPTABS AND 15 RESPECT | PLAYER TOTAL MONEY: 2935
[19:51:53:352522 --7:00] [Thread 4804] PLAYER: ( 76561198067886078 ) R [FYAD]:5 (Paper Airplane) REMOTE SOLD ITEM arifle_MXM_F FOR 275 POPTABS AND 27.5 RESPECT | PLAYER TOTAL MONEY: 3210
[19:51:54:539114 --7:00] [Thread 6928] PLAYER: ( 76561198067886078 ) R [FYAD]:5 (Paper Airplane) REMOTE SOLD ITEM arifle_MXM_Black_F FOR 275 POPTABS AND 27.5 RESPECT | PLAYER TOTAL MONEY: 3485
[19:51:58:488476 --7:00] [Thread 4804] PLAYER: ( 76561198067886078 ) R [FYAD]:5 (Paper Airplane) REMOTE SOLD ITEM muzzle_snds_B_khk_F FOR 25 POPTABS AND 2.5 RESPECT | PLAYER TOTAL MONEY: 3510
[19:52:01:422067 --7:00] [Thread 6928] PLAYER: ( 76561198067886078 ) R [FYAD]:5 (Paper Airplane) REMOTE SOLD ITEM muzzle_snds_B FOR 10 POPTABS AND 1 RESPECT | PLAYER TOTAL MONEY: 3520
[19:52:04:173104 --7:00] [Thread 4804] PLAYER: ( 76561198067886078 ) R [FYAD]:5 (Paper Airplane) REMOTE SOLD ITEM H_Beret_blk_POLICE FOR 3 POPTABS AND 0.3 RESPECT | PLAYER TOTAL MONEY: 3523
[19:52:05:092833 --7:00] [Thread 6928] PLAYER: ( 76561198067886078 ) R [FYAD]:5 (Paper Airplane) REMOTE SOLD ITEM optic_Holosight_smg FOR 25 POPTABS AND 2.5 RESPECT | PLAYER TOTAL MONEY: 3548
[20:16:35:646437 --7:00] [Thread 5976] PLAYER: ( 76561198067886078 ) R FYAD:6 (Paper Airplane) REMOTE PURCHASED ITEM hlc_50rnd_556x45_EPR FOR 60 POPTABS | PLAYER TOTAL MONEY: 3488
[20:16:36:784619 --7:00] [Thread 2368] PLAYER: ( 76561198067886078 ) R FYAD:6 (Paper Airplane) REMOTE PURCHASED ITEM hlc_50rnd_556x45_EPR FOR 60 POPTABS | PLAYER TOTAL MONEY: 3428
[18:03:50:846118 --7:00] [Thread 2440] PLAYER: ( 76561198013512846 ) R FYAD:4 (Brad) REMOTE SOLD ITEM: CUP_B_HMMWV_Unarmed_USMC (ID# <null>) with Cargo ["3Rnd_UGL_FlareRed_F","Exile_Item_Raisins","Exile_Item_Handsaw","Exile_Item_MetalBoard","rhsusf_100Rnd_762x51_m82_blank","rhsusf_100Rnd_762x51_m82_blank","rhsusf_100Rnd_762x51_m82_blank","rhsusf_100Rnd_762x51_m82_blank","Exile_Item_ZipTie","Exile_Item_ZipTie","rhs_weap_m240B","rhs_weap_m24sws_blk","rhsusf_5Rnd_762x51_m62_Mag","optic_KHS_hex","rhs_6b23_digi_6sh92_headset","CUP_optic_CWS","rhs_acc_grip_rk2","Exile_Headgear_GasMask"] FOR 8835 POPTABS AND 883.5 RESPECT | PLAYER TOTAL MONEY: 8835
[18:04:48:585324 --7:00] [Thread 2440] PLAYER: ( 76561198013512846 ) R FYAD:4 (Brad) REMOTE SOLD ITEM HandGrenade FOR 20 POPTABS AND 2 RESPECT | PLAYER TOTAL MONEY: 8855
[18:04:53:479597 --7:00] [Thread 896] PLAYER: ( 76561198013512846 ) R FYAD:4 (Brad) REMOTE SOLD ITEM HandGrenade FOR 20 POPTABS AND 2 RESPECT | PLAYER TOTAL MONEY: 8875
[18:04:57:924347 --7:00] [Thread 7576] PLAYER: ( 76561198013512846 ) R FYAD:4 (Brad) REMOTE SOLD ITEM muzzle_snds_93mmg FOR 25 POPTABS AND 2.5 RESPECT | PLAYER TOTAL MONEY: 8900
[18:05:16:475240 --7:00] [Thread 2440] PLAYER: ( 76561198013512846 ) R FYAD:4 (Brad) REMOTE PURCHASED ITEM hlc_30rnd_556x45_EPR_G36 FOR 30 POPTABS | PLAYER TOTAL MONEY: 8870
[18:05:17:633213 --7:00] [Thread 7576] PLAYER: ( 76561198013512846 ) R FYAD:4 (Brad) REMOTE PURCHASED ITEM hlc_30rnd_556x45_EPR_G36 FOR 30 POPTABS | PLAYER TOTAL MONEY: 8840
[18:05:18:490178 --7:00] [Thread 2440] PLAYER: ( 76561198013512846 ) R FYAD:4 (Brad) REMOTE PURCHASED ITEM hlc_30rnd_556x45_EPR_G36 FOR 30 POPTABS | PLAYER TOTAL MONEY: 8810
[18:05:23:124864 --7:00] [Thread 7576] PLAYER: ( 76561198013512846 ) R FYAD:4 (Brad) REMOTE PURCHASED ITEM CUP_7Rnd_45ACP_1911 FOR 8 POPTABS | PLAYER TOTAL MONEY: 8802
[18:49:18:484198 --7:00] [Thread 2440] PLAYER: ( 76561198013512846 ) R FYAD:1 (Brad) REMOTE PURCHASED ITEM Exile_Item_Noodles FOR 14 POPTABS | PLAYER TOTAL MONEY: 4986
[18:49:19:455827 --7:00] [Thread 7576] PLAYER: ( 76561198013512846 ) R FYAD:1 (Brad) REMOTE PURCHASED ITEM Exile_Item_Noodles FOR 14 POPTABS | PLAYER TOTAL MONEY: 4972
[18:49:58:635187 --7:00] [Thread 896] PLAYER: ( 76561198013512846 ) R FYAD:1 (Brad) REMOTE PURCHASED VEHICLE RHS_UAZ_MSV_01 FOR 1700 POPTABS | PLAYER TOTAL MONEY: 3272
[18:57:07:308006 --7:00] [Thread 896] PLAYER: ( 76561198067886078 ) R FYAD:2 (Paper Airplane) REMOTE SOLD ITEM hlc_rifle_awMagnum_FDE_ghillie FOR 500 POPTABS AND 50 RESPECT | PLAYER TOTAL MONEY: 500
[18:57:10:608869 --7:00] [Thread 7576] PLAYER: ( 76561198067886078 ) R FYAD:2 (Paper Airplane) REMOTE SOLD ITEM hlc_5rnd_300WM_mk248_AWM FOR 15 POPTABS AND 1.5 RESPECT | PLAYER TOTAL MONEY: 515
[18:57:11:607662 --7:00] [Thread 2440] PLAYER: ( 76561198067886078 ) R FYAD:2 (Paper Airplane) REMOTE SOLD ITEM ItemRadio FOR 20 POPTABS AND 2 RESPECT | PLAYER TOTAL MONEY: 535
[18:57:12:953854 --7:00] [Thread 896] PLAYER: ( 76561198067886078 ) R FYAD:2 (Paper Airplane) REMOTE SOLD ITEM Exile_Item_XM8 FOR 10 POPTABS AND 1 RESPECT | PLAYER TOTAL MONEY: 545
[18:57:14:230337 --7:00] [Thread 7576] PLAYER: ( 76561198067886078 ) R FYAD:2 (Paper Airplane) REMOTE SOLD ITEM ItemCompass FOR 3 POPTABS AND 0.3 RESPECT | PLAYER TOTAL MONEY: 548
[18:57:19:965481 --7:00] [Thread 896] PLAYER: ( 76561198067886078 ) R FYAD:2 (Paper Airplane) REMOTE SOLD ITEM B_OutdoorPack_blu FOR 40 POPTABS AND 4 RESPECT | PLAYER TOTAL MONEY: 588
[18:57:27:398095 --7:00] [Thread 7576] PLAYER: ( 76561198067886078 ) R FYAD:2 (Paper Airplane) REMOTE SOLD ITEM hlc_50rnd_556x45_EPR FOR 30 POPTABS AND 3 RESPECT | PLAYER TOTAL MONEY: 618
[18:57:28:702303 --7:00] [Thread 7576] PLAYER: ( 76561198067886078 ) R FYAD:2 (Paper Airplane) REMOTE SOLD ITEM hlc_50rnd_556x45_EPR FOR 30 POPTABS AND 3 RESPECT | PLAYER TOTAL MONEY: 648
[18:57:31:267137 --7:00] [Thread 2440] PLAYER: ( 76561198067886078 ) R FYAD:2 (Paper Airplane) REMOTE SOLD ITEM hlc_50rnd_556x45_EPR FOR 30 POPTABS AND 3 RESPECT | PLAYER TOTAL MONEY: 678
[18:58:34:753034 --7:00] [Thread 2440] PLAYER: ( 76561198067886078 ) R FYAD:2 (Paper Airplane) REMOTE PURCHASED ITEM 30Rnd_556x45_Stanag_Tracer_Green FOR 20 POPTABS | PLAYER TOTAL MONEY: 658
[18:58:35:824187 --7:00] [Thread 896] PLAYER: ( 76561198067886078 ) R FYAD:2 (Paper Airplane) REMOTE PURCHASED ITEM 30Rnd_556x45_Stanag_Tracer_Green FOR 20 POPTABS | PLAYER TOTAL MONEY: 638
[18:58:36:847191 --7:00] [Thread 2440] PLAYER: ( 76561198067886078 ) R FYAD:2 (Paper Airplane) REMOTE PURCHASED ITEM 30Rnd_556x45_Stanag_Tracer_Green FOR 20 POPTABS | PLAYER TOTAL MONEY: 618
[18:58:37:987892 --7:00] [Thread 896] PLAYER: ( 76561198067886078 ) R FYAD:2 (Paper Airplane) REMOTE PURCHASED ITEM 30Rnd_556x45_Stanag_Tracer_Green FOR 20 POPTABS | PLAYER TOTAL MONEY: 598
[18:58:39:023899 --7:00] [Thread 2440] PLAYER: ( 76561198067886078 ) R FYAD:2 (Paper Airplane) REMOTE PURCHASED ITEM 30Rnd_556x45_Stanag_Tracer_Green FOR 20 POPTABS | PLAYER TOTAL MONEY: 578
[19:10:19:403242 --7:00] [Thread 7576] PLAYER: ( 76561198013512846 ) R FYAD:5 (Brad) REMOTE SOLD ITEM: CUP_O_Ural_Open_CHDKZ (ID# <null>) with Cargo [] FOR 6250 POPTABS AND 625 RESPECT | PLAYER TOTAL MONEY: 6250
[19:10:38:817644 --7:00] [Thread 7576] PLAYER: ( 76561198013512846 ) R FYAD:5 (Brad) REMOTE PURCHASED VEHICLE C_Kart_01_F FOR 1100 POPTABS | PLAYER TOTAL MONEY: 5150
[19:29:54:454567 --7:00] [Thread 2440] PLAYER: ( 76561198008098306 ) R FYAD:6 (Aquila) REMOTE SOLD ITEM B_ViperLightHarness_blk_F FOR 100 POPTABS AND 10 RESPECT | PLAYER TOTAL MONEY: 100
[19:29:59:398540 --7:00] [Thread 896] PLAYER: ( 76561198008098306 ) R FYAD:6 (Aquila) REMOTE SOLD ITEM 10Rnd_127x54_Mag FOR 15 POPTABS AND 1.5 RESPECT | PLAYER TOTAL MONEY: 115
[19:30:03:168426 --7:00] [Thread 2440] PLAYER: ( 76561198008098306 ) R FYAD:6 (Aquila) REMOTE SOLD ITEM 10Rnd_127x54_Mag FOR 15 POPTABS AND 1.5 RESPECT | PLAYER TOTAL MONEY: 130
[19:30:05:020526 --7:00] [Thread 2440] PLAYER: ( 76561198008098306 ) R FYAD:6 (Aquila) REMOTE SOLD ITEM CUP_100Rnd_TE4_Green_Tracer_556x45_M249 FOR 25 POPTABS AND 2.5 RESPECT | PLAYER TOTAL MONEY: 155
[19:30:15:721026 --7:00] [Thread 896] PLAYER: ( 76561198008098306 ) R FYAD:6 (Aquila) REMOTE SOLD ITEM U_I_FullGhillie_ard FOR 75 POPTABS AND 7.5 RESPECT | PLAYER TOTAL MONEY: 230
[19:30:18:425739 --7:00] [Thread 2440] PLAYER: ( 76561198008098306 ) R FYAD:6 (Aquila) REMOTE SOLD ITEM CUP_U_B_FR_Scout1 FOR 40 POPTABS AND 4 RESPECT | PLAYER TOTAL MONEY: 270
[19:30:28:189725 --7:00] [Thread 896] PLAYER: ( 76561198008098306 ) R FYAD:6 (Aquila) REMOTE SOLD ITEM 1Rnd_SmokePurple_Grenade_shell FOR 4 POPTABS AND 0.4 RESPECT | PLAYER TOTAL MONEY: 274
[19:30:32:852866 --7:00] [Thread 7576] PLAYER: ( 76561198008098306 ) R FYAD:6 (Aquila) REMOTE SOLD ITEM 1Rnd_SmokeOrange_Grenade_shell FOR 4 POPTABS AND 0.4 RESPECT | PLAYER TOTAL MONEY: 278
[19:30:35:003533 --7:00] [Thread 2440] PLAYER: ( 76561198008098306 ) R FYAD:6 (Aquila) REMOTE SOLD ITEM APERSMine_Range_Mag FOR 300 POPTABS AND 30 RESPECT | PLAYER TOTAL MONEY: 578
[19:30:45:490387 --7:00] [Thread 7576] PLAYER: ( 76561198008098306 ) R FYAD:6 (Aquila) REMOTE SOLD ITEM 1Rnd_SmokeGreen_Grenade_shell FOR 4 POPTABS AND 0.4 RESPECT | PLAYER TOTAL MONEY: 582
[19:30:47:619535 --7:00] [Thread 2440] PLAYER: ( 76561198008098306 ) R FYAD:6 (Aquila) REMOTE SOLD ITEM rhs_mag_m716_yellow FOR 25 POPTABS AND 2.5 RESPECT | PLAYER TOTAL MONEY: 607
[19:30:54:321306 --7:00] [Thread 896] PLAYER: ( 76561198008098306 ) R FYAD:6 (Aquila) REMOTE SOLD ITEM 7Rnd_408_Mag FOR 5 POPTABS AND 0.5 RESPECT | PLAYER TOTAL MONEY: 612
[19:30:58:073988 --7:00] [Thread 2440] PLAYER: ( 76561198008098306 ) R FYAD:6 (Aquila) REMOTE SOLD ITEM CUP_30Rnd_9x19_UZI FOR 5 POPTABS AND 0.5 RESPECT | PLAYER TOTAL MONEY: 617
[19:31:00:104893 --7:00] [Thread 896] PLAYER: ( 76561198008098306 ) R FYAD:6 (Aquila) REMOTE SOLD ITEM 5Rnd_127x108_APDS_Mag FOR 25 POPTABS AND 2.5 RESPECT | PLAYER TOTAL MONEY: 642
[19:31:01:575145 --7:00] [Thread 2440] PLAYER: ( 76561198008098306 ) R FYAD:6 (Aquila) REMOTE SOLD ITEM rhsusf_mag_40Rnd_46x30_FMJ FOR 30 POPTABS AND 3 RESPECT | PLAYER TOTAL MONEY: 672
[19:31:06:231540 --7:00] [Thread 896] PLAYER: ( 76561198008098306 ) R FYAD:6 (Aquila) REMOTE SOLD ITEM 20Rnd_762x51_Mag FOR 10 POPTABS AND 1 RESPECT | PLAYER TOTAL MONEY: 682
[19:31:13:407066 --7:00] [Thread 7576] PLAYER: ( 76561198008098306 ) R FYAD:6 (Aquila) REMOTE SOLD ITEM hlc_rifle_akm FOR 500 POPTABS AND 50 RESPECT | PLAYER TOTAL MONEY: 1182
[19:31:23:506316 --7:00] [Thread 2440] PLAYER: ( 76561198008098306 ) R FYAD:6 (Aquila) REMOTE SOLD ITEM optic_KHS_old FOR 150 POPTABS AND 15 RESPECT | PLAYER TOTAL MONEY: 1332
[19:31:32:807824 --7:00] [Thread 896] PLAYER: ( 76561198008098306 ) R FYAD:6 (Aquila) REMOTE SOLD ITEM U_I_C_Soldier_Para_5_F FOR 15 POPTABS AND 1.5 RESPECT | PLAYER TOTAL MONEY: 1347
[19:31:58:016170 --7:00] [Thread 2440] PLAYER: ( 76561198008098306 ) R FYAD:6 (Aquila) REMOTE SOLD ITEM CUP_smg_EVO FOR 125 POPTABS AND 12.5 RESPECT | PLAYER TOTAL MONEY: 1472
[19:32:00:516459 --7:00] [Thread 896] PLAYER: ( 76561198008098306 ) R FYAD:6 (Aquila) REMOTE SOLD ITEM CUP_30Rnd_9x19_EVO FOR 5 POPTABS AND 0.5 RESPECT | PLAYER TOTAL MONEY: 1477
[19:33:08:235044 --7:00] [Thread 896] PLAYER: ( 76561198008098306 ) R FYAD:6 (Aquila) REMOTE PURCHASED ITEM CUP_20Rnd_762x51_B_M110 FOR 10 POPTABS | PLAYER TOTAL MONEY: 1467
[19:33:11:541686 --7:00] [Thread 896] PLAYER: ( 76561198008098306 ) R FYAD:6 (Aquila) REMOTE PURCHASED ITEM CUP_20Rnd_762x51_B_M110 FOR 10 POPTABS | PLAYER TOTAL MONEY: 1457
[19:34:44:113419 --7:00] [Thread 7576] PLAYER: ( 76561198008098306 ) R FYAD:6 (Aquila) REMOTE SOLD ITEM Chemlight_red FOR 1 POPTABS AND 0.1 RESPECT | PLAYER TOTAL MONEY: 1458
[19:34:57:867044 --7:00] [Thread 2440] PLAYER: ( 76561198008098306 ) R FYAD:6 (Aquila) REMOTE SOLD ITEM CUP_20Rnd_762x51_B_M110 FOR 5 POPTABS AND 0.5 RESPECT | PLAYER TOTAL MONEY: 1463
[19:35:00:045055 --7:00] [Thread 7576] PLAYER: ( 76561198008098306 ) R FYAD:6 (Aquila) REMOTE SOLD ITEM CUP_20Rnd_762x51_B_M110 FOR 5 POPTABS AND 0.5 RESPECT | PLAYER TOTAL MONEY: 1468
[19:35:19:180175 --7:00] [Thread 2440] PLAYER: ( 76561198008098306 ) R FYAD:6 (Aquila) REMOTE PURCHASED ITEM CUP_20Rnd_TE1_Green_Tracer_762x51_M110 FOR 10 POPTABS | PLAYER TOTAL MONEY: 1458
[19:35:21:033471 --7:00] [Thread 896] PLAYER: ( 76561198008098306 ) R FYAD:6 (Aquila) REMOTE PURCHASED ITEM CUP_20Rnd_TE1_Green_Tracer_762x51_M110 FOR 10 POPTABS | PLAYER TOTAL MONEY: 1448
[19:35:31:829251 --7:00] [Thread 2440] PLAYER: ( 76561198008098306 ) R FYAD:6 (Aquila) REMOTE PURCHASED ITEM CUP_20Rnd_TE1_Green_Tracer_762x51_M110 FOR 10 POPTABS | PLAYER TOTAL MONEY: 1438
[19:37:14:041928 --7:00] [Thread 896] PLAYER: ( 76561198008098306 ) R FYAD:6 (Aquila) REMOTE PURCHASED ITEM Exile_Item_Noodles FOR 14 POPTABS | PLAYER TOTAL MONEY: 1424
[19:37:15:776327 --7:00] [Thread 896] PLAYER: ( 76561198008098306 ) R FYAD:6 (Aquila) REMOTE PURCHASED ITEM Exile_Item_Noodles FOR 14 POPTABS | PLAYER TOTAL MONEY: 1410
[19:37:24:832670 --7:00] [Thread 2440] PLAYER: ( 76561198008098306 ) R FYAD:6 (Aquila) REMOTE PURCHASED ITEM Exile_Item_Noodles FOR 14 POPTABS | PLAYER TOTAL MONEY: 1396
[19:38:32:604593 --7:00] [Thread 896] PLAYER: ( 76561198008098306 ) R FYAD:6 (Aquila) REMOTE PURCHASED ITEM Exile_Item_CanOpener FOR 80 POPTABS | PLAYER TOTAL MONEY: 1316
[19:39:18:753833 --7:00] [Thread 2440] PLAYER: ( 76561198008098306 ) R FYAD:6 (Aquila) REMOTE PURCHASED ITEM CUP_B_USMC_MOLLE FOR 200 POPTABS | PLAYER TOTAL MONEY: 1116
[19:40:10:945490 --7:00] [Thread 2440] PLAYER: ( 76561198008098306 ) R FYAD:6 (Aquila) REMOTE SOLD ITEM B_Kitbag_cbr FOR 100 POPTABS AND 10 RESPECT | PLAYER TOTAL MONEY: 1216
[19:43:27:568218 --7:00] [Thread 7576] PLAYER: ( 76561198008098306 ) R FYAD:6 (Aquila) REMOTE SOLD ITEM hlc_75Rnd_762x39_m_rpk FOR 35 POPTABS AND 3.5 RESPECT | PLAYER TOTAL MONEY: 1251
[19:43:30:832981 --7:00] [Thread 896] PLAYER: ( 76561198008098306 ) R FYAD:6 (Aquila) REMOTE SOLD ITEM hlc_75Rnd_762x39_m_rpk FOR 35 POPTABS AND 3.5 RESPECT | PLAYER TOTAL MONEY: 1286
[19:43:52:394454 --7:00] [Thread 7576] PLAYER: ( 76561197990791038 ) R Alpha 2-1:1 (Piranhas) REMOTE SOLD ITEM: CUP_O_Ural_Reammo_CHDKZ (ID# <null>) with Cargo [] FOR 0 POPTABS AND 0 RESPECT | PLAYER TOTAL MONEY: 0
[19:44:57:601446 --7:00] [Thread 7576] PLAYER: ( 76561197990791038 ) R Alpha 2-1:1 (Piranhas) REMOTE PURCHASED VEHICLE Exile_Bike_OldBike FOR 40 POPTABS | PLAYER TOTAL MONEY: 0
[19:46:08:073239 --7:00] [Thread 7576] PLAYER: ( 76561198008098306 ) R FYAD:6 (Aquila) REMOTE SOLD ITEM FlareWhite_F FOR 3 POPTABS AND 0.3 RESPECT | PLAYER TOTAL MONEY: 1289
[19:46:12:049024 --7:00] [Thread 896] PLAYER: ( 76561198008098306 ) R FYAD:6 (Aquila) REMOTE SOLD ITEM FlareGreen_F FOR 3 POPTABS AND 0.3 RESPECT | PLAYER TOTAL MONEY: 1292
[19:46:14:702984 --7:00] [Thread 896] PLAYER: ( 76561198008098306 ) R FYAD:6 (Aquila) REMOTE SOLD ITEM FlareYellow_F FOR 3 POPTABS AND 0.3 RESPECT | PLAYER TOTAL MONEY: 1295
[19:46:18:154252 --7:00] [Thread 896] PLAYER: ( 76561198008098306 ) R FYAD:6 (Aquila) REMOTE SOLD ITEM muzzle_snds_L FOR 5 POPTABS AND 0.5 RESPECT | PLAYER TOTAL MONEY: 1300
[19:46:20:795971 --7:00] [Thread 7576] PLAYER: ( 76561198008098306 ) R FYAD:6 (Aquila) REMOTE SOLD ITEM muzzle_snds_acp FOR 5 POPTABS AND 0.5 RESPECT | PLAYER TOTAL MONEY: 1305
[19:46:23:544073 --7:00] [Thread 896] PLAYER: ( 76561198008098306 ) R FYAD:6 (Aquila) REMOTE SOLD ITEM muzzle_snds_338_black FOR 25 POPTABS AND 2.5 RESPECT | PLAYER TOTAL MONEY: 1330
[19:46:26:267750 --7:00] [Thread 896] PLAYER: ( 76561198008098306 ) R FYAD:6 (Aquila) REMOTE SOLD ITEM muzzle_snds_B FOR 10 POPTABS AND 1 RESPECT | PLAYER TOTAL MONEY: 1340
[19:46:28:297429 --7:00] [Thread 7576] PLAYER: ( 76561198008098306 ) R FYAD:6 (Aquila) REMOTE SOLD ITEM rhsusf_acc_grip1 FOR 50 POPTABS AND 5 RESPECT | PLAYER TOTAL MONEY: 1390
[19:46:31:286044 --7:00] [Thread 896] PLAYER: ( 76561198008098306 ) R FYAD:6 (Aquila) REMOTE SOLD ITEM optic_MRD FOR 5 POPTABS AND 0.5 RESPECT | PLAYER TOTAL MONEY: 1395
[19:47:10:588834 --7:00] [Thread 7576] PLAYER: ( 76561198008098306 ) R FYAD:6 (Aquila) REMOTE PURCHASED ITEM hlc_30rnd_556x45_SOST_G36 FOR 30 POPTABS | PLAYER TOTAL MONEY: 1365
[19:47:12:217922 --7:00] [Thread 2440] PLAYER: ( 76561198008098306 ) R FYAD:6 (Aquila) REMOTE PURCHASED ITEM hlc_30rnd_556x45_SOST_G36 FOR 30 POPTABS | PLAYER TOTAL MONEY: 1335
[19:49:09:759437 --7:00] [Thread 896] PLAYER: ( 76561197990791038 ) R Alpha 2-1:1 (Piranhas) REMOTE SOLD ITEM: Exile_Car_UAZ_Open_Green (ID# <null>) with Cargo [] FOR 4000 POPTABS AND 400 RESPECT | PLAYER TOTAL MONEY: 4000
[19:49:31:365495 --7:00] [Thread 896] PLAYER: ( 76561197990791038 ) R Alpha 2-1:1 (Piranhas) REMOTE PURCHASED VEHICLE Exile_Bike_OldBike FOR 40 POPTABS | PLAYER TOTAL MONEY: 3960
[19:53:18:866083 --7:00] [Thread 2440] PLAYER: ( 76561198008098306 ) R FYAD:6 (Aquila) REMOTE PURCHASED ITEM Exile_Item_DuctTape FOR 300 POPTABS | PLAYER TOTAL MONEY: 1035
[19:54:35:958120 --7:00] [Thread 1632] PLAYER: ( 76561197990791038 ) R Alpha 2-1:1 (Piranhas) REMOTE SOLD ITEM: Exile_Bike_OldBike (ID# 11) with Cargo [] FOR 20 POPTABS AND 2 RESPECT | PLAYER TOTAL MONEY: 3980
[19:55:56:625257 --7:00] [Thread 1632] PLAYER: ( 76561197990791038 ) R Alpha 2-1:1 (Piranhas) REMOTE SOLD ITEM: rhs_uaz_open_vv (ID# 4) with Cargo ["Exile_Item_Noodles","Exile_Item_Noodles","Exile_Item_EnergyDrink","Exile_Item_EnergyDrink","Exile_Item_EnergyDrink","Exile_Item_Noodles","Exile_Item_Noodles","Exile_Magazine_10Rnd_93x64_DMR_05_Bullet_Cam_Mag","Exile_Item_DuctTape"] FOR 1088 POPTABS AND 108.8 RESPECT | PLAYER TOTAL MONEY: 8553
[19:59:08:359866 --7:00] [Thread 896] PLAYER: ( 76561197990791038 ) R Alpha 2-1:1 (Piranhas) REMOTE PURCHASED VEHICLE CUP_B_MH6J_USA FOR 17000 POPTABS | PLAYER TOTAL MONEY: 0
[20:04:00:239984 --7:00] [Thread 896] PLAYER: ( 76561198013512846 ) R FYAD:1 (Brad) REMOTE SOLD ITEM 10Rnd_50BW_Mag_F FOR 17 POPTABS AND 1.7 RESPECT | PLAYER TOTAL MONEY: 17
[20:04:07:164520 --7:00] [Thread 2440] PLAYER: ( 76561198013512846 ) R FYAD:1 (Brad) REMOTE SOLD ITEM 1Rnd_HE_Grenade_shell FOR 35 POPTABS AND 3.5 RESPECT | PLAYER TOTAL MONEY: 52
[20:04:08:847746 --7:00] [Thread 896] PLAYER: ( 76561198013512846 ) R FYAD:1 (Brad) REMOTE SOLD ITEM Exile_Magazine_8Rnd_74Slug FOR 10 POPTABS AND 1 RESPECT | PLAYER TOTAL MONEY: 62
[20:08:05:115187 --7:00] [Thread 2440] PLAYER: ( 76561197990791038 ) R FYAD:4 (Piranhas) REMOTE PURCHASED VEHICLE Exile_Bike_OldBike FOR 40 POPTABS | PLAYER TOTAL MONEY: 0
[20:17:02:380780 --7:00] [Thread 8832] PLAYER: ( 76561198013512846 ) R FYAD:1 (Brad) REMOTE PURCHASED ITEM CUP_srifle_M24_wdl FOR 1500 POPTABS | PLAYER TOTAL MONEY: 1562
[20:17:34:887010 --7:00] [Thread 7576] PLAYER: ( 76561198013512846 ) R FYAD:1 (Brad) REMOTE SOLD ITEM optic_AMS FOR 150 POPTABS AND 15 RESPECT | PLAYER TOTAL MONEY: 1712
[20:18:12:531076 --7:00] [Thread 8832] PLAYER: ( 76561198013512846 ) R FYAD:1 (Brad) REMOTE PURCHASED ITEM CUP_optic_LeupoldMk4_10x40_LRT_Woodland FOR 50 POPTABS | PLAYER TOTAL MONEY: 1662
[20:18:38:259482 --7:00] [Thread 7576] PLAYER: ( 76561198013512846 ) R FYAD:1 (Brad) REMOTE PURCHASED ITEM CUP_5Rnd_762x51_M24 FOR 10 POPTABS | PLAYER TOTAL MONEY: 1652
[20:18:38:829884 --7:00] [Thread 8832] PLAYER: ( 76561198013512846 ) R FYAD:1 (Brad) REMOTE PURCHASED ITEM CUP_5Rnd_762x51_M24 FOR 10 POPTABS | PLAYER TOTAL MONEY: 1642
[20:18:39:434176 --7:00] [Thread 7576] PLAYER: ( 76561198013512846 ) R FYAD:1 (Brad) REMOTE PURCHASED ITEM CUP_5Rnd_762x51_M24 FOR 10 POPTABS | PLAYER TOTAL MONEY: 1632
[20:18:40:113863 --7:00] [Thread 8832] PLAYER: ( 76561198013512846 ) R FYAD:1 (Brad) REMOTE PURCHASED ITEM CUP_5Rnd_762x51_M24 FOR 10 POPTABS | PLAYER TOTAL MONEY: 1622
[20:18:40:990238 --7:00] [Thread 7576] PLAYER: ( 76561198013512846 ) R FYAD:1 (Brad) REMOTE PURCHASED ITEM CUP_5Rnd_762x51_M24 FOR 10 POPTABS | PLAYER TOTAL MONEY: 1612
[20:19:11:144739 --7:00] [Thread 2440] PLAYER: ( 76561197990791038 ) R FYAD:4 (Piranhas) REMOTE SOLD ITEM: Exile_Bike_QuadBike_Fia (ID# <null>) with Cargo [] FOR 1250 POPTABS AND 125 RESPECT | PLAYER TOTAL MONEY: 1250
[20:19:24:398730 --7:00] [Thread 7576] PLAYER: ( 76561198013512846 ) R FYAD:1 (Brad) REMOTE PURCHASED ITEM CUP_optic_AN_PVS_10 FOR 50 POPTABS | PLAYER TOTAL MONEY: 1562
[20:21:59:266513 --7:00] [Thread 8832] PLAYER: ( 76561198013512846 ) R FYAD:1 (Brad) REMOTE PURCHASED ITEM CUP_U_B_USMC_Ghillie_WDL FOR 80 POPTABS | PLAYER TOTAL MONEY: 1482
[20:22:42:206156 --7:00] [Thread 2440] PLAYER: ( 76561198013512846 ) R FYAD:1 (Brad) REMOTE SOLD ITEM CUP_U_B_USMC_Ghillie_WDL FOR 40 POPTABS AND 4 RESPECT | PLAYER TOTAL MONEY: 1522
[20:23:20:938594 --7:00] [Thread 8832] PLAYER: ( 76561198013512846 ) R FYAD:1 (Brad) REMOTE PURCHASED ITEM CUP_U_B_GER_Fleck_Ghillie FOR 80 POPTABS | PLAYER TOTAL MONEY: 1442
[20:23:41:637159 --7:00] [Thread 7576] PLAYER: ( 76561198013512846 ) R FYAD:1 (Brad) REMOTE SOLD ITEM CUP_U_B_GER_Fleck_Ghillie FOR 40 POPTABS AND 4 RESPECT | PLAYER TOTAL MONEY: 1482
[20:24:16:270111 --7:00] [Thread 8832] PLAYER: ( 76561198013512846 ) R FYAD:1 (Brad) REMOTE PURCHASED ITEM U_Rangemaster FOR 40 POPTABS | PLAYER TOTAL MONEY: 1442
[20:25:24:312949 --7:00] [Thread 7576] PLAYER: ( 76561198013512846 ) R FYAD:1 (Brad) REMOTE PURCHASED ITEM Binocular FOR 40 POPTABS | PLAYER TOTAL MONEY: 1402
[20:25:25:581475 --7:00] [Thread 8832] PLAYER: ( 76561198013512846 ) R FYAD:1 (Brad) REMOTE PURCHASED ITEM Exile_Item_CanOpener FOR 80 POPTABS | PLAYER TOTAL MONEY: 1322
[20:26:52:666577 --7:00] [Thread 8832] PLAYER: ( 76561198013512846 ) R FYAD:1 (Brad) REMOTE PURCHASED ITEM Exile_Item_DuctTape FOR 300 POPTABS | PLAYER TOTAL MONEY: 1622
[20:26:53:940588 --7:00] [Thread 1632] PLAYER: ( 76561198013512846 ) R FYAD:1 (Brad) REMOTE PURCHASED ITEM Exile_Item_DuctTape FOR 300 POPTABS | PLAYER TOTAL MONEY: 1322
[20:27:25:541539 --7:00] [Thread 8832] PLAYER: ( 76561198013512846 ) R FYAD:1 (Brad) REMOTE PURCHASED ITEM Exile_Item_Noodles FOR 14 POPTABS | PLAYER TOTAL MONEY: 1308
[20:30:22:274989 --7:00] [Thread 2440] PLAYER: ( 76561198008098306 ) R FYAD:6 (Aquila) REMOTE SOLD ITEM Exile_Item_PlasticBottleEmpty FOR 2 POPTABS AND 0.2 RESPECT | PLAYER TOTAL MONEY: 1087
[20:30:30:576988 --7:00] [Thread 1632] PLAYER: ( 76561198008098306 ) R FYAD:6 (Aquila) REMOTE SOLD ITEM Exile_Item_Heatpack FOR 25 POPTABS AND 2.5 RESPECT | PLAYER TOTAL MONEY: 1112
[20:30:32:946406 --7:00] [Thread 2440] PLAYER: ( 76561198008098306 ) R FYAD:6 (Aquila) REMOTE SOLD ITEM Exile_Item_Heatpack FOR 25 POPTABS AND 2.5 RESPECT | PLAYER TOTAL MONEY: 1137
[20:30:35:856315 --7:00] [Thread 2440] PLAYER: ( 76561198008098306 ) R FYAD:6 (Aquila) REMOTE SOLD ITEM 150Rnd_762x54_Box FOR 10 POPTABS AND 1 RESPECT | PLAYER TOTAL MONEY: 1147
[20:30:41:710873 --7:00] [Thread 2440] PLAYER: ( 76561198013512846 ) R FYAD:1 (Brad) REMOTE PURCHASED VEHICLE rhs_uaz_vdv FOR 1700 POPTABS | PLAYER TOTAL MONEY: 8
[20:30:49:178072 --7:00] [Thread 2440] PLAYER: ( 76561198008098306 ) R FYAD:6 (Aquila) REMOTE SOLD ITEM CUP_100Rnd_556x45_BetaCMag FOR 5 POPTABS AND 0.5 RESPECT | PLAYER TOTAL MONEY: 1152
[20:30:50:820452 --7:00] [Thread 1632] PLAYER: ( 76561198008098306 ) R FYAD:6 (Aquila) REMOTE SOLD ITEM CUP_100Rnd_556x45_BetaCMag FOR 5 POPTABS AND 0.5 RESPECT | PLAYER TOTAL MONEY: 1157
[20:31:04:622698 --7:00] [Thread 2440] PLAYER: ( 76561198008098306 ) R FYAD:6 (Aquila) REMOTE SOLD ITEM Exile_Item_MetalPole FOR 400 POPTABS AND 40 RESPECT | PLAYER TOTAL MONEY: 1557
[20:31:07:547922 --7:00] [Thread 8832] PLAYER: ( 76561198008098306 ) R FYAD:6 (Aquila) REMOTE SOLD ITEM Exile_Item_LightBulb FOR 10 POPTABS AND 1 RESPECT | PLAYER TOTAL MONEY: 1567
[20:31:12:298944 --7:00] [Thread 1632] PLAYER: ( 76561198008098306 ) R FYAD:6 (Aquila) REMOTE SOLD ITEM Exile_Item_Codelock FOR 2500 POPTABS AND 250 RESPECT | PLAYER TOTAL MONEY: 4067
[20:31:17:991441 --7:00] [Thread 1632] PLAYER: ( 76561198008098306 ) R FYAD:6 (Aquila) REMOTE SOLD ITEM 100Rnd_580x42_Mag_F FOR 7 POPTABS AND 0.7 RESPECT | PLAYER TOTAL MONEY: 4074
[20:31:19:480731 --7:00] [Thread 1632] PLAYER: ( 76561198008098306 ) R FYAD:6 (Aquila) REMOTE SOLD ITEM 100Rnd_580x42_Mag_F FOR 7 POPTABS AND 0.7 RESPECT | PLAYER TOTAL MONEY: 4081
[20:31:22:671448 --7:00] [Thread 1632] PLAYER: ( 76561198008098306 ) R FYAD:6 (Aquila) REMOTE SOLD ITEM CUP_100Rnd_556x45_BetaCMag FOR 5 POPTABS AND 0.5 RESPECT | PLAYER TOTAL MONEY: 4086
[20:31:24:846497 --7:00] [Thread 1632] PLAYER: ( 76561198008098306 ) R FYAD:6 (Aquila) REMOTE SOLD ITEM 100Rnd_580x42_Mag_F FOR 7 POPTABS AND 0.7 RESPECT | PLAYER TOTAL MONEY: 4093
[20:31:28:388943 --7:00] [Thread 1632] PLAYER: ( 76561198008098306 ) R FYAD:6 (Aquila) REMOTE SOLD ITEM CUP_arifle_XM8_Carbine_FG FOR 200 POPTABS AND 20 RESPECT | PLAYER TOTAL MONEY: 4293
[20:31:30:009970 --7:00] [Thread 1632] PLAYER: ( 76561198008098306 ) R FYAD:6 (Aquila) REMOTE SOLD ITEM arifle_CTARS_blk_F FOR 225 POPTABS AND 22.5 RESPECT | PLAYER TOTAL MONEY: 4518
[20:31:31:519068 --7:00] [Thread 1632] PLAYER: ( 76561198008098306 ) R FYAD:6 (Aquila) REMOTE SOLD ITEM H_Booniehat_grn FOR 3 POPTABS AND 0.3 RESPECT | PLAYER TOTAL MONEY: 4521
[20:31:32:814617 --7:00] [Thread 1632] PLAYER: ( 76561198008098306 ) R FYAD:6 (Aquila) REMOTE SOLD ITEM H_Shemag_olive_hs FOR 5 POPTABS AND 0.5 RESPECT | PLAYER TOTAL MONEY: 4526
[20:31:34:585938 --7:00] [Thread 1632] PLAYER: ( 76561198008098306 ) R FYAD:6 (Aquila) REMOTE SOLD ITEM V_BandollierB_khk FOR 10 POPTABS AND 1 RESPECT | PLAYER TOTAL MONEY: 4536
[20:33:35:778438 --7:00] [Thread 8832] PLAYER: ( 76561198008098306 ) R FYAD:6 (Aquila) REMOTE PURCHASED ITEM optic_ERCO_snd_F FOR 125 POPTABS | PLAYER TOTAL MONEY: 4411
[20:34:31:100712 --7:00] [Thread 8832] PLAYER: ( 76561198008098306 ) R FYAD:6 (Aquila) REMOTE PURCHASED ITEM acc_flashlight FOR 4 POPTABS | PLAYER TOTAL MONEY: 4407
[20:35:28:506337 --7:00] [Thread 8832] PLAYER: ( 76561198008098306 ) R FYAD:6 (Aquila) REMOTE PURCHASED ITEM acc_pointer_IR FOR 10 POPTABS | PLAYER TOTAL MONEY: 4397
[20:36:11:490543 --7:00] [Thread 1632] PLAYER: ( 76561198008098306 ) R FYAD:6 (Aquila) REMOTE SOLD ITEM acc_pointer_IR FOR 5 POPTABS AND 0.5 RESPECT | PLAYER TOTAL MONEY: 4402
[20:36:27:417725 --7:00] [Thread 8832] PLAYER: ( 76561198008098306 ) R FYAD:6 (Aquila) REMOTE SOLD ITEM rhsusf_acc_EOTECH FOR 425 POPTABS AND 42.5 RESPECT | PLAYER TOTAL MONEY: 4827
[20:36:31:892544 --7:00] [Thread 1632] PLAYER: ( 76561198008098306 ) R FYAD:6 (Aquila) REMOTE SOLD ITEM acc_flashlight FOR 2 POPTABS AND 0.2 RESPECT | PLAYER TOTAL MONEY: 4829
[20:37:38:765913 --7:00] [Thread 8832] PLAYER: ( 76561198008098306 ) R FYAD:6 (Aquila) REMOTE PURCHASED ITEM CUP_muzzle_snds_M110 FOR 20 POPTABS | PLAYER TOTAL MONEY: 4809
[20:37:42:377075 --7:00] [Thread 8832] PLAYER: ( 76561198008098306 ) R FYAD:6 (Aquila) REMOTE PURCHASED ITEM CUP_muzzle_snds_G36_desert FOR 20 POPTABS | PLAYER TOTAL MONEY: 4789
[20:40:24:846755 --7:00] [Thread 1632] PLAYER: ( 76561197997663954 ) R FYAD:7 (Jonathan) REMOTE SOLD ITEM hlc_m249_pip4 FOR 500 POPTABS AND 50 RESPECT | PLAYER TOTAL MONEY: 500
[20:40:29:268929 --7:00] [Thread 2440] PLAYER: ( 76561198008098306 ) R FYAD:6 (Aquila) REMOTE PURCHASED ITEM hlc_optic_accupoint_g3 FOR 200 POPTABS | PLAYER TOTAL MONEY: 4589
[20:40:31:047697 --7:00] [Thread 8832] PLAYER: ( 76561197997663954 ) R FYAD:7 (Jonathan) REMOTE SOLD ITEM hlc_30rnd_556x45_SPR FOR 15 POPTABS AND 1.5 RESPECT | PLAYER TOTAL MONEY: 515
[20:41:37:762308 --7:00] [Thread 8832] PLAYER: ( 76561198008098306 ) R FYAD:6 (Aquila) REMOTE SOLD ITEM CUP_muzzle_snds_G36_desert FOR 10 POPTABS AND 1 RESPECT | PLAYER TOTAL MONEY: 4599
[20:41:39:690577 --7:00] [Thread 2440] PLAYER: ( 76561198008098306 ) R FYAD:6 (Aquila) REMOTE SOLD ITEM hlc_optic_accupoint_g3 FOR 100 POPTABS AND 10 RESPECT | PLAYER TOTAL MONEY: 4699
[20:42:09:044745 --7:00] [Thread 2440] PLAYER: ( 76561197997663954 ) R FYAD:7 (Jonathan) REMOTE SOLD ITEM optic_DMS FOR 75 POPTABS AND 7.5 RESPECT | PLAYER TOTAL MONEY: 590
[20:42:17:134237 --7:00] [Thread 2440] PLAYER: ( 76561197997663954 ) R FYAD:7 (Jonathan) REMOTE SOLD ITEM optic_KHS_tan FOR 150 POPTABS AND 15 RESPECT | PLAYER TOTAL MONEY: 740
[20:43:05:014710 --7:00] [Thread 2440] PLAYER: ( 76561198008098306 ) R FYAD:6 (Aquila) REMOTE PURCHASED ITEM CUP_optic_AN_PVS_10 FOR 50 POPTABS | PLAYER TOTAL MONEY: 4649
[20:43:41:679757 --7:00] [Thread 2440] PLAYER: ( 76561197997663954 ) R FYAD:7 (Jonathan) REMOTE PURCHASED ITEM CUP_5Rnd_127x99_as50_M FOR 10 POPTABS | PLAYER TOTAL MONEY: 730
[20:43:43:288592 --7:00] [Thread 2440] PLAYER: ( 76561197997663954 ) R FYAD:7 (Jonathan) REMOTE PURCHASED ITEM CUP_5Rnd_127x99_as50_M FOR 10 POPTABS | PLAYER TOTAL MONEY: 720
[20:44:18:988293 --7:00] [Thread 2440] PLAYER: ( 76561198008098306 ) R FYAD:6 (Aquila) REMOTE PURCHASED ITEM muzzle_snds_M FOR 10 POPTABS | PLAYER TOTAL MONEY: 4639
[20:45:08:843650 --7:00] [Thread 8832] PLAYER: ( 76561198008098306 ) R FYAD:6 (Aquila) REMOTE SOLD ITEM optic_ERCO_snd_F FOR 62 POPTABS AND 6.2 RESPECT | PLAYER TOTAL MONEY: 4701
[20:46:32:491608 --7:00] [Thread 8832] PLAYER: ( 76561198067886078 ) R FYAD:2 (Paper Airplane) REMOTE SOLD ITEM CUP_B_HikingPack_Civ FOR 100 POPTABS AND 10 RESPECT | PLAYER TOTAL MONEY: 100
[20:46:56:980265 --7:00] [Thread 2440] PLAYER: ( 76561198067886078 ) R FYAD:2 (Paper Airplane) REMOTE SOLD ITEM MiniGrenade FOR 15 POPTABS AND 1.5 RESPECT | PLAYER TOTAL MONEY: 115
[20:47:09:564799 --7:00] [Thread 8832] PLAYER: ( 76561198008098306 ) R FYAD:6 (Aquila) REMOTE PURCHASED ITEM Exile_Item_Noodles FOR 14 POPTABS | PLAYER TOTAL MONEY: 486
[20:47:12:958706 --7:00] [Thread 7576] PLAYER: ( 76561198008098306 ) R FYAD:6 (Aquila) REMOTE PURCHASED ITEM Exile_Item_Noodles FOR 14 POPTABS | PLAYER TOTAL MONEY: 472
[20:47:52:518109 --7:00] [Thread 2440] PLAYER: ( 76561198039436445 ) R FYAD:4 (Vanek) REMOTE SOLD ITEM srifle_DMR_05_tan_f FOR 425 POPTABS AND 42.5 RESPECT | PLAYER TOTAL MONEY: 425
[20:51:12:383109 --7:00] [Thread 7576] PLAYER: ( 76561198039436445 ) R FYAD:4 (Vanek) REMOTE PURCHASED ITEM optic_Holosight_blk_F FOR 50 POPTABS | PLAYER TOTAL MONEY: 375
[20:51:24:526153 --7:00] [Thread 7576] PLAYER: ( 76561197997663954 ) R FYAD:7 (Jonathan) REMOTE PURCHASED ITEM rhsusf_20Rnd_762x51_m993_Mag FOR 45 POPTABS | PLAYER TOTAL MONEY: 675
[20:51:37:988858 --7:00] [Thread 2440] PLAYER: ( 76561197997663954 ) R FYAD:7 (Jonathan) REMOTE SOLD ITEM CUP_5Rnd_127x99_as50_M FOR 5 POPTABS AND 0.5 RESPECT | PLAYER TOTAL MONEY: 680
[20:51:39:262687 --7:00] [Thread 7576] PLAYER: ( 76561197997663954 ) R FYAD:7 (Jonathan) REMOTE SOLD ITEM CUP_5Rnd_127x99_as50_M FOR 5 POPTABS AND 0.5 RESPECT | PLAYER TOTAL MONEY: 685
[20:51:44:494307 --7:00] [Thread 7576] PLAYER: ( 76561197997663954 ) R FYAD:7 (Jonathan) REMOTE SOLD ITEM CUP_5Rnd_127x99_as50_M FOR 5 POPTABS AND 0.5 RESPECT | PLAYER TOTAL MONEY: 690
[20:51:46:100016 --7:00] [Thread 2440] PLAYER: ( 76561198039436445 ) R FYAD:4 (Vanek) REMOTE PURCHASED ITEM CUP_20Rnd_762x51_FNFAL_M FOR 10 POPTABS | PLAYER TOTAL MONEY: 365
[20:51:47:032747 --7:00] [Thread 8832] PLAYER: ( 76561198039436445 ) R FYAD:4 (Vanek) REMOTE PURCHASED ITEM CUP_20Rnd_762x51_FNFAL_M FOR 10 POPTABS | PLAYER TOTAL MONEY: 355
[20:51:48:498636 --7:00] [Thread 2440] PLAYER: ( 76561198039436445 ) R FYAD:4 (Vanek) REMOTE PURCHASED ITEM CUP_20Rnd_762x51_FNFAL_M FOR 10 POPTABS | PLAYER TOTAL MONEY: 345
[20:59:59:459063 --7:00] [Thread 2440] PLAYER: ( 76561198039436445 ) R FYAD:4 (Vanek) REMOTE PURCHASED ITEM V_TacVest_gen_F FOR 25 POPTABS | PLAYER TOTAL MONEY: 320
