[14:03:23:286972 --7:00] [Thread 10096] PLAYER: ( 76561197991787440 ) R Alpha 1-4:1 (Paperz) REMOTE SOLD ITEM Exile_Item_Vishpirin FOR 150 POPTABS AND 15 RESPECT | PLAYER TOTAL MONEY: 150
[14:03:31:022094 --7:00] [Thread 9376] PLAYER: ( 76561197991787440 ) R Alpha 1-4:1 (Paperz) REMOTE SOLD ITEM Exile_Item_Codelock FOR 2500 POPTABS AND 250 RESPECT | PLAYER TOTAL MONEY: 2650
[14:05:17:064247 --7:00] [Thread 10096] PLAYER: ( 76561197991787440 ) R Alpha 1-4:1 (Paperz) REMOTE SOLD ITEM B_OutdoorPack_blu FOR 40 POPTABS AND 4 RESPECT | PLAYER TOTAL MONEY: 2690
[14:05:25:040668 --7:00] [Thread 9376] PLAYER: ( 76561197991787440 ) R Alpha 1-4:1 (Paperz) REMOTE PURCHASED ITEM CUP_B_USMC_MOLLE FOR 200 POPTABS | PLAYER TOTAL MONEY: 2490
[14:09:25:462440 --7:00] [Thread 10096] PLAYER: ( 76561197991787440 ) R Alpha 1-4:1 (Paperz) REMOTE PURCHASED ITEM CUP_V_BAF_Osprey_Mk4_MTP_SquadLeader FOR 80 POPTABS | PLAYER TOTAL MONEY: 2410
[14:09:52:116809 --7:00] [Thread 748] PLAYER: ( 76561197991787440 ) R Alpha 1-4:1 (Paperz) REMOTE SOLD ITEM V_Rangemaster_belt FOR 3 POPTABS AND 0.3 RESPECT | PLAYER TOTAL MONEY: 2413
[14:10:57:314424 --7:00] [Thread 10096] PLAYER: ( 76561197991787440 ) R Alpha 1-4:1 (Paperz) REMOTE PURCHASED ITEM CUP_U_B_FR_Scout FOR 80 POPTABS | PLAYER TOTAL MONEY: 2333
[14:11:13:181963 --7:00] [Thread 9376] PLAYER: ( 76561197991787440 ) R Alpha 1-4:1 (Paperz) REMOTE SOLD ITEM U_B_CTRG_Soldier_urb_1_F FOR 20 POPTABS AND 2 RESPECT | PLAYER TOTAL MONEY: 2353
[14:11:51:442199 --7:00] [Thread 10096] PLAYER: ( 76561197991787440 ) R Alpha 1-4:1 (Paperz) REMOTE PURCHASED ITEM CUP_U_B_USMC_Ghillie_WDL FOR 80 POPTABS | PLAYER TOTAL MONEY: 2273
[14:13:14:301778 --7:00] [Thread 9376] PLAYER: ( 76561197991787440 ) R Alpha 1-4:1 (Paperz) REMOTE PURCHASED ITEM optic_Arco_blk_F FOR 100 POPTABS | PLAYER TOTAL MONEY: 2173
[14:52:46:644637 --7:00] [Thread 10096] PLAYER: ( 76561197991787440 ) R Alpha 1-4:1 (Paperz) REMOTE PURCHASED ITEM Exile_Item_CanOpener FOR 80 POPTABS | PLAYER TOTAL MONEY: 2093
[14:54:05:558280 --7:00] [Thread 9376] PLAYER: ( 76561197991787440 ) R Alpha 1-4:1 (Paperz) REMOTE PURCHASED ITEM H_Hat_camo FOR 6 POPTABS | PLAYER TOTAL MONEY: 2087
[14:55:44:968588 --7:00] [Thread 10096] PLAYER: ( 76561197991787440 ) R Alpha 1-4:1 (Paperz) REMOTE PURCHASED ITEM Exile_Item_Beer FOR 50 POPTABS | PLAYER TOTAL MONEY: 2037
[14:55:47:946223 --7:00] [Thread 9376] PLAYER: ( 76561197991787440 ) R Alpha 1-4:1 (Paperz) REMOTE PURCHASED ITEM Exile_Item_EnergyDrink FOR 40 POPTABS | PLAYER TOTAL MONEY: 1997
[14:55:50:338151 --7:00] [Thread 10096] PLAYER: ( 76561197991787440 ) R Alpha 1-4:1 (Paperz) REMOTE PURCHASED ITEM Exile_Item_EnergyDrink FOR 40 POPTABS | PLAYER TOTAL MONEY: 1957
[14:58:25:518700 --7:00] [Thread 748] PLAYER: ( 76561197991787440 ) R Alpha 1-4:1 (Paperz) REMOTE PURCHASED VEHICLE rhs_uaz_vv FOR 1700 POPTABS | PLAYER TOTAL MONEY: 257
[18:09:56:869818 --7:00] [Thread 2568] PLAYER: ( 76561197991787440 ) R [FYAD]:1 (Paperz) REMOTE SOLD ITEM ItemRadio FOR 20 POPTABS AND 2 RESPECT | PLAYER TOTAL MONEY: 20
[18:10:02:994711 --7:00] [Thread 8096] PLAYER: ( 76561197991787440 ) R [FYAD]:1 (Paperz) REMOTE SOLD ITEM Exile_Item_Codelock FOR 2500 POPTABS AND 250 RESPECT | PLAYER TOTAL MONEY: 2520
[18:10:16:983444 --7:00] [Thread 8096] PLAYER: ( 76561197991787440 ) R [FYAD]:1 (Paperz) REMOTE SOLD ITEM Exile_Item_InstaDoc FOR 625 POPTABS AND 62.5 RESPECT | PLAYER TOTAL MONEY: 3145
[18:10:28:500756 --7:00] [Thread 8096] PLAYER: ( 76561197991787440 ) R [FYAD]:1 (Paperz) REMOTE SOLD ITEM 30Rnd_556x45_Stanag FOR 10 POPTABS AND 1 RESPECT | PLAYER TOTAL MONEY: 3155
[18:10:31:125078 --7:00] [Thread 8096] PLAYER: ( 76561197991787440 ) R [FYAD]:1 (Paperz) REMOTE SOLD ITEM 16Rnd_9x21_Mag FOR 10 POPTABS AND 1 RESPECT | PLAYER TOTAL MONEY: 3165
[18:10:41:047155 --7:00] [Thread 8096] PLAYER: ( 76561197991787440 ) R [FYAD]:1 (Paperz) REMOTE SOLD ITEM arifle_ARX_hex_F FOR 450 POPTABS AND 45 RESPECT | PLAYER TOTAL MONEY: 3615
[18:10:44:645124 --7:00] [Thread 8096] PLAYER: ( 76561197991787440 ) R [FYAD]:1 (Paperz) REMOTE SOLD ITEM 30Rnd_65x39_caseless_green FOR 10 POPTABS AND 1 RESPECT | PLAYER TOTAL MONEY: 3625
[18:10:48:912533 --7:00] [Thread 8096] PLAYER: ( 76561197991787440 ) R [FYAD]:1 (Paperz) REMOTE SOLD ITEM Exile_Item_InstaDoc FOR 625 POPTABS AND 62.5 RESPECT | PLAYER TOTAL MONEY: 4250
[18:11:12:066463 --7:00] [Thread 2316] PLAYER: ( 76561197991787440 ) R [FYAD]:1 (Paperz) REMOTE PURCHASED ITEM CUP_B_USMC_MOLLE FOR 200 POPTABS | PLAYER TOTAL MONEY: 4050
[18:12:45:278500 --7:00] [Thread 2568] PLAYER: ( 76561197991787440 ) R [FYAD]:1 (Paperz) REMOTE PURCHASED ITEM Exile_Item_CanOpener FOR 80 POPTABS | PLAYER TOTAL MONEY: 3970
[18:12:48:219557 --7:00] [Thread 2316] PLAYER: ( 76561197991787440 ) R [FYAD]:1 (Paperz) REMOTE PURCHASED ITEM Binocular FOR 40 POPTABS | PLAYER TOTAL MONEY: 3930
[18:15:02:761125 --7:00] [Thread 2568] PLAYER: ( 76561197991787440 ) R [FYAD]:1 (Paperz) REMOTE PURCHASED VEHICLE rhs_uaz_open_vmf FOR 1700 POPTABS | PLAYER TOTAL MONEY: 0
[18:17:34:365756 --7:00] [Thread 2316] PLAYER: ( 76561197991787440 ) R [FYAD]:1 (Paperz) REMOTE PURCHASED ITEM arifle_SPAR_01_blk_F FOR 400 POPTABS | PLAYER TOTAL MONEY: 1830
[18:18:13:119982 --7:00] [Thread 8096] PLAYER: ( 76561197991787440 ) R [FYAD]:1 (Paperz) REMOTE PURCHASED ITEM 30Rnd_556x45_Stanag_Tracer_Green FOR 20 POPTABS | PLAYER TOTAL MONEY: 1810
[18:18:14:419715 --7:00] [Thread 2316] PLAYER: ( 76561197991787440 ) R [FYAD]:1 (Paperz) REMOTE PURCHASED ITEM 30Rnd_556x45_Stanag_Tracer_Green FOR 20 POPTABS | PLAYER TOTAL MONEY: 1790
[18:18:15:467958 --7:00] [Thread 8096] PLAYER: ( 76561197991787440 ) R [FYAD]:1 (Paperz) REMOTE PURCHASED ITEM 30Rnd_556x45_Stanag_Tracer_Green FOR 20 POPTABS | PLAYER TOTAL MONEY: 1770
[18:18:16:488857 --7:00] [Thread 2316] PLAYER: ( 76561197991787440 ) R [FYAD]:1 (Paperz) REMOTE PURCHASED ITEM 30Rnd_556x45_Stanag_Tracer_Green FOR 20 POPTABS | PLAYER TOTAL MONEY: 1750
[18:18:18:510627 --7:00] [Thread 8096] PLAYER: ( 76561197991787440 ) R [FYAD]:1 (Paperz) REMOTE PURCHASED ITEM 30Rnd_556x45_Stanag_Tracer_Green FOR 20 POPTABS | PLAYER TOTAL MONEY: 1730
[18:19:04:086202 --7:00] [Thread 2568] PLAYER: ( 76561197991787440 ) R [FYAD]:1 (Paperz) REMOTE SOLD ITEM arifle_SPAR_01_blk_F FOR 210 POPTABS AND 21 RESPECT | PLAYER TOTAL MONEY: 1940
[18:19:37:800445 --7:00] [Thread 8096] PLAYER: ( 76561197991787440 ) R [FYAD]:1 (Paperz) REMOTE PURCHASED ITEM arifle_Mk20C_F FOR 150 POPTABS | PLAYER TOTAL MONEY: 1790
[18:19:56:184518 --7:00] [Thread 2568] PLAYER: ( 76561197991787440 ) R [FYAD]:1 (Paperz) REMOTE PURCHASED ITEM 30Rnd_556x45_Stanag_Tracer_Red FOR 20 POPTABS | PLAYER TOTAL MONEY: 1770
[18:19:57:456755 --7:00] [Thread 8096] PLAYER: ( 76561197991787440 ) R [FYAD]:1 (Paperz) REMOTE PURCHASED ITEM 30Rnd_556x45_Stanag_Tracer_Red FOR 20 POPTABS | PLAYER TOTAL MONEY: 1750
[18:19:58:501616 --7:00] [Thread 2568] PLAYER: ( 76561197991787440 ) R [FYAD]:1 (Paperz) REMOTE PURCHASED ITEM 30Rnd_556x45_Stanag_Tracer_Red FOR 20 POPTABS | PLAYER TOTAL MONEY: 1730
[18:21:04:053113 --7:00] [Thread 2316] PLAYER: ( 76561197991787440 ) R [FYAD]:1 (Paperz) REMOTE SOLD ITEM arifle_AK12_GL_F FOR 362 POPTABS AND 36.2 RESPECT | PLAYER TOTAL MONEY: 2092
[18:21:12:498428 --7:00] [Thread 8096] PLAYER: ( 76561197991787440 ) R [FYAD]:1 (Paperz) REMOTE SOLD ITEM 30Rnd_762x39_Mag_F FOR 12 POPTABS AND 1.2 RESPECT | PLAYER TOTAL MONEY: 2104
[18:21:13:985467 --7:00] [Thread 2568] PLAYER: ( 76561197991787440 ) R [FYAD]:1 (Paperz) REMOTE SOLD ITEM 30Rnd_762x39_Mag_F FOR 12 POPTABS AND 1.2 RESPECT | PLAYER TOTAL MONEY: 2116
[18:21:46:700161 --7:00] [Thread 2316] PLAYER: ( 76561197991787440 ) R [FYAD]:1 (Paperz) REMOTE PURCHASED ITEM muzzle_snds_58_wdm_F FOR 20 POPTABS | PLAYER TOTAL MONEY: 2096
[18:22:22:615279 --7:00] [Thread 8096] PLAYER: ( 76561197991787440 ) R [FYAD]:1 (Paperz) REMOTE PURCHASED ITEM 30Rnd_556x45_Stanag_Tracer_Red FOR 20 POPTABS | PLAYER TOTAL MONEY: 2076
[18:22:24:056196 --7:00] [Thread 2316] PLAYER: ( 76561197991787440 ) R [FYAD]:1 (Paperz) REMOTE PURCHASED ITEM 30Rnd_556x45_Stanag_Tracer_Red FOR 20 POPTABS | PLAYER TOTAL MONEY: 2056
[18:22:25:257905 --7:00] [Thread 2316] PLAYER: ( 76561197991787440 ) R [FYAD]:1 (Paperz) REMOTE PURCHASED ITEM 30Rnd_556x45_Stanag_Tracer_Red FOR 20 POPTABS | PLAYER TOTAL MONEY: 2036
[19:26:37:331418 --7:00] [Thread 8096] PLAYER: ( 76561197990791038 ) R Alpha 1-4:1 (Piranhas) REMOTE SOLD ITEM MiniGrenade FOR 15 POPTABS AND 1.5 RESPECT | PLAYER TOTAL MONEY: 15
[19:26:56:353900 --7:00] [Thread 1360] PLAYER: ( 76561197990791038 ) R Alpha 1-4:1 (Piranhas) REMOTE SOLD ITEM Exile_Item_PlasticBottleEmpty FOR 2 POPTABS AND 0.2 RESPECT | PLAYER TOTAL MONEY: 17
[19:26:58:128549 --7:00] [Thread 2392] PLAYER: ( 76561197990791038 ) R Alpha 1-4:1 (Piranhas) REMOTE SOLD ITEM optic_SOS_khk_F FOR 100 POPTABS AND 10 RESPECT | PLAYER TOTAL MONEY: 117
[19:26:59:838198 --7:00] [Thread 8096] PLAYER: ( 76561197990791038 ) R Alpha 1-4:1 (Piranhas) REMOTE SOLD ITEM optic_LRPS_ghex_F FOR 150 POPTABS AND 15 RESPECT | PLAYER TOTAL MONEY: 267
[19:27:01:501391 --7:00] [Thread 2392] PLAYER: ( 76561197990791038 ) R Alpha 1-4:1 (Piranhas) REMOTE SOLD ITEM optic_LRPS_ghex_F FOR 150 POPTABS AND 15 RESPECT | PLAYER TOTAL MONEY: 417
[19:27:03:250158 --7:00] [Thread 8096] PLAYER: ( 76561197990791038 ) R Alpha 1-4:1 (Piranhas) REMOTE SOLD ITEM optic_LRPS_tna_F FOR 150 POPTABS AND 15 RESPECT | PLAYER TOTAL MONEY: 567
[19:27:05:906858 --7:00] [Thread 2392] PLAYER: ( 76561197990791038 ) R Alpha 1-4:1 (Piranhas) REMOTE SOLD ITEM optic_KHS_blk FOR 150 POPTABS AND 15 RESPECT | PLAYER TOTAL MONEY: 717
[19:27:10:264153 --7:00] [Thread 8096] PLAYER: ( 76561197990791038 ) R Alpha 1-4:1 (Piranhas) REMOTE SOLD ITEM O_NVGoggles_ghex_F FOR 75 POPTABS AND 7.5 RESPECT | PLAYER TOTAL MONEY: 792
[19:27:15:023062 --7:00] [Thread 2392] PLAYER: ( 76561197990791038 ) R Alpha 1-4:1 (Piranhas) REMOTE SOLD ITEM UGL_FlareYellow_F FOR 4 POPTABS AND 0.4 RESPECT | PLAYER TOTAL MONEY: 796
[19:27:16:859550 --7:00] [Thread 8096] PLAYER: ( 76561197990791038 ) R Alpha 1-4:1 (Piranhas) REMOTE SOLD ITEM SmokeShellYellow FOR 3 POPTABS AND 0.3 RESPECT | PLAYER TOTAL MONEY: 799
[19:27:18:752706 --7:00] [Thread 2392] PLAYER: ( 76561197990791038 ) R Alpha 1-4:1 (Piranhas) REMOTE SOLD ITEM CUP_arifle_M4A1 FOR 200 POPTABS AND 20 RESPECT | PLAYER TOTAL MONEY: 999
[19:27:21:194243 --7:00] [Thread 8096] PLAYER: ( 76561197990791038 ) R Alpha 1-4:1 (Piranhas) REMOTE SOLD ITEM hlc_rifle_G36A1AG36 FOR 475 POPTABS AND 47.5 RESPECT | PLAYER TOTAL MONEY: 1474
[19:27:22:821576 --7:00] [Thread 1360] PLAYER: ( 76561197990791038 ) R Alpha 1-4:1 (Piranhas) REMOTE SOLD ITEM optic_AMS_snd FOR 150 POPTABS AND 15 RESPECT | PLAYER TOTAL MONEY: 1624
[19:27:24:368354 --7:00] [Thread 2392] PLAYER: ( 76561197990791038 ) R Alpha 1-4:1 (Piranhas) REMOTE SOLD ITEM rhsusf_acc_harris_swivel FOR 40 POPTABS AND 4 RESPECT | PLAYER TOTAL MONEY: 1664
[19:27:26:021964 --7:00] [Thread 8096] PLAYER: ( 76561197990791038 ) R Alpha 1-4:1 (Piranhas) REMOTE SOLD ITEM muzzle_snds_338_black FOR 25 POPTABS AND 2.5 RESPECT | PLAYER TOTAL MONEY: 1689
[19:27:27:966468 --7:00] [Thread 1360] PLAYER: ( 76561197990791038 ) R Alpha 1-4:1 (Piranhas) REMOTE SOLD ITEM optic_DMS FOR 75 POPTABS AND 7.5 RESPECT | PLAYER TOTAL MONEY: 1764
[19:33:56:710384 --7:00] [Thread 8096] PLAYER: ( 76561197990791038 ) R Alpha 1-4:1 (Piranhas) REMOTE PURCHASED VEHICLE rhs_uaz_open_vv FOR 1700 POPTABS | PLAYER TOTAL MONEY: 0
