[20:07:15:017598 --7:00] [Thread 8000] PLAYER: ( 76561197990791038 ) R [FYAD]:7 (Piranhas) REMOTE SOLD ITEM rhsusf_8Rnd_doomsday_Buck FOR 50 POPTABS AND 5 RESPECT | PLAYER TOTAL MONEY: 50
[20:07:16:947704 --7:00] [Thread 3524] PLAYER: ( 76561197990791038 ) R [FYAD]:7 (Piranhas) REMOTE SOLD ITEM rhs_VOG25 FOR 25 POPTABS AND 2.5 RESPECT | PLAYER TOTAL MONEY: 75
[20:07:21:507439 --7:00] [Thread 3524] PLAYER: ( 76561197990791038 ) R [FYAD]:7 (Piranhas) REMOTE SOLD ITEM CUP_10Rnd_762x51_CZ750_Tracer FOR 5 POPTABS AND 0.5 RESPECT | PLAYER TOTAL MONEY: 80
[20:07:25:547385 --7:00] [Thread 3524] PLAYER: ( 76561197990791038 ) R [FYAD]:7 (Piranhas) REMOTE SOLD ITEM 1Rnd_HE_Grenade_shell FOR 35 POPTABS AND 3.5 RESPECT | PLAYER TOTAL MONEY: 115
[20:07:26:524772 --7:00] [Thread 6124] PLAYER: ( 76561197990791038 ) R [FYAD]:7 (Piranhas) REMOTE SOLD ITEM UGL_FlareWhite_F FOR 4 POPTABS AND 0.4 RESPECT | PLAYER TOTAL MONEY: 119
[20:07:27:244599 --7:00] [Thread 3524] PLAYER: ( 76561197990791038 ) R [FYAD]:7 (Piranhas) REMOTE SOLD ITEM Exile_Item_Can_Empty FOR 1 POPTABS AND 0.1 RESPECT | PLAYER TOTAL MONEY: 120
[20:07:27:932598 --7:00] [Thread 3524] PLAYER: ( 76561197990791038 ) R [FYAD]:7 (Piranhas) REMOTE SOLD ITEM Exile_Item_Vishpirin FOR 150 POPTABS AND 15 RESPECT | PLAYER TOTAL MONEY: 270
[20:07:30:254760 --7:00] [Thread 9788] PLAYER: ( 76561197990791038 ) R [FYAD]:7 (Piranhas) REMOTE SOLD ITEM 1Rnd_HE_Grenade_shell FOR 35 POPTABS AND 3.5 RESPECT | PLAYER TOTAL MONEY: 305
[20:07:32:499909 --7:00] [Thread 3524] PLAYER: ( 76561197990791038 ) R [FYAD]:7 (Piranhas) REMOTE SOLD ITEM 10Rnd_127x54_Mag FOR 15 POPTABS AND 1.5 RESPECT | PLAYER TOTAL MONEY: 320
[20:07:33:580663 --7:00] [Thread 3524] PLAYER: ( 76561197990791038 ) R [FYAD]:7 (Piranhas) REMOTE SOLD ITEM rhsusf_10Rnd_762x51_m62_Mag FOR 30 POPTABS AND 3 RESPECT | PLAYER TOTAL MONEY: 350
[20:07:34:279377 --7:00] [Thread 3524] PLAYER: ( 76561197990791038 ) R [FYAD]:7 (Piranhas) REMOTE SOLD ITEM rhsusf_10Rnd_762x51_m62_Mag FOR 30 POPTABS AND 3 RESPECT | PLAYER TOTAL MONEY: 380
[20:07:35:000927 --7:00] [Thread 3524] PLAYER: ( 76561197990791038 ) R [FYAD]:7 (Piranhas) REMOTE SOLD ITEM rhsgref_5Rnd_762x54_m38 FOR 37 POPTABS AND 3.7 RESPECT | PLAYER TOTAL MONEY: 417
[20:07:35:785353 --7:00] [Thread 3524] PLAYER: ( 76561197990791038 ) R [FYAD]:7 (Piranhas) REMOTE SOLD ITEM rhs_weap_m38 FOR 750 POPTABS AND 75 RESPECT | PLAYER TOTAL MONEY: 1167
[20:07:36:443152 --7:00] [Thread 3524] PLAYER: ( 76561197990791038 ) R [FYAD]:7 (Piranhas) REMOTE SOLD ITEM muzzle_snds_93mmg FOR 25 POPTABS AND 2.5 RESPECT | PLAYER TOTAL MONEY: 1192
[20:07:37:119275 --7:00] [Thread 3524] PLAYER: ( 76561197990791038 ) R [FYAD]:7 (Piranhas) REMOTE SOLD ITEM muzzle_snds_93mmg_tan FOR 25 POPTABS AND 2.5 RESPECT | PLAYER TOTAL MONEY: 1217
[20:08:38:342251 --7:00] [Thread 3524] PLAYER: ( 76561197990791038 ) R [FYAD]:7 (Piranhas) REMOTE SOLD ITEM CUP_srifle_CZ750 FOR 755 POPTABS AND 75.5 RESPECT | PLAYER TOTAL MONEY: 1972
[20:08:43:932939 --7:00] [Thread 6124] PLAYER: ( 76561197990791038 ) R [FYAD]:7 (Piranhas) REMOTE SOLD ITEM V_RebreatherIA FOR 125 POPTABS AND 12.5 RESPECT | PLAYER TOTAL MONEY: 2097
[20:08:44:673444 --7:00] [Thread 3524] PLAYER: ( 76561197990791038 ) R [FYAD]:7 (Piranhas) REMOTE SOLD ITEM U_IG_Guerilla1_1 FOR 20 POPTABS AND 2 RESPECT | PLAYER TOTAL MONEY: 2117
[20:08:45:388725 --7:00] [Thread 8000] PLAYER: ( 76561197990791038 ) R [FYAD]:7 (Piranhas) REMOTE SOLD ITEM U_O_GhillieSuit FOR 50 POPTABS AND 5 RESPECT | PLAYER TOTAL MONEY: 2167
[20:08:46:783275 --7:00] [Thread 3524] PLAYER: ( 76561197990791038 ) R [FYAD]:7 (Piranhas) REMOTE SOLD ITEM V_HarnessOGL_ghex_F FOR 15 POPTABS AND 1.5 RESPECT | PLAYER TOTAL MONEY: 2182
[20:09:23:376127 --7:00] [Thread 6124] PLAYER: ( 76561197990791038 ) R [FYAD]:7 (Piranhas) REMOTE SOLD ITEM srifle_DMR_02_sniper_F FOR 400 POPTABS AND 40 RESPECT | PLAYER TOTAL MONEY: 2582
[20:09:30:974808 --7:00] [Thread 3524] PLAYER: ( 76561197990791038 ) R [FYAD]:7 (Piranhas) REMOTE SOLD ITEM rhsusf_acc_LEUPOLDMK4_2 FOR 425 POPTABS AND 42.5 RESPECT | PLAYER TOTAL MONEY: 3007
[20:09:32:061624 --7:00] [Thread 3524] PLAYER: ( 76561197990791038 ) R [FYAD]:7 (Piranhas) REMOTE SOLD ITEM H_Shemag_khk FOR 5 POPTABS AND 0.5 RESPECT | PLAYER TOTAL MONEY: 3012
[20:09:32:719246 --7:00] [Thread 3524] PLAYER: ( 76561197990791038 ) R [FYAD]:7 (Piranhas) REMOTE SOLD ITEM U_B_T_Soldier_F FOR 20 POPTABS AND 2 RESPECT | PLAYER TOTAL MONEY: 3032
[20:09:33:306067 --7:00] [Thread 3524] PLAYER: ( 76561197990791038 ) R [FYAD]:7 (Piranhas) REMOTE SOLD ITEM U_B_GhillieSuit FOR 50 POPTABS AND 5 RESPECT | PLAYER TOTAL MONEY: 3082
[20:09:34:355139 --7:00] [Thread 3524] PLAYER: ( 76561197990791038 ) R [FYAD]:7 (Piranhas) REMOTE SOLD ITEM V_RebreatherIR FOR 125 POPTABS AND 12.5 RESPECT | PLAYER TOTAL MONEY: 3207
[20:09:35:095783 --7:00] [Thread 3524] PLAYER: ( 76561197990791038 ) R [FYAD]:7 (Piranhas) REMOTE SOLD ITEM U_B_GhillieSuit FOR 50 POPTABS AND 5 RESPECT | PLAYER TOTAL MONEY: 3257
[20:09:52:396211 --7:00] [Thread 3524] PLAYER: ( 76561197990791038 ) R [FYAD]:7 (Piranhas) REMOTE SOLD ITEM rhs_weap_M107 FOR 1000 POPTABS AND 100 RESPECT | PLAYER TOTAL MONEY: 4257
[20:09:55:655358 --7:00] [Thread 6124] PLAYER: ( 76561197990791038 ) R [FYAD]:7 (Piranhas) REMOTE SOLD ITEM CUP_V_B_GER_Carrier_Rig_2 FOR 35 POPTABS AND 3.5 RESPECT | PLAYER TOTAL MONEY: 4292
[20:09:57:161529 --7:00] [Thread 3524] PLAYER: ( 76561197990791038 ) R [FYAD]:7 (Piranhas) REMOTE SOLD ITEM rhs_weap_m40a5_d FOR 500 POPTABS AND 50 RESPECT | PLAYER TOTAL MONEY: 4792
[20:10:27:575892 --7:00] [Thread 3524] PLAYER: ( 76561197990791038 ) R [FYAD]:7 (Piranhas) REMOTE SOLD ITEM rhsusf_mag_10Rnd_STD_50BMG_mk211 FOR 250 POPTABS AND 25 RESPECT | PLAYER TOTAL MONEY: 5042
[20:10:28:601062 --7:00] [Thread 6124] PLAYER: ( 76561197990791038 ) R [FYAD]:7 (Piranhas) REMOTE SOLD ITEM rhsusf_mag_10Rnd_STD_50BMG_mk211 FOR 250 POPTABS AND 25 RESPECT | PLAYER TOTAL MONEY: 5292
[20:10:29:385151 --7:00] [Thread 3524] PLAYER: ( 76561197990791038 ) R [FYAD]:7 (Piranhas) REMOTE SOLD ITEM Exile_Item_Can_Empty FOR 1 POPTABS AND 0.1 RESPECT | PLAYER TOTAL MONEY: 5293
[20:10:31:880112 --7:00] [Thread 3524] PLAYER: ( 76561197990791038 ) R [FYAD]:7 (Piranhas) REMOTE SOLD ITEM Exile_Item_Can_Empty FOR 1 POPTABS AND 0.1 RESPECT | PLAYER TOTAL MONEY: 5294
[20:10:33:190874 --7:00] [Thread 6124] PLAYER: ( 76561197990791038 ) R [FYAD]:7 (Piranhas) REMOTE SOLD ITEM rhsusf_mag_10Rnd_STD_50BMG_mk211 FOR 250 POPTABS AND 25 RESPECT | PLAYER TOTAL MONEY: 5544
[20:10:36:577373 --7:00] [Thread 3524] PLAYER: ( 76561197990791038 ) R [FYAD]:7 (Piranhas) REMOTE SOLD ITEM 150Rnd_93x64_Mag FOR 25 POPTABS AND 2.5 RESPECT | PLAYER TOTAL MONEY: 5569
[20:11:04:307758 --7:00] [Thread 3524] PLAYER: ( 76561197990791038 ) R [FYAD]:7 (Piranhas) REMOTE SOLD ITEM CUP_B_USMC_AssaultPack FOR 100 POPTABS AND 10 RESPECT | PLAYER TOTAL MONEY: 5669
[20:11:06:386268 --7:00] [Thread 3524] PLAYER: ( 76561197990791038 ) R [FYAD]:7 (Piranhas) REMOTE SOLD ITEM B_ViperHarness_hex_F FOR 125 POPTABS AND 12.5 RESPECT | PLAYER TOTAL MONEY: 5794
[20:11:09:037051 --7:00] [Thread 3524] PLAYER: ( 76561197990791038 ) R [FYAD]:7 (Piranhas) REMOTE SOLD ITEM B_ViperHarness_blk_F FOR 125 POPTABS AND 12.5 RESPECT | PLAYER TOTAL MONEY: 5919
[20:11:46:287047 --7:00] [Thread 3524] PLAYER: ( 76561197990791038 ) R [FYAD]:7 (Piranhas) REMOTE SOLD ITEM Exile_Item_Can_Empty FOR 1 POPTABS AND 0.1 RESPECT | PLAYER TOTAL MONEY: 5920
[20:11:47:755076 --7:00] [Thread 3524] PLAYER: ( 76561197990791038 ) R [FYAD]:7 (Piranhas) REMOTE SOLD ITEM rhsgref_5Rnd_762x54_m38 FOR 37 POPTABS AND 3.7 RESPECT | PLAYER TOTAL MONEY: 5957
[20:11:48:895820 --7:00] [Thread 3524] PLAYER: ( 76561197990791038 ) R [FYAD]:7 (Piranhas) REMOTE SOLD ITEM rhsgref_5Rnd_762x54_m38 FOR 37 POPTABS AND 3.7 RESPECT | PLAYER TOTAL MONEY: 5994
[20:11:49:832429 --7:00] [Thread 3524] PLAYER: ( 76561197990791038 ) R [FYAD]:7 (Piranhas) REMOTE SOLD ITEM SmokeShellOrange FOR 3 POPTABS AND 0.3 RESPECT | PLAYER TOTAL MONEY: 5997
[20:11:50:621680 --7:00] [Thread 3524] PLAYER: ( 76561197990791038 ) R [FYAD]:7 (Piranhas) REMOTE SOLD ITEM 10Rnd_93x64_DMR_05_Mag FOR 20 POPTABS AND 2 RESPECT | PLAYER TOTAL MONEY: 6017
[20:11:51:561795 --7:00] [Thread 3524] PLAYER: ( 76561197990791038 ) R [FYAD]:7 (Piranhas) REMOTE SOLD ITEM Exile_Item_Can_Empty FOR 1 POPTABS AND 0.1 RESPECT | PLAYER TOTAL MONEY: 6018
[20:11:52:260529 --7:00] [Thread 6124] PLAYER: ( 76561197990791038 ) R [FYAD]:7 (Piranhas) REMOTE SOLD ITEM UGL_FlareWhite_F FOR 4 POPTABS AND 0.4 RESPECT | PLAYER TOTAL MONEY: 6022
[20:12:08:380057 --7:00] [Thread 8000] PLAYER: ( 76561197990791038 ) R [FYAD]:7 (Piranhas) REMOTE PURCHASED ITEM Exile_Item_Moobar FOR 8 POPTABS | PLAYER TOTAL MONEY: 6014
[20:15:14:340338 --7:00] [Thread 6124] PLAYER: ( 76561197990791038 ) R [FYAD]:7 (Piranhas) REMOTE PURCHASED ITEM Exile_Item_EnergyDrink FOR 40 POPTABS | PLAYER TOTAL MONEY: 960
[20:15:15:233934 --7:00] [Thread 6124] PLAYER: ( 76561197990791038 ) R [FYAD]:7 (Piranhas) REMOTE PURCHASED ITEM Exile_Item_EnergyDrink FOR 40 POPTABS | PLAYER TOTAL MONEY: 920
[20:15:16:446948 --7:00] [Thread 6124] PLAYER: ( 76561197990791038 ) R [FYAD]:7 (Piranhas) REMOTE PURCHASED ITEM Exile_Item_EnergyDrink FOR 40 POPTABS | PLAYER TOTAL MONEY: 880
[20:15:17:778531 --7:00] [Thread 6124] PLAYER: ( 76561197990791038 ) R [FYAD]:7 (Piranhas) REMOTE PURCHASED ITEM Exile_Item_EnergyDrink FOR 40 POPTABS | PLAYER TOTAL MONEY: 840
[20:15:19:413613 --7:00] [Thread 6124] PLAYER: ( 76561197990791038 ) R [FYAD]:7 (Piranhas) REMOTE PURCHASED ITEM Exile_Item_EnergyDrink FOR 40 POPTABS | PLAYER TOTAL MONEY: 800
[20:15:26:960038 --7:00] [Thread 6124] PLAYER: ( 76561197990791038 ) R [FYAD]:7 (Piranhas) REMOTE PURCHASED ITEM Exile_Item_Noodles FOR 14 POPTABS | PLAYER TOTAL MONEY: 786
[20:15:28:071868 --7:00] [Thread 6124] PLAYER: ( 76561197990791038 ) R [FYAD]:7 (Piranhas) REMOTE PURCHASED ITEM Exile_Item_Noodles FOR 14 POPTABS | PLAYER TOTAL MONEY: 772
[20:15:28:816765 --7:00] [Thread 6124] PLAYER: ( 76561197990791038 ) R [FYAD]:7 (Piranhas) REMOTE PURCHASED ITEM Exile_Item_Noodles FOR 14 POPTABS | PLAYER TOTAL MONEY: 758
[20:15:48:866233 --7:00] [Thread 6124] PLAYER: ( 76561197990791038 ) R [FYAD]:7 (Piranhas) REMOTE PURCHASED ITEM Exile_Item_Noodles FOR 14 POPTABS | PLAYER TOTAL MONEY: 744
[20:15:51:615366 --7:00] [Thread 6124] PLAYER: ( 76561197990791038 ) R [FYAD]:7 (Piranhas) REMOTE PURCHASED ITEM Exile_Item_Noodles FOR 14 POPTABS | PLAYER TOTAL MONEY: 730
[20:15:55:212786 --7:00] [Thread 6124] PLAYER: ( 76561197990791038 ) R [FYAD]:7 (Piranhas) REMOTE PURCHASED ITEM Exile_Item_Noodles FOR 14 POPTABS | PLAYER TOTAL MONEY: 716
[20:16:51:304199 --7:00] [Thread 8000] PLAYER: ( 76561197990791038 ) R [FYAD]:7 (Piranhas) REMOTE SOLD ITEM Exile_Item_PlasticBottleEmpty FOR 2 POPTABS AND 0.2 RESPECT | PLAYER TOTAL MONEY: 718
[20:16:52:543473 --7:00] [Thread 6124] PLAYER: ( 76561197990791038 ) R [FYAD]:7 (Piranhas) REMOTE SOLD ITEM Exile_Item_PlasticBottleEmpty FOR 2 POPTABS AND 0.2 RESPECT | PLAYER TOTAL MONEY: 720
[20:16:53:416518 --7:00] [Thread 3524] PLAYER: ( 76561197990791038 ) R [FYAD]:7 (Piranhas) REMOTE SOLD ITEM Exile_Item_PlasticBottleEmpty FOR 2 POPTABS AND 0.2 RESPECT | PLAYER TOTAL MONEY: 722
[20:16:55:365360 --7:00] [Thread 6124] PLAYER: ( 76561197990791038 ) R [FYAD]:7 (Piranhas) REMOTE SOLD ITEM Exile_Item_PlasticBottleEmpty FOR 2 POPTABS AND 0.2 RESPECT | PLAYER TOTAL MONEY: 724
[20:19:22:456220 --7:00] [Thread 3524] PLAYER: ( 76561197990791038 ) R [FYAD]:7 (Piranhas) REMOTE PURCHASED ITEM hlc_20Rnd_762x51_b_amt FOR 30 POPTABS | PLAYER TOTAL MONEY: 694
[20:19:23:386626 --7:00] [Thread 3524] PLAYER: ( 76561197990791038 ) R [FYAD]:7 (Piranhas) REMOTE PURCHASED ITEM hlc_20Rnd_762x51_b_amt FOR 30 POPTABS | PLAYER TOTAL MONEY: 664
[20:19:24:432398 --7:00] [Thread 3524] PLAYER: ( 76561197990791038 ) R [FYAD]:7 (Piranhas) REMOTE PURCHASED ITEM hlc_20Rnd_762x51_b_amt FOR 30 POPTABS | PLAYER TOTAL MONEY: 634
[20:19:25:399113 --7:00] [Thread 3524] PLAYER: ( 76561197990791038 ) R [FYAD]:7 (Piranhas) REMOTE PURCHASED ITEM hlc_20Rnd_762x51_b_amt FOR 30 POPTABS | PLAYER TOTAL MONEY: 604
[20:19:39:321574 --7:00] [Thread 8000] PLAYER: ( 76561197990791038 ) R [FYAD]:7 (Piranhas) REMOTE SOLD ITEM hlc_20Rnd_762x51_b_amt FOR 15 POPTABS AND 1.5 RESPECT | PLAYER TOTAL MONEY: 619
[20:19:40:494091 --7:00] [Thread 3524] PLAYER: ( 76561197990791038 ) R [FYAD]:7 (Piranhas) REMOTE SOLD ITEM hlc_20Rnd_762x51_b_amt FOR 15 POPTABS AND 1.5 RESPECT | PLAYER TOTAL MONEY: 634
[20:19:41:857386 --7:00] [Thread 3524] PLAYER: ( 76561197990791038 ) R [FYAD]:7 (Piranhas) REMOTE SOLD ITEM hlc_20Rnd_762x51_b_amt FOR 15 POPTABS AND 1.5 RESPECT | PLAYER TOTAL MONEY: 649
[20:19:42:560116 --7:00] [Thread 3524] PLAYER: ( 76561197990791038 ) R [FYAD]:7 (Piranhas) REMOTE SOLD ITEM hlc_20Rnd_762x51_b_amt FOR 15 POPTABS AND 1.5 RESPECT | PLAYER TOTAL MONEY: 664
[20:20:04:672736 --7:00] [Thread 8000] PLAYER: ( 76561197990791038 ) R [FYAD]:7 (Piranhas) REMOTE PURCHASED ITEM hlc_20rnd_762x51_b_G3 FOR 30 POPTABS | PLAYER TOTAL MONEY: 634
[20:20:05:792510 --7:00] [Thread 6124] PLAYER: ( 76561197990791038 ) R [FYAD]:7 (Piranhas) REMOTE PURCHASED ITEM hlc_20rnd_762x51_b_G3 FOR 30 POPTABS | PLAYER TOTAL MONEY: 604
[20:20:06:531398 --7:00] [Thread 8000] PLAYER: ( 76561197990791038 ) R [FYAD]:7 (Piranhas) REMOTE PURCHASED ITEM hlc_20rnd_762x51_b_G3 FOR 30 POPTABS | PLAYER TOTAL MONEY: 574
[20:20:07:271701 --7:00] [Thread 6124] PLAYER: ( 76561197990791038 ) R [FYAD]:7 (Piranhas) REMOTE PURCHASED ITEM hlc_20rnd_762x51_b_G3 FOR 30 POPTABS | PLAYER TOTAL MONEY: 544
[20:48:32:793816 --7:00] [Thread 3524] PLAYER: ( 76561197990791038 ) R [FYAD]:7 (Piranhas) REMOTE SOLD ITEM rhs_weap_M107_d FOR 1000 POPTABS AND 100 RESPECT | PLAYER TOTAL MONEY: 1544
[20:48:44:286343 --7:00] [Thread 8000] PLAYER: ( 76561197990791038 ) R [FYAD]:7 (Piranhas) REMOTE SOLD ITEM hlc_m249_pip1 FOR 500 POPTABS AND 50 RESPECT | PLAYER TOTAL MONEY: 2044
[20:48:45:916772 --7:00] [Thread 8000] PLAYER: ( 76561197990791038 ) R [FYAD]:7 (Piranhas) REMOTE SOLD ITEM H_Booniehat_mcamo FOR 3 POPTABS AND 0.3 RESPECT | PLAYER TOTAL MONEY: 2047
[20:48:46:940363 --7:00] [Thread 8000] PLAYER: ( 76561197990791038 ) R [FYAD]:7 (Piranhas) REMOTE SOLD ITEM U_I_GhillieSuit FOR 50 POPTABS AND 5 RESPECT | PLAYER TOTAL MONEY: 2097
[20:48:47:614112 --7:00] [Thread 8000] PLAYER: ( 76561197990791038 ) R [FYAD]:7 (Piranhas) REMOTE SOLD ITEM V_TacChestrig_cbr_F FOR 7 POPTABS AND 0.7 RESPECT | PLAYER TOTAL MONEY: 2104
[20:49:20:727813 --7:00] [Thread 8000] PLAYER: ( 76561197990791038 ) R [FYAD]:7 (Piranhas) REMOTE SOLD ITEM hlc_lmg_M60E4 FOR 650 POPTABS AND 65 RESPECT | PLAYER TOTAL MONEY: 2754
[20:49:24:919082 --7:00] [Thread 8000] PLAYER: ( 76561197990791038 ) R [FYAD]:7 (Piranhas) REMOTE SOLD ITEM HandGrenade FOR 20 POPTABS AND 2 RESPECT | PLAYER TOTAL MONEY: 2774
[20:49:25:946735 --7:00] [Thread 8000] PLAYER: ( 76561197990791038 ) R [FYAD]:7 (Piranhas) REMOTE SOLD ITEM MiniGrenade FOR 15 POPTABS AND 1.5 RESPECT | PLAYER TOTAL MONEY: 2789
[20:49:26:726584 --7:00] [Thread 8000] PLAYER: ( 76561197990791038 ) R [FYAD]:7 (Piranhas) REMOTE SOLD ITEM CUP_arifle_M4A1_BUIS_GL FOR 200 POPTABS AND 20 RESPECT | PLAYER TOTAL MONEY: 2989
[20:49:27:949120 --7:00] [Thread 8000] PLAYER: ( 76561197990791038 ) R [FYAD]:7 (Piranhas) REMOTE SOLD ITEM muzzle_snds_338_black FOR 25 POPTABS AND 2.5 RESPECT | PLAYER TOTAL MONEY: 3014
[20:49:28:706278 --7:00] [Thread 8000] PLAYER: ( 76561197990791038 ) R [FYAD]:7 (Piranhas) REMOTE SOLD ITEM rhs_acc_dtk FOR 70 POPTABS AND 7 RESPECT | PLAYER TOTAL MONEY: 3084
[20:49:29:392730 --7:00] [Thread 8000] PLAYER: ( 76561197990791038 ) R [FYAD]:7 (Piranhas) REMOTE SOLD ITEM rhsusf_acc_grip2 FOR 50 POPTABS AND 5 RESPECT | PLAYER TOTAL MONEY: 3134
[20:49:30:167749 --7:00] [Thread 8000] PLAYER: ( 76561197990791038 ) R [FYAD]:7 (Piranhas) REMOTE SOLD ITEM H_Booniehat_tan FOR 3 POPTABS AND 0.3 RESPECT | PLAYER TOTAL MONEY: 3137
[20:49:30:857773 --7:00] [Thread 8000] PLAYER: ( 76561197990791038 ) R [FYAD]:7 (Piranhas) REMOTE SOLD ITEM hlc_optic_Kern2d FOR 100 POPTABS AND 10 RESPECT | PLAYER TOTAL MONEY: 3237
[20:49:31:654654 --7:00] [Thread 3524] PLAYER: ( 76561197990791038 ) R [FYAD]:7 (Piranhas) REMOTE SOLD ITEM CUP_V_BAF_Osprey_Mk2_DDPM_Scout FOR 40 POPTABS AND 4 RESPECT | PLAYER TOTAL MONEY: 3277
[20:49:57:126751 --7:00] [Thread 8000] PLAYER: ( 76561197990791038 ) R [FYAD]:7 (Piranhas) REMOTE SOLD ITEM srifle_DMR_06_olive_F FOR 410 POPTABS AND 41 RESPECT | PLAYER TOTAL MONEY: 3687
[20:50:03:262393 --7:00] [Thread 8000] PLAYER: ( 76561197990791038 ) R [FYAD]:7 (Piranhas) REMOTE SOLD ITEM hlc_50rnd_762x51_M_G3 FOR 30 POPTABS AND 3 RESPECT | PLAYER TOTAL MONEY: 3717
[20:50:04:076064 --7:00] [Thread 8000] PLAYER: ( 76561197990791038 ) R [FYAD]:7 (Piranhas) REMOTE SOLD ITEM 1Rnd_HE_Grenade_shell FOR 35 POPTABS AND 3.5 RESPECT | PLAYER TOTAL MONEY: 3752
[20:50:04:821619 --7:00] [Thread 8000] PLAYER: ( 76561197990791038 ) R [FYAD]:7 (Piranhas) REMOTE SOLD ITEM U_I_FullGhillie_sard FOR 75 POPTABS AND 7.5 RESPECT | PLAYER TOTAL MONEY: 3827
[20:50:06:019133 --7:00] [Thread 8000] PLAYER: ( 76561197990791038 ) R [FYAD]:7 (Piranhas) REMOTE SOLD ITEM U_O_FullGhillie_lsh FOR 75 POPTABS AND 7.5 RESPECT | PLAYER TOTAL MONEY: 3902
[20:50:36:028101 --7:00] [Thread 8000] PLAYER: ( 76561197990791038 ) R [FYAD]:7 (Piranhas) REMOTE SOLD ITEM rhsusf_mag_10Rnd_STD_50BMG_mk211 FOR 250 POPTABS AND 25 RESPECT | PLAYER TOTAL MONEY: 4152
[20:50:38:994391 --7:00] [Thread 8000] PLAYER: ( 76561197990791038 ) R [FYAD]:7 (Piranhas) REMOTE SOLD ITEM 20Rnd_762x51_Mag FOR 10 POPTABS AND 1 RESPECT | PLAYER TOTAL MONEY: 4162
[20:50:39:269667 --7:00] [Thread 8000] PLAYER: ( 76561197990791038 ) R [FYAD]:7 (Piranhas) REMOTE SOLD ITEM 1Rnd_HE_Grenade_shell FOR 35 POPTABS AND 3.5 RESPECT | PLAYER TOTAL MONEY: 4197
[20:50:39:592589 --7:00] [Thread 8000] PLAYER: ( 76561197990791038 ) R [FYAD]:7 (Piranhas) REMOTE SOLD ITEM 20Rnd_762x51_Mag FOR 10 POPTABS AND 1 RESPECT | PLAYER TOTAL MONEY: 4207
[20:50:39:913126 --7:00] [Thread 8000] PLAYER: ( 76561197990791038 ) R [FYAD]:7 (Piranhas) REMOTE SOLD ITEM 20Rnd_762x51_Mag FOR 10 POPTABS AND 1 RESPECT | PLAYER TOTAL MONEY: 4217
[20:50:41:044613 --7:00] [Thread 8000] PLAYER: ( 76561197990791038 ) R [FYAD]:7 (Piranhas) REMOTE SOLD ITEM 20Rnd_762x51_Mag FOR 10 POPTABS AND 1 RESPECT | PLAYER TOTAL MONEY: 4227
[20:50:41:710425 --7:00] [Thread 8000] PLAYER: ( 76561197990791038 ) R [FYAD]:7 (Piranhas) REMOTE SOLD ITEM rhs_VG40MD_Green FOR 25 POPTABS AND 2.5 RESPECT | PLAYER TOTAL MONEY: 4252
[20:50:45:159378 --7:00] [Thread 8000] PLAYER: ( 76561197990791038 ) R [FYAD]:7 (Piranhas) REMOTE SOLD ITEM V_PlateCarrierSpec_blk FOR 100 POPTABS AND 10 RESPECT | PLAYER TOTAL MONEY: 4352
[20:51:17:519546 --7:00] [Thread 8000] PLAYER: ( 76561197990791038 ) R [FYAD]:7 (Piranhas) REMOTE SOLD ITEM hlc_200rnd_556x45_M_SAW FOR 50 POPTABS AND 5 RESPECT | PLAYER TOTAL MONEY: 4402
[20:51:18:192311 --7:00] [Thread 6124] PLAYER: ( 76561197990791038 ) R [FYAD]:7 (Piranhas) REMOTE SOLD ITEM hlc_200rnd_556x45_M_SAW FOR 50 POPTABS AND 5 RESPECT | PLAYER TOTAL MONEY: 4452
[20:51:19:426649 --7:00] [Thread 3524] PLAYER: ( 76561197990791038 ) R [FYAD]:7 (Piranhas) REMOTE SOLD ITEM hlc_200rnd_556x45_M_SAW FOR 50 POPTABS AND 5 RESPECT | PLAYER TOTAL MONEY: 4502
[20:51:44:153368 --7:00] [Thread 8000] PLAYER: ( 76561197990791038 ) R [FYAD]:7 (Piranhas) REMOTE SOLD ITEM hlc_200rnd_556x45_M_SAW FOR 50 POPTABS AND 5 RESPECT | PLAYER TOTAL MONEY: 4552
[20:51:45:927806 --7:00] [Thread 8000] PLAYER: ( 76561197990791038 ) R [FYAD]:7 (Piranhas) REMOTE SOLD ITEM B_FieldPack_cbr FOR 60 POPTABS AND 6 RESPECT | PLAYER TOTAL MONEY: 4612
[20:52:35:361476 --7:00] [Thread 8000] PLAYER: ( 76561198042091159 ) R [FYAD]:3 (Mac) REMOTE SOLD ITEM G_Sport_Greenblack FOR 3 POPTABS AND 0.3 RESPECT | PLAYER TOTAL MONEY: 53
[20:54:16:551790 --7:00] [Thread 8000] PLAYER: ( 76561198042091159 ) R [FYAD]:3 (Mac) REMOTE SOLD ITEM ItemRadio FOR 20 POPTABS AND 2 RESPECT | PLAYER TOTAL MONEY: 73
[20:55:55:962525 --7:00] [Thread 8000] PLAYER: ( 76561198042091159 ) R [FYAD]:3 (Mac) REMOTE SOLD ITEM Exile_Magazine_8Rnd_74Pellets FOR 10 POPTABS AND 1 RESPECT | PLAYER TOTAL MONEY: 83
[20:55:58:803461 --7:00] [Thread 6124] PLAYER: ( 76561198042091159 ) R [FYAD]:3 (Mac) REMOTE SOLD ITEM Exile_Magazine_8Rnd_74Pellets FOR 10 POPTABS AND 1 RESPECT | PLAYER TOTAL MONEY: 93
[20:56:00:774422 --7:00] [Thread 8000] PLAYER: ( 76561198042091159 ) R [FYAD]:3 (Mac) REMOTE SOLD ITEM Exile_Magazine_8Rnd_74Pellets FOR 10 POPTABS AND 1 RESPECT | PLAYER TOTAL MONEY: 103
[20:56:03:301636 --7:00] [Thread 6124] PLAYER: ( 76561198042091159 ) R [FYAD]:3 (Mac) REMOTE SOLD ITEM Exile_Magazine_8Rnd_74Pellets FOR 10 POPTABS AND 1 RESPECT | PLAYER TOTAL MONEY: 113
[20:56:35:278196 --7:00] [Thread 8000] PLAYER: ( 76561198042091159 ) R [FYAD]:3 (Mac) REMOTE SOLD ITEM Exile_Magazine_8Rnd_74Slug FOR 10 POPTABS AND 1 RESPECT | PLAYER TOTAL MONEY: 123
[20:56:42:035801 --7:00] [Thread 6124] PLAYER: ( 76561198042091159 ) R [FYAD]:3 (Mac) REMOTE SOLD ITEM Exile_Item_Heatpack FOR 25 POPTABS AND 2.5 RESPECT | PLAYER TOTAL MONEY: 148
[20:56:49:223222 --7:00] [Thread 8000] PLAYER: ( 76561198042091159 ) R [FYAD]:3 (Mac) REMOTE SOLD ITEM CUP_17Rnd_9x19_glock17 FOR 4 POPTABS AND 0.4 RESPECT | PLAYER TOTAL MONEY: 152
[20:56:55:956784 --7:00] [Thread 6124] PLAYER: ( 76561198042091159 ) R [FYAD]:3 (Mac) REMOTE SOLD ITEM Exile_Item_Heatpack FOR 25 POPTABS AND 2.5 RESPECT | PLAYER TOTAL MONEY: 177
[20:57:49:477304 --7:00] [Thread 3524] PLAYER: ( 76561198042091159 ) R [FYAD]:3 (Mac) REMOTE PURCHASED ITEM Exile_Item_Matches FOR 60 POPTABS | PLAYER TOTAL MONEY: 117
[21:05:13:302156 --7:00] [Thread 6124] PLAYER: ( 76561197986298617 ) R [FYAD]:6 (Maulth) REMOTE SOLD ITEM hlc_30Rnd_9x19_B_MP5 FOR 15 POPTABS AND 1.5 RESPECT | PLAYER TOTAL MONEY: 65
[21:05:19:335000 --7:00] [Thread 1576] PLAYER: ( 76561197986298617 ) R [FYAD]:6 (Maulth) REMOTE SOLD ITEM hlc_30Rnd_9x19_B_MP5 FOR 15 POPTABS AND 1.5 RESPECT | PLAYER TOTAL MONEY: 80
[21:06:54:806841 --7:00] [Thread 6124] PLAYER: ( 76561197986298617 ) R [FYAD]:6 (Maulth) REMOTE SOLD ITEM hlc_30rnd_556x45_MDIM_G36 FOR 20 POPTABS AND 2 RESPECT | PLAYER TOTAL MONEY: 100
[21:07:35:599656 --7:00] [Thread 9788] PLAYER: ( 76561197986298617 ) R [FYAD]:6 (Maulth) REMOTE SOLD ITEM hlc_smg_mp5a4 FOR 450 POPTABS AND 45 RESPECT | PLAYER TOTAL MONEY: 550
[21:47:34:963326 --7:00] [Thread 3440] PLAYER: ( 76561198013512846 ) R [FYAD]:4 (Brad) REMOTE SOLD ITEM rhs_mag_30Rnd_556x45_M855A1_Stanag_Tracer_Yellow FOR 15 POPTABS AND 1.5 RESPECT | PLAYER TOTAL MONEY: 15
[21:47:40:324546 --7:00] [Thread 9396] PLAYER: ( 76561198013512846 ) R [FYAD]:4 (Brad) REMOTE SOLD ITEM optic_Holosight_smg FOR 25 POPTABS AND 2.5 RESPECT | PLAYER TOTAL MONEY: 40
[21:47:43:420706 --7:00] [Thread 9396] PLAYER: ( 76561198013512846 ) R [FYAD]:4 (Brad) REMOTE SOLD ITEM rhs_acc_perst3 FOR 50 POPTABS AND 5 RESPECT | PLAYER TOTAL MONEY: 90
[21:47:54:171913 --7:00] [Thread 9396] PLAYER: ( 76561198013512846 ) R [FYAD]:4 (Brad) REMOTE SOLD ITEM 1Rnd_Smoke_Grenade_shell FOR 4 POPTABS AND 0.4 RESPECT | PLAYER TOTAL MONEY: 94
[21:48:01:468575 --7:00] [Thread 9396] PLAYER: ( 76561198013512846 ) R [FYAD]:4 (Brad) REMOTE SOLD ITEM rhsusf_mag_40Rnd_46x30_AP FOR 30 POPTABS AND 3 RESPECT | PLAYER TOTAL MONEY: 124
[21:48:11:823982 --7:00] [Thread 9396] PLAYER: ( 76561198013512846 ) R [FYAD]:4 (Brad) REMOTE SOLD ITEM 30Rnd_9x21_Mag_SMG_02_Tracer_Green FOR 7 POPTABS AND 0.7 RESPECT | PLAYER TOTAL MONEY: 131
[21:48:16:607777 --7:00] [Thread 9396] PLAYER: ( 76561198013512846 ) R [FYAD]:4 (Brad) REMOTE SOLD ITEM SmokeShell FOR 3 POPTABS AND 0.3 RESPECT | PLAYER TOTAL MONEY: 134
[21:48:19:024513 --7:00] [Thread 9396] PLAYER: ( 76561198013512846 ) R [FYAD]:4 (Brad) REMOTE SOLD ITEM SmokeShellGreen FOR 3 POPTABS AND 0.3 RESPECT | PLAYER TOTAL MONEY: 137
[21:48:32:514031 --7:00] [Thread 9396] PLAYER: ( 76561198042091159 ) R [FYAD]:2 (Mac) REMOTE SOLD ITEM B_OutdoorPack_blk FOR 40 POPTABS AND 4 RESPECT | PLAYER TOTAL MONEY: 40
[21:48:34:276986 --7:00] [Thread 9396] PLAYER: ( 76561198042091159 ) R [FYAD]:2 (Mac) REMOTE SOLD ITEM FlareGreen_F FOR 3 POPTABS AND 0.3 RESPECT | PLAYER TOTAL MONEY: 43
[21:48:35:187097 --7:00] [Thread 9396] PLAYER: ( 76561198042091159 ) R [FYAD]:2 (Mac) REMOTE SOLD ITEM U_C_Man_casual_4_F FOR 5 POPTABS AND 0.5 RESPECT | PLAYER TOTAL MONEY: 48
[21:49:36:535001 --7:00] [Thread 9396] PLAYER: ( 76561198013512846 ) R [FYAD]:4 (Brad) REMOTE SOLD ITEM rhsusf_mag_40Rnd_46x30_JHP FOR 30 POPTABS AND 3 RESPECT | PLAYER TOTAL MONEY: 167
[21:49:38:699208 --7:00] [Thread 7184] PLAYER: ( 76561198013512846 ) R [FYAD]:4 (Brad) REMOTE SOLD ITEM optic_Aco FOR 35 POPTABS AND 3.5 RESPECT | PLAYER TOTAL MONEY: 202
[21:49:49:599609 --7:00] [Thread 9396] PLAYER: ( 76561198013512846 ) R [FYAD]:4 (Brad) REMOTE SOLD ITEM rhs_acc_perst3_2dp_h FOR 50 POPTABS AND 5 RESPECT | PLAYER TOTAL MONEY: 252
[21:49:59:757361 --7:00] [Thread 7184] PLAYER: ( 76561198013512846 ) R [FYAD]:4 (Brad) REMOTE SOLD ITEM Exile_Item_Heatpack FOR 25 POPTABS AND 2.5 RESPECT | PLAYER TOTAL MONEY: 277
[21:50:04:696550 --7:00] [Thread 9396] PLAYER: ( 76561198013512846 ) R [FYAD]:4 (Brad) REMOTE SOLD ITEM CUP_100Rnd_TE1_Red_Tracer_556x45_BetaCMag FOR 5 POPTABS AND 0.5 RESPECT | PLAYER TOTAL MONEY: 282
[21:50:08:537666 --7:00] [Thread 7184] PLAYER: ( 76561198013512846 ) R [FYAD]:4 (Brad) REMOTE SOLD ITEM rhsusf_mag_17Rnd_9x19_FMJ FOR 10 POPTABS AND 1 RESPECT | PLAYER TOTAL MONEY: 292
[21:50:11:942672 --7:00] [Thread 9396] PLAYER: ( 76561198013512846 ) R [FYAD]:4 (Brad) REMOTE SOLD ITEM 30Rnd_9x21_Mag_SMG_02_Tracer_Green FOR 7 POPTABS AND 0.7 RESPECT | PLAYER TOTAL MONEY: 299
[21:50:13:887431 --7:00] [Thread 7184] PLAYER: ( 76561198013512846 ) R [FYAD]:4 (Brad) REMOTE SOLD ITEM Exile_Magazine_8Rnd_74Slug FOR 10 POPTABS AND 1 RESPECT | PLAYER TOTAL MONEY: 309
[21:50:15:428229 --7:00] [Thread 9396] PLAYER: ( 76561198013512846 ) R [FYAD]:4 (Brad) REMOTE SOLD ITEM CUP_6Rnd_45ACP_M FOR 4 POPTABS AND 0.4 RESPECT | PLAYER TOTAL MONEY: 313
[21:50:18:605796 --7:00] [Thread 7184] PLAYER: ( 76561198013512846 ) R [FYAD]:4 (Brad) REMOTE SOLD ITEM optic_MRD FOR 5 POPTABS AND 0.5 RESPECT | PLAYER TOTAL MONEY: 318
[21:52:36:710563 --7:00] [Thread 9396] PLAYER: ( 76561198013512846 ) R [FYAD]:4 (Brad) REMOTE SOLD ITEM: CUP_B_Ural_Repair_CDF (ID# <null>) with Cargo ["Exile_Item_Magazine03"] FOR 6500 POPTABS AND 650 RESPECT | PLAYER TOTAL MONEY: 6818
[21:54:51:291682 --7:00] [Thread 9396] PLAYER: ( 76561197986298617 ) R [FYAD]:3 (Maulth) REMOTE SOLD ITEM Exile_Item_PlasticBottleEmpty FOR 2 POPTABS AND 0.2 RESPECT | PLAYER TOTAL MONEY: 2
[21:54:54:281637 --7:00] [Thread 7184] PLAYER: ( 76561197986298617 ) R [FYAD]:3 (Maulth) REMOTE SOLD ITEM Exile_Item_ChocolateMilk FOR 12 POPTABS AND 1.2 RESPECT | PLAYER TOTAL MONEY: 14
[21:54:58:052586 --7:00] [Thread 7184] PLAYER: ( 76561197986298617 ) R [FYAD]:3 (Maulth) REMOTE SOLD ITEM Exile_Item_PowerDrink FOR 30 POPTABS AND 3 RESPECT | PLAYER TOTAL MONEY: 44
[21:55:01:967355 --7:00] [Thread 7184] PLAYER: ( 76561197986298617 ) R [FYAD]:3 (Maulth) REMOTE SOLD ITEM optic_Holosight_smg FOR 25 POPTABS AND 2.5 RESPECT | PLAYER TOTAL MONEY: 69
[21:55:03:645944 --7:00] [Thread 7184] PLAYER: ( 76561197986298617 ) R [FYAD]:3 (Maulth) REMOTE SOLD ITEM CUP_optic_PSO_3 FOR 25 POPTABS AND 2.5 RESPECT | PLAYER TOTAL MONEY: 94
[21:55:05:255136 --7:00] [Thread 7184] PLAYER: ( 76561197986298617 ) R [FYAD]:3 (Maulth) REMOTE SOLD ITEM CUP_optic_LeupoldMk4_MRT_tan FOR 25 POPTABS AND 2.5 RESPECT | PLAYER TOTAL MONEY: 119
[21:55:05:976119 --7:00] [Thread 7184] PLAYER: ( 76561197986298617 ) R [FYAD]:3 (Maulth) REMOTE SOLD ITEM H_Cap_headphones FOR 3 POPTABS AND 0.3 RESPECT | PLAYER TOTAL MONEY: 122
[21:55:06:374664 --7:00] [Thread 7184] PLAYER: ( 76561197986298617 ) R [FYAD]:3 (Maulth) REMOTE SOLD ITEM optic_KHS_hex FOR 150 POPTABS AND 15 RESPECT | PLAYER TOTAL MONEY: 272
[21:55:09:286590 --7:00] [Thread 7184] PLAYER: ( 76561197986298617 ) R [FYAD]:3 (Maulth) REMOTE SOLD ITEM rhs_acc_dtk1 FOR 70 POPTABS AND 7 RESPECT | PLAYER TOTAL MONEY: 342
[21:55:10:934244 --7:00] [Thread 7184] PLAYER: ( 76561197986298617 ) R [FYAD]:3 (Maulth) REMOTE SOLD ITEM muzzle_snds_acp FOR 5 POPTABS AND 0.5 RESPECT | PLAYER TOTAL MONEY: 347
[21:55:12:131327 --7:00] [Thread 7184] PLAYER: ( 76561197986298617 ) R [FYAD]:3 (Maulth) REMOTE SOLD ITEM muzzle_snds_acp FOR 5 POPTABS AND 0.5 RESPECT | PLAYER TOTAL MONEY: 352
[21:55:13:321773 --7:00] [Thread 7184] PLAYER: ( 76561197986298617 ) R [FYAD]:3 (Maulth) REMOTE SOLD ITEM CUP_lmg_L110A1 FOR 150 POPTABS AND 15 RESPECT | PLAYER TOTAL MONEY: 502
[21:55:15:406766 --7:00] [Thread 7184] PLAYER: ( 76561197986298617 ) R [FYAD]:3 (Maulth) REMOTE SOLD ITEM srifle_DMR_02_F FOR 400 POPTABS AND 40 RESPECT | PLAYER TOTAL MONEY: 902
[21:55:18:080728 --7:00] [Thread 7184] PLAYER: ( 76561197986298617 ) R [FYAD]:3 (Maulth) REMOTE SOLD ITEM hlc_50rnd_762x51_M_G3 FOR 30 POPTABS AND 3 RESPECT | PLAYER TOTAL MONEY: 932
[21:55:20:545073 --7:00] [Thread 7184] PLAYER: ( 76561197986298617 ) R [FYAD]:3 (Maulth) REMOTE SOLD ITEM 30Rnd_556x45_Stanag_Tracer_Red FOR 10 POPTABS AND 1 RESPECT | PLAYER TOTAL MONEY: 942
[21:55:22:639481 --7:00] [Thread 7184] PLAYER: ( 76561197986298617 ) R [FYAD]:3 (Maulth) REMOTE SOLD ITEM 30Rnd_556x45_Stanag_Tracer_Red FOR 10 POPTABS AND 1 RESPECT | PLAYER TOTAL MONEY: 952
[21:55:24:044222 --7:00] [Thread 7184] PLAYER: ( 76561197986298617 ) R [FYAD]:3 (Maulth) REMOTE SOLD ITEM 30Rnd_556x45_Stanag_Tracer_Red FOR 10 POPTABS AND 1 RESPECT | PLAYER TOTAL MONEY: 962
[21:55:26:903195 --7:00] [Thread 7184] PLAYER: ( 76561197986298617 ) R [FYAD]:3 (Maulth) REMOTE SOLD ITEM 1Rnd_SmokeBlue_Grenade_shell FOR 4 POPTABS AND 0.4 RESPECT | PLAYER TOTAL MONEY: 966
[21:55:28:041993 --7:00] [Thread 7184] PLAYER: ( 76561197986298617 ) R [FYAD]:3 (Maulth) REMOTE SOLD ITEM 1Rnd_SmokeYellow_Grenade_shell FOR 4 POPTABS AND 0.4 RESPECT | PLAYER TOTAL MONEY: 970
[21:55:30:119354 --7:00] [Thread 7184] PLAYER: ( 76561197986298617 ) R [FYAD]:3 (Maulth) REMOTE SOLD ITEM 1Rnd_HE_Grenade_shell FOR 35 POPTABS AND 3.5 RESPECT | PLAYER TOTAL MONEY: 1005
[21:55:33:292154 --7:00] [Thread 7184] PLAYER: ( 76561197986298617 ) R [FYAD]:3 (Maulth) REMOTE SOLD ITEM 1Rnd_HE_Grenade_shell FOR 35 POPTABS AND 3.5 RESPECT | PLAYER TOTAL MONEY: 1040
[21:55:34:520188 --7:00] [Thread 7184] PLAYER: ( 76561197986298617 ) R [FYAD]:3 (Maulth) REMOTE SOLD ITEM 30Rnd_556x45_Stanag_Tracer_Red FOR 10 POPTABS AND 1 RESPECT | PLAYER TOTAL MONEY: 1050
[21:55:36:871777 --7:00] [Thread 7184] PLAYER: ( 76561197986298617 ) R [FYAD]:3 (Maulth) REMOTE SOLD ITEM 1Rnd_SmokeRed_Grenade_shell FOR 4 POPTABS AND 0.4 RESPECT | PLAYER TOTAL MONEY: 1054
[21:55:39:447266 --7:00] [Thread 7184] PLAYER: ( 76561197986298617 ) R [FYAD]:3 (Maulth) REMOTE SOLD ITEM Exile_Item_Pliers FOR 175 POPTABS AND 17.5 RESPECT | PLAYER TOTAL MONEY: 1229
[21:55:40:620245 --7:00] [Thread 7184] PLAYER: ( 76561197986298617 ) R [FYAD]:3 (Maulth) REMOTE SOLD ITEM Exile_Item_ExtensionCord FOR 20 POPTABS AND 2 RESPECT | PLAYER TOTAL MONEY: 1249
[21:55:42:502768 --7:00] [Thread 7184] PLAYER: ( 76561197986298617 ) R [FYAD]:3 (Maulth) REMOTE SOLD ITEM Exile_Item_Heatpack FOR 25 POPTABS AND 2.5 RESPECT | PLAYER TOTAL MONEY: 1274
[21:55:43:360780 --7:00] [Thread 7184] PLAYER: ( 76561197986298617 ) R [FYAD]:3 (Maulth) REMOTE SOLD ITEM Exile_Item_EMRE FOR 27 POPTABS AND 2.7 RESPECT | PLAYER TOTAL MONEY: 1301
[21:55:45:352481 --7:00] [Thread 7184] PLAYER: ( 76561197986298617 ) R [FYAD]:3 (Maulth) REMOTE SOLD ITEM Chemlight_red FOR 1 POPTABS AND 0.1 RESPECT | PLAYER TOTAL MONEY: 1302
[21:56:20:159749 --7:00] [Thread 7184] PLAYER: ( 76561197986298617 ) R [FYAD]:3 (Maulth) REMOTE SOLD ITEM hlc_30Rnd_9x19_B_MP5 FOR 15 POPTABS AND 1.5 RESPECT | PLAYER TOTAL MONEY: 1317
[21:56:21:495268 --7:00] [Thread 7184] PLAYER: ( 76561197986298617 ) R [FYAD]:3 (Maulth) REMOTE SOLD ITEM Exile_Item_MountainDupe FOR 15 POPTABS AND 1.5 RESPECT | PLAYER TOTAL MONEY: 1332
[21:56:22:589796 --7:00] [Thread 7184] PLAYER: ( 76561197986298617 ) R [FYAD]:3 (Maulth) REMOTE SOLD ITEM Exile_Item_MountainDupe FOR 15 POPTABS AND 1.5 RESPECT | PLAYER TOTAL MONEY: 1347
[21:56:23:711245 --7:00] [Thread 7184] PLAYER: ( 76561197986298617 ) R [FYAD]:3 (Maulth) REMOTE SOLD ITEM Exile_Item_SeedAstics FOR 6 POPTABS AND 0.6 RESPECT | PLAYER TOTAL MONEY: 1353
[21:56:24:782031 --7:00] [Thread 7184] PLAYER: ( 76561197986298617 ) R [FYAD]:3 (Maulth) REMOTE SOLD ITEM Exile_Item_Cheathas FOR 9 POPTABS AND 0.9 RESPECT | PLAYER TOTAL MONEY: 1362
[21:56:26:961665 --7:00] [Thread 7184] PLAYER: ( 76561197986298617 ) R [FYAD]:3 (Maulth) REMOTE SOLD ITEM Exile_Item_PlasticBottleFreshWater FOR 4 POPTABS AND 0.4 RESPECT | PLAYER TOTAL MONEY: 1366
[21:56:27:777206 --7:00] [Thread 7184] PLAYER: ( 76561197986298617 ) R [FYAD]:3 (Maulth) REMOTE SOLD ITEM hlc_30Rnd_9x19_B_MP5 FOR 15 POPTABS AND 1.5 RESPECT | PLAYER TOTAL MONEY: 1381
[21:56:30:599293 --7:00] [Thread 7184] PLAYER: ( 76561197986298617 ) R [FYAD]:3 (Maulth) REMOTE SOLD ITEM Exile_Item_MountainDupe FOR 15 POPTABS AND 1.5 RESPECT | PLAYER TOTAL MONEY: 1396
[21:56:31:989505 --7:00] [Thread 7184] PLAYER: ( 76561197986298617 ) R [FYAD]:3 (Maulth) REMOTE SOLD ITEM Exile_Item_MountainDupe FOR 15 POPTABS AND 1.5 RESPECT | PLAYER TOTAL MONEY: 1411
[21:58:13:025005 --7:00] [Thread 7184] PLAYER: ( 76561198042091159 ) R [FYAD]:2 (Mac) REMOTE SOLD ITEM: CUP_B_LR_Ambulance_GB_D (ID# <null>) with Cargo [] FOR 6400 POPTABS AND 640 RESPECT | PLAYER TOTAL MONEY: 6400
[21:58:20:495235 --7:00] [Thread 7184] PLAYER: ( 76561197986298617 ) R [FYAD]:3 (Maulth) REMOTE SOLD ITEM: CUP_O_Ural_Open_CHDKZ (ID# <null>) with Cargo ["Exile_Item_Cement","Exile_Item_ZipTie","ACE_20Rnd_762x67_Mk248_Mod_0_Mag","ACE_20Rnd_762x67_Mk248_Mod_0_Mag","Exile_Item_ZipTie","ACE_20Rnd_762x67_Mk248_Mod_0_Mag","hlc_rifle_g3a3ris_XMAG"] FOR 6250 POPTABS AND 625 RESPECT | PLAYER TOTAL MONEY: 7661
[21:58:21:697503 --7:00] [Thread 9396] PLAYER: ( 76561198013512846 ) R [FYAD]:4 (Brad) REMOTE PURCHASED ITEM Exile_Magazine_30Rnd_545x39_AK FOR 20 POPTABS | PLAYER TOTAL MONEY: 30
[21:58:45:511939 --7:00] [Thread 9396] PLAYER: ( 76561198013512846 ) R [FYAD]:4 (Brad) REMOTE PURCHASED ITEM 30Rnd_556x45_Stanag FOR 20 POPTABS | PLAYER TOTAL MONEY: 10
[21:59:00:409211 --7:00] [Thread 7184] PLAYER: ( 76561198013512846 ) R [FYAD]:4 (Brad) REMOTE SOLD ITEM Exile_Magazine_30Rnd_545x39_AK FOR 10 POPTABS AND 1 RESPECT | PLAYER TOTAL MONEY: 20
[21:59:04:674136 --7:00] [Thread 3440] PLAYER: ( 76561198013512846 ) R [FYAD]:4 (Brad) REMOTE PURCHASED ITEM 30Rnd_556x45_Stanag FOR 20 POPTABS | PLAYER TOTAL MONEY: 0
[22:01:11:419399 --7:00] [Thread 9396] PLAYER: ( 76561198042091159 ) R [FYAD]:2 (Mac) REMOTE SOLD ITEM: CUP_C_Octavia_CIV (ID# <null>) with Cargo [] FOR 0 POPTABS AND 0 RESPECT | PLAYER TOTAL MONEY: 0
[22:05:29:758890 --7:00] [Thread 9396] PLAYER: ( 76561198042091159 ) R [FYAD]:2 (Mac) REMOTE SOLD ITEM: CUP_B_LR_Transport_CZ_W (ID# <null>) with Cargo [] FOR 6400 POPTABS AND 640 RESPECT | PLAYER TOTAL MONEY: 6400
[22:07:19:277124 --7:00] [Thread 9396] PLAYER: ( 76561198013512846 ) R [FYAD]:4 (Brad) REMOTE PURCHASED VEHICLE RHS_UAZ_MSV_01 FOR 1700 POPTABS | PLAYER TOTAL MONEY: 300
[22:07:32:213577 --7:00] [Thread 9396] PLAYER: ( 76561198042091159 ) R [FYAD]:2 (Mac) REMOTE SOLD ITEM arifle_ARX_ghex_F FOR 465 POPTABS AND 46.5 RESPECT | PLAYER TOTAL MONEY: 3430
[22:07:54:486791 --7:00] [Thread 3440] PLAYER: ( 76561198042091159 ) R [FYAD]:2 (Mac) REMOTE SOLD ITEM 30Rnd_65x39_caseless_green_mag_Tracer FOR 15 POPTABS AND 1.5 RESPECT | PLAYER TOTAL MONEY: 3445
[22:08:34:868423 --7:00] [Thread 7184] PLAYER: ( 76561198042091159 ) R [FYAD]:2 (Mac) REMOTE PURCHASED ITEM Exile_Weapon_AK107 FOR 300 POPTABS | PLAYER TOTAL MONEY: 3145
[22:08:51:405066 --7:00] [Thread 7184] PLAYER: ( 76561198042091159 ) R [FYAD]:2 (Mac) REMOTE PURCHASED ITEM Exile_Magazine_30Rnd_545x39_AK_Green FOR 20 POPTABS | PLAYER TOTAL MONEY: 3125
[22:08:53:006368 --7:00] [Thread 3440] PLAYER: ( 76561198042091159 ) R [FYAD]:2 (Mac) REMOTE PURCHASED ITEM Exile_Magazine_30Rnd_545x39_AK_Green FOR 20 POPTABS | PLAYER TOTAL MONEY: 3105
[22:08:54:063426 --7:00] [Thread 7184] PLAYER: ( 76561198042091159 ) R [FYAD]:2 (Mac) REMOTE PURCHASED ITEM Exile_Magazine_30Rnd_545x39_AK_Green FOR 20 POPTABS | PLAYER TOTAL MONEY: 3085
[22:46:31:379785 --7:00] [Thread 3152] PLAYER: ( 76561198042091159 ) R Alpha 1-2:1 (Mac) REMOTE SOLD ITEM B_OutdoorPack_blk FOR 40 POPTABS AND 4 RESPECT | PLAYER TOTAL MONEY: 3125
[22:46:32:601525 --7:00] [Thread 3108] PLAYER: ( 76561198042091159 ) R Alpha 1-2:1 (Mac) REMOTE SOLD ITEM B_AssaultPack_blk FOR 45 POPTABS AND 4.5 RESPECT | PLAYER TOTAL MONEY: 3170
[22:46:33:768858 --7:00] [Thread 3152] PLAYER: ( 76561198042091159 ) R Alpha 1-2:1 (Mac) REMOTE SOLD ITEM B_AssaultPack_khk FOR 45 POPTABS AND 4.5 RESPECT | PLAYER TOTAL MONEY: 3215
[22:46:34:943277 --7:00] [Thread 3152] PLAYER: ( 76561198042091159 ) R Alpha 1-2:1 (Mac) REMOTE SOLD ITEM B_AssaultPack_cbr FOR 45 POPTABS AND 4.5 RESPECT | PLAYER TOTAL MONEY: 3260
[22:46:37:411014 --7:00] [Thread 3152] PLAYER: ( 76561198042091159 ) R Alpha 1-2:1 (Mac) REMOTE SOLD ITEM Exile_Magazine_8Rnd_74Slug FOR 10 POPTABS AND 1 RESPECT | PLAYER TOTAL MONEY: 3270
[22:46:38:585510 --7:00] [Thread 3108] PLAYER: ( 76561198042091159 ) R Alpha 1-2:1 (Mac) REMOTE SOLD ITEM rhs_mag_9x19_17 FOR 3 POPTABS AND 0.3 RESPECT | PLAYER TOTAL MONEY: 3273
[22:46:39:691981 --7:00] [Thread 3152] PLAYER: ( 76561198042091159 ) R Alpha 1-2:1 (Mac) REMOTE SOLD ITEM rhs_mag_9x19_17 FOR 3 POPTABS AND 0.3 RESPECT | PLAYER TOTAL MONEY: 3276
[22:46:41:075067 --7:00] [Thread 3152] PLAYER: ( 76561198042091159 ) R Alpha 1-2:1 (Mac) REMOTE SOLD ITEM rhs_weap_pya FOR 75 POPTABS AND 7.5 RESPECT | PLAYER TOTAL MONEY: 3351
[23:14:43:735316 --7:00] [Thread 3152] PLAYER: ( 76561198042091159 ) R Alpha 1-2:1 (Mac) REMOTE SOLD ITEM U_I_C_Soldier_Bandit_3_F FOR 7 POPTABS AND 0.7 RESPECT | PLAYER TOTAL MONEY: 3588
[23:14:45:820406 --7:00] [Thread 3108] PLAYER: ( 76561198042091159 ) R Alpha 1-2:1 (Mac) REMOTE SOLD ITEM V_RebreatherIA FOR 125 POPTABS AND 12.5 RESPECT | PLAYER TOTAL MONEY: 3713
[23:14:47:466681 --7:00] [Thread 3108] PLAYER: ( 76561198042091159 ) R Alpha 1-2:1 (Mac) REMOTE SOLD ITEM H_Shemag_tan FOR 5 POPTABS AND 0.5 RESPECT | PLAYER TOTAL MONEY: 3718
[23:14:49:085182 --7:00] [Thread 3108] PLAYER: ( 76561198042091159 ) R Alpha 1-2:1 (Mac) REMOTE SOLD ITEM ItemWatch FOR 1 POPTABS AND 0.1 RESPECT | PLAYER TOTAL MONEY: 3719
[23:14:50:405355 --7:00] [Thread 3108] PLAYER: ( 76561198042091159 ) R Alpha 1-2:1 (Mac) REMOTE SOLD ITEM ItemMap FOR 3 POPTABS AND 0.3 RESPECT | PLAYER TOTAL MONEY: 3722
[23:14:51:662856 --7:00] [Thread 3108] PLAYER: ( 76561198042091159 ) R Alpha 1-2:1 (Mac) REMOTE SOLD ITEM ItemCompass FOR 3 POPTABS AND 0.3 RESPECT | PLAYER TOTAL MONEY: 3725
[23:14:55:148198 --7:00] [Thread 1960] PLAYER: ( 76561198042091159 ) R Alpha 1-2:1 (Mac) REMOTE SOLD ITEM Exile_Weapon_AK107 FOR 150 POPTABS AND 15 RESPECT | PLAYER TOTAL MONEY: 3875
[23:14:57:773448 --7:00] [Thread 3108] PLAYER: ( 76561198042091159 ) R Alpha 1-2:1 (Mac) REMOTE SOLD ITEM arifle_MX_khk_F FOR 225 POPTABS AND 22.5 RESPECT | PLAYER TOTAL MONEY: 4100
[23:14:58:948324 --7:00] [Thread 3108] PLAYER: ( 76561198042091159 ) R Alpha 1-2:1 (Mac) REMOTE SOLD ITEM hgun_Pistol_heavy_01_F FOR 40 POPTABS AND 4 RESPECT | PLAYER TOTAL MONEY: 4140
[23:15:00:267209 --7:00] [Thread 3108] PLAYER: ( 76561198042091159 ) R Alpha 1-2:1 (Mac) REMOTE SOLD ITEM hgun_ACPC2_F FOR 25 POPTABS AND 2.5 RESPECT | PLAYER TOTAL MONEY: 4165
[23:15:01:803094 --7:00] [Thread 3108] PLAYER: ( 76561198042091159 ) R Alpha 1-2:1 (Mac) REMOTE SOLD ITEM Exile_Magazine_30Rnd_545x39_AK_Green FOR 10 POPTABS AND 1 RESPECT | PLAYER TOTAL MONEY: 4175
[23:15:05:686631 --7:00] [Thread 3108] PLAYER: ( 76561198042091159 ) R Alpha 1-2:1 (Mac) REMOTE SOLD ITEM Exile_Magazine_30Rnd_545x39_AK_Green FOR 10 POPTABS AND 1 RESPECT | PLAYER TOTAL MONEY: 4185
[23:15:07:589705 --7:00] [Thread 3108] PLAYER: ( 76561198042091159 ) R Alpha 1-2:1 (Mac) REMOTE SOLD ITEM 30Rnd_65x39_caseless_mag FOR 10 POPTABS AND 1 RESPECT | PLAYER TOTAL MONEY: 4195
[23:15:11:423673 --7:00] [Thread 3108] PLAYER: ( 76561198042091159 ) R Alpha 1-2:1 (Mac) REMOTE SOLD ITEM 30Rnd_65x39_caseless_mag FOR 10 POPTABS AND 1 RESPECT | PLAYER TOTAL MONEY: 4205
[23:15:14:726740 --7:00] [Thread 1960] PLAYER: ( 76561198042091159 ) R Alpha 1-2:1 (Mac) REMOTE SOLD ITEM 11Rnd_45ACP_Mag FOR 4 POPTABS AND 0.4 RESPECT | PLAYER TOTAL MONEY: 4209
[23:15:17:619016 --7:00] [Thread 3108] PLAYER: ( 76561198042091159 ) R Alpha 1-2:1 (Mac) REMOTE SOLD ITEM 30Rnd_65x39_caseless_mag FOR 10 POPTABS AND 1 RESPECT | PLAYER TOTAL MONEY: 4219
[23:15:19:277268 --7:00] [Thread 3108] PLAYER: ( 76561198042091159 ) R Alpha 1-2:1 (Mac) REMOTE SOLD ITEM 11Rnd_45ACP_Mag FOR 4 POPTABS AND 0.4 RESPECT | PLAYER TOTAL MONEY: 4223
[23:15:20:465782 --7:00] [Thread 3108] PLAYER: ( 76561198042091159 ) R Alpha 1-2:1 (Mac) REMOTE SOLD ITEM 9Rnd_45ACP_Mag FOR 3 POPTABS AND 0.3 RESPECT | PLAYER TOTAL MONEY: 4226
[23:15:23:257929 --7:00] [Thread 3108] PLAYER: ( 76561198042091159 ) R Alpha 1-2:1 (Mac) REMOTE SOLD ITEM 9Rnd_45ACP_Mag FOR 3 POPTABS AND 0.3 RESPECT | PLAYER TOTAL MONEY: 4229
[23:15:25:213693 --7:00] [Thread 3108] PLAYER: ( 76561198042091159 ) R Alpha 1-2:1 (Mac) REMOTE SOLD ITEM 9Rnd_45ACP_Mag FOR 3 POPTABS AND 0.3 RESPECT | PLAYER TOTAL MONEY: 4232
[23:15:32:105078 --7:00] [Thread 3108] PLAYER: ( 76561198042091159 ) R Alpha 1-2:1 (Mac) REMOTE SOLD ITEM Exile_Item_InstaDoc FOR 625 POPTABS AND 62.5 RESPECT | PLAYER TOTAL MONEY: 4857
[23:15:34:626074 --7:00] [Thread 3108] PLAYER: ( 76561198042091159 ) R Alpha 1-2:1 (Mac) REMOTE SOLD ITEM Exile_Item_InstaDoc FOR 625 POPTABS AND 62.5 RESPECT | PLAYER TOTAL MONEY: 5482
[23:15:35:913289 --7:00] [Thread 3108] PLAYER: ( 76561198042091159 ) R Alpha 1-2:1 (Mac) REMOTE SOLD ITEM Exile_Item_InstaDoc FOR 625 POPTABS AND 62.5 RESPECT | PLAYER TOTAL MONEY: 6107
[23:15:38:658003 --7:00] [Thread 3108] PLAYER: ( 76561198042091159 ) R Alpha 1-2:1 (Mac) REMOTE SOLD ITEM B_Kitbag_cbr FOR 100 POPTABS AND 10 RESPECT | PLAYER TOTAL MONEY: 6207
[23:19:38:258992 --7:00] [Thread 1960] PLAYER: ( 76561197986298617 ) R Alpha 2-1:1 (Maulth) REMOTE PURCHASED ITEM Exile_Item_Beer FOR 50 POPTABS | PLAYER TOTAL MONEY: 450
[23:19:42:122896 --7:00] [Thread 3152] PLAYER: ( 76561197986298617 ) R Alpha 2-1:1 (Maulth) REMOTE PURCHASED ITEM Exile_Item_EnergyDrink FOR 40 POPTABS | PLAYER TOTAL MONEY: 410
[23:19:48:552593 --7:00] [Thread 1960] PLAYER: ( 76561197986298617 ) R Alpha 2-1:1 (Maulth) REMOTE PURCHASED ITEM Exile_Item_Noodles FOR 14 POPTABS | PLAYER TOTAL MONEY: 396
[23:43:32:839384 --7:00] [Thread 7224] PLAYER: ( 76561198006601941 ) R Maulth's Party:3 (LifeReapr) REMOTE SOLD ITEM: RHS_UAZ_MSV_01 (ID# 5) with Cargo ["Exile_Item_DogFood","Exile_Item_Magazine04","Exile_Item_Magazine04","Exile_Item_Magazine03","Exile_Item_Magazine01","Exile_Item_ZipTie","rhsusf_acc_grip2_tan"] FOR 59 POPTABS AND 5.9 RESPECT | PLAYER TOTAL MONEY: 59
[00:30:23:781212 --7:00] [Thread 9980] PLAYER: ( 76561198042091159 ) R FYAD:3 (Mac) REMOTE SOLD ITEM: CUP_C_Datsun_Covered (ID# <null>) with Cargo [] FOR 6000 POPTABS AND 600 RESPECT | PLAYER TOTAL MONEY: 6000
[00:33:06:981733 --7:00] [Thread 9980] PLAYER: ( 76561198006601941 ) R FYAD:2 (LifeReapr) REMOTE SOLD ITEM SMG_05_F FOR 75 POPTABS AND 7.5 RESPECT | PLAYER TOTAL MONEY: 394
[00:33:09:478214 --7:00] [Thread 9504] PLAYER: ( 76561198006601941 ) R FYAD:2 (LifeReapr) REMOTE SOLD ITEM SMG_05_F FOR 75 POPTABS AND 7.5 RESPECT | PLAYER TOTAL MONEY: 469
[00:33:11:513543 --7:00] [Thread 9980] PLAYER: ( 76561198006601941 ) R FYAD:2 (LifeReapr) REMOTE SOLD ITEM SMG_05_F FOR 75 POPTABS AND 7.5 RESPECT | PLAYER TOTAL MONEY: 544
[00:33:13:892176 --7:00] [Thread 1972] PLAYER: ( 76561198006601941 ) R FYAD:2 (LifeReapr) REMOTE SOLD ITEM SMG_05_F FOR 75 POPTABS AND 7.5 RESPECT | PLAYER TOTAL MONEY: 619
[00:33:16:273151 --7:00] [Thread 9980] PLAYER: ( 76561198006601941 ) R FYAD:2 (LifeReapr) REMOTE SOLD ITEM hgun_Rook40_F FOR 25 POPTABS AND 2.5 RESPECT | PLAYER TOTAL MONEY: 644
[00:33:17:767984 --7:00] [Thread 9504] PLAYER: ( 76561198042091159 ) R FYAD:3 (Mac) REMOTE SOLD ITEM Exile_Magazine_8Rnd_74Pellets FOR 10 POPTABS AND 1 RESPECT | PLAYER TOTAL MONEY: 5010
[00:33:24:157883 --7:00] [Thread 9980] PLAYER: ( 76561198042091159 ) R FYAD:3 (Mac) REMOTE SOLD ITEM 30Rnd_9x21_Mag FOR 20 POPTABS AND 2 RESPECT | PLAYER TOTAL MONEY: 5030
[00:33:26:539641 --7:00] [Thread 9504] PLAYER: ( 76561198042091159 ) R FYAD:3 (Mac) REMOTE SOLD ITEM Exile_Item_Can_Empty FOR 1 POPTABS AND 0.1 RESPECT | PLAYER TOTAL MONEY: 5031
[00:33:28:669784 --7:00] [Thread 9980] PLAYER: ( 76561198042091159 ) R FYAD:3 (Mac) REMOTE SOLD ITEM Exile_Magazine_8Rnd_74Slug FOR 10 POPTABS AND 1 RESPECT | PLAYER TOTAL MONEY: 5041
[00:33:29:931537 --7:00] [Thread 1972] PLAYER: ( 76561198042091159 ) R FYAD:3 (Mac) REMOTE SOLD ITEM Exile_Magazine_8Rnd_74Slug FOR 10 POPTABS AND 1 RESPECT | PLAYER TOTAL MONEY: 5051
[00:33:52:459635 --7:00] [Thread 9504] PLAYER: ( 76561198042091159 ) R FYAD:3 (Mac) REMOTE SOLD ITEM 1Rnd_HE_Grenade_shell FOR 35 POPTABS AND 3.5 RESPECT | PLAYER TOTAL MONEY: 5086
[00:34:01:448185 --7:00] [Thread 1972] PLAYER: ( 76561198042091159 ) R FYAD:3 (Mac) REMOTE SOLD ITEM Exile_Magazine_8Rnd_74Pellets FOR 10 POPTABS AND 1 RESPECT | PLAYER TOTAL MONEY: 5096
[00:34:03:858605 --7:00] [Thread 9504] PLAYER: ( 76561198042091159 ) R FYAD:3 (Mac) REMOTE SOLD ITEM Exile_Magazine_8Rnd_74Pellets FOR 10 POPTABS AND 1 RESPECT | PLAYER TOTAL MONEY: 5106
[00:34:05:798595 --7:00] [Thread 1972] PLAYER: ( 76561198042091159 ) R FYAD:3 (Mac) REMOTE SOLD ITEM Exile_Magazine_8Rnd_74Pellets FOR 10 POPTABS AND 1 RESPECT | PLAYER TOTAL MONEY: 5116
[00:34:07:825742 --7:00] [Thread 9504] PLAYER: ( 76561198042091159 ) R FYAD:3 (Mac) REMOTE SOLD ITEM Exile_Weapon_M1014 FOR 100 POPTABS AND 10 RESPECT | PLAYER TOTAL MONEY: 5216
[00:34:10:256783 --7:00] [Thread 9980] PLAYER: ( 76561198042091159 ) R FYAD:3 (Mac) REMOTE SOLD ITEM ItemWatch FOR 1 POPTABS AND 0.1 RESPECT | PLAYER TOTAL MONEY: 5217
[00:34:39:010716 --7:00] [Thread 9504] PLAYER: ( 76561198042091159 ) R FYAD:3 (Mac) REMOTE SOLD ITEM rhs_mag_9x18_8_57N181S FOR 10 POPTABS AND 1 RESPECT | PLAYER TOTAL MONEY: 5227
[00:39:35:540191 --7:00] [Thread 9504] PLAYER: ( 76561198042091159 ) R FYAD:3 (Mac) REMOTE PURCHASED ITEM Exile_Item_CanOpener FOR 80 POPTABS | PLAYER TOTAL MONEY: 5147
[00:39:47:384967 --7:00] [Thread 9980] PLAYER: ( 76561198006601941 ) R FYAD:2 (LifeReapr) REMOTE PURCHASED ITEM Exile_Item_CanOpener FOR 80 POPTABS | PLAYER TOTAL MONEY: 0
[00:40:43:844216 --7:00] [Thread 9980] PLAYER: ( 76561198042091159 ) R FYAD:3 (Mac) REMOTE PURCHASED ITEM CUP_20Rnd_762x51_FNFAL_M FOR 10 POPTABS | PLAYER TOTAL MONEY: 5137
[01:00:26:460215 --7:00] [Thread 8288] PLAYER: ( 76561198006601941 ) R FYAD:2 (LifeReapr) REMOTE SOLD ITEM CUP_10Rnd_9x39_SP5_VSS_M FOR 5 POPTABS AND 0.5 RESPECT | PLAYER TOTAL MONEY: 5
[01:00:27:293060 --7:00] [Thread 1972] PLAYER: ( 76561198006601941 ) R FYAD:2 (LifeReapr) REMOTE SOLD ITEM CUP_10Rnd_9x39_SP5_VSS_M FOR 5 POPTABS AND 0.5 RESPECT | PLAYER TOTAL MONEY: 10
[01:00:28:483921 --7:00] [Thread 8288] PLAYER: ( 76561198006601941 ) R FYAD:2 (LifeReapr) REMOTE SOLD ITEM CUP_10Rnd_9x39_SP5_VSS_M FOR 5 POPTABS AND 0.5 RESPECT | PLAYER TOTAL MONEY: 15
[01:00:30:470272 --7:00] [Thread 1972] PLAYER: ( 76561198006601941 ) R FYAD:2 (LifeReapr) REMOTE SOLD ITEM CUP_10Rnd_9x39_SP5_VSS_M FOR 5 POPTABS AND 0.5 RESPECT | PLAYER TOTAL MONEY: 20
[01:00:31:547793 --7:00] [Thread 8288] PLAYER: ( 76561198006601941 ) R FYAD:2 (LifeReapr) REMOTE SOLD ITEM 10Rnd_127x54_Mag FOR 15 POPTABS AND 1.5 RESPECT | PLAYER TOTAL MONEY: 35
[01:00:32:245317 --7:00] [Thread 1972] PLAYER: ( 76561198006601941 ) R FYAD:2 (LifeReapr) REMOTE SOLD ITEM CUP_srifle_VSSVintorez FOR 750 POPTABS AND 75 RESPECT | PLAYER TOTAL MONEY: 785
[01:00:33:617824 --7:00] [Thread 8288] PLAYER: ( 76561198006601941 ) R FYAD:2 (LifeReapr) REMOTE SOLD ITEM rhs_weap_m70ab2 FOR 750 POPTABS AND 75 RESPECT | PLAYER TOTAL MONEY: 1535
[02:24:02:471427 --7:00] [Thread 9504] PLAYER: ( 76561198006601941 ) R FYAD:2 (LifeReapr) REMOTE SOLD ITEM SmokeShellYellow FOR 3 POPTABS AND 0.3 RESPECT | PLAYER TOTAL MONEY: 1963
[02:24:06:550178 --7:00] [Thread 8288] PLAYER: ( 76561198006601941 ) R FYAD:2 (LifeReapr) REMOTE SOLD ITEM arifle_MX_khk_F FOR 225 POPTABS AND 22.5 RESPECT | PLAYER TOTAL MONEY: 2188
[02:24:09:286163 --7:00] [Thread 8288] PLAYER: ( 76561198006601941 ) R FYAD:2 (LifeReapr) REMOTE SOLD ITEM bipod_01_F_khk FOR 5 POPTABS AND 0.5 RESPECT | PLAYER TOTAL MONEY: 2193
[02:24:14:342464 --7:00] [Thread 8288] PLAYER: ( 76561198006601941 ) R FYAD:2 (LifeReapr) REMOTE SOLD ITEM Exile_Item_InstaDoc FOR 625 POPTABS AND 62.5 RESPECT | PLAYER TOTAL MONEY: 2818
[02:25:19:196719 --7:00] [Thread 8288] PLAYER: ( 76561198042091159 ) R FYAD:3 (Mac) REMOTE SOLD ITEM hlc_rifle_M1903A1 FOR 500 POPTABS AND 50 RESPECT | PLAYER TOTAL MONEY: 500
[02:28:49:590070 --7:00] [Thread 9504] PLAYER: ( 76561198042091159 ) R FYAD:3 (Mac) REMOTE PURCHASED ITEM Exile_Item_DuctTape FOR 300 POPTABS | PLAYER TOTAL MONEY: 200
[02:49:29:624305 --7:00] [Thread 8288] PLAYER: ( 76561197986298617 ) R FYAD:4 (Maulth) REMOTE SOLD ITEM: I_C_Offroad_02_unarmed_F (ID# <null>) with Cargo ["150Rnd_556x45_Drum_Mag_F","9Rnd_45ACP_Mag","9Rnd_45ACP_Mag","100Rnd_65x39_caseless_mag_Tracer","100Rnd_65x39_caseless_mag_Tracer","Exile_Item_Bandage","Exile_Item_Bandage","Exile_Item_Bandage","hlc_5rnd_3006_1903","30Rnd_65x39_caseless_mag","arifle_MX_SW_F","arifle_SPAR_02_blk_F","150Rnd_556x45_Drum_Mag_F","hgun_ACPC2_F","9Rnd_45ACP_Mag","arifle_MX_SW_khk_F","bipod_01_F_khk","bipod_01_F_khk"] FOR 13233 POPTABS AND 1323.3 RESPECT | PLAYER TOTAL MONEY: 13233
[02:52:16:064725 --7:00] [Thread 9980] PLAYER: ( 76561197986298617 ) R FYAD:4 (Maulth) REMOTE PURCHASED ITEM rhsusf_mich_bare_norotos_alt_semi_headset FOR 120 POPTABS | PLAYER TOTAL MONEY: 13113
[02:52:58:925338 --7:00] [Thread 9504] PLAYER: ( 76561197986298617 ) R FYAD:4 (Maulth) REMOTE PURCHASED ITEM CUP_arifle_Mk17_STD_SFG FOR 400 POPTABS | PLAYER TOTAL MONEY: 12713
[02:53:02:285715 --7:00] [Thread 8288] PLAYER: ( 76561197986298617 ) R FYAD:4 (Maulth) REMOTE SOLD ITEM hlc_rifle_FAL5061 FOR 490 POPTABS AND 49 RESPECT | PLAYER TOTAL MONEY: 13203
[02:53:23:286893 --7:00] [Thread 9980] PLAYER: ( 76561197986298617 ) R FYAD:4 (Maulth) REMOTE PURCHASED ITEM CUP_muzzle_snds_SCAR_H FOR 20 POPTABS | PLAYER TOTAL MONEY: 13183
[02:53:25:625173 --7:00] [Thread 8288] PLAYER: ( 76561197986298617 ) R FYAD:4 (Maulth) REMOTE PURCHASED ITEM CUP_20Rnd_TE1_Yellow_Tracer_762x51_SCAR FOR 10 POPTABS | PLAYER TOTAL MONEY: 13173
[02:53:26:235862 --7:00] [Thread 8288] PLAYER: ( 76561197986298617 ) R FYAD:4 (Maulth) REMOTE PURCHASED ITEM CUP_20Rnd_TE1_Yellow_Tracer_762x51_SCAR FOR 10 POPTABS | PLAYER TOTAL MONEY: 13163
[02:53:26:860252 --7:00] [Thread 8288] PLAYER: ( 76561197986298617 ) R FYAD:4 (Maulth) REMOTE PURCHASED ITEM CUP_20Rnd_TE1_Yellow_Tracer_762x51_SCAR FOR 10 POPTABS | PLAYER TOTAL MONEY: 13153
[02:53:27:464639 --7:00] [Thread 8288] PLAYER: ( 76561197986298617 ) R FYAD:4 (Maulth) REMOTE PURCHASED ITEM CUP_20Rnd_TE1_Yellow_Tracer_762x51_SCAR FOR 10 POPTABS | PLAYER TOTAL MONEY: 13143
[02:55:06:815108 --7:00] [Thread 9980] PLAYER: ( 76561197986298617 ) R FYAD:4 (Maulth) REMOTE SOLD ITEM CUP_arifle_Mk17_STD_SFG FOR 215 POPTABS AND 21.5 RESPECT | PLAYER TOTAL MONEY: 3358
[02:55:33:428312 --7:00] [Thread 2568] PLAYER: ( 76561197986298617 ) R FYAD:4 (Maulth) REMOTE PURCHASED ITEM CUP_arifle_XM8_Carbine_GL FOR 400 POPTABS | PLAYER TOTAL MONEY: 2958
[02:55:47:616649 --7:00] [Thread 2568] PLAYER: ( 76561197986298617 ) R FYAD:4 (Maulth) REMOTE PURCHASED ITEM CUP_muzzle_snds_XM8 FOR 20 POPTABS | PLAYER TOTAL MONEY: 2938
[02:55:50:100476 --7:00] [Thread 2568] PLAYER: ( 76561197986298617 ) R FYAD:4 (Maulth) REMOTE PURCHASED ITEM CUP_30Rnd_556x45_G36 FOR 10 POPTABS | PLAYER TOTAL MONEY: 2928
[02:55:50:852964 --7:00] [Thread 2568] PLAYER: ( 76561197986298617 ) R FYAD:4 (Maulth) REMOTE PURCHASED ITEM CUP_30Rnd_556x45_G36 FOR 10 POPTABS | PLAYER TOTAL MONEY: 2918
[02:56:03:873678 --7:00] [Thread 2568] PLAYER: ( 76561197986298617 ) R FYAD:4 (Maulth) REMOTE PURCHASED ITEM CUP_100Rnd_TE1_Red_Tracer_556x45_BetaCMag FOR 10 POPTABS | PLAYER TOTAL MONEY: 2908
[02:56:04:393144 --7:00] [Thread 2568] PLAYER: ( 76561197986298617 ) R FYAD:4 (Maulth) REMOTE PURCHASED ITEM CUP_100Rnd_TE1_Red_Tracer_556x45_BetaCMag FOR 10 POPTABS | PLAYER TOTAL MONEY: 2898
[03:14:47:868751 --7:00] [Thread 1972] PLAYER: ( 76561198006601941 ) R FYAD:1 (LifeReapr) REMOTE SOLD ITEM: CUP_C_Datsun_Plain (ID# <null>) with Cargo [] FOR 6000 POPTABS AND 600 RESPECT | PLAYER TOTAL MONEY: 6000
[04:31:58:914433 --7:00] [Thread 2568] PLAYER: ( 76561197990791038 ) R Alpha 1-5:1 (Piranhas) REMOTE PURCHASED ITEM Exile_Item_EnergyDrink FOR 40 POPTABS | PLAYER TOTAL MONEY: 160
[04:31:59:898664 --7:00] [Thread 9980] PLAYER: ( 76561197990791038 ) R Alpha 1-5:1 (Piranhas) REMOTE PURCHASED ITEM Exile_Item_EnergyDrink FOR 40 POPTABS | PLAYER TOTAL MONEY: 120
[04:32:03:450970 --7:00] [Thread 2568] PLAYER: ( 76561197990791038 ) R Alpha 1-5:1 (Piranhas) REMOTE PURCHASED ITEM Exile_Item_Noodles FOR 14 POPTABS | PLAYER TOTAL MONEY: 106
[04:32:04:732163 --7:00] [Thread 9980] PLAYER: ( 76561197990791038 ) R Alpha 1-5:1 (Piranhas) REMOTE PURCHASED ITEM Exile_Item_Noodles FOR 14 POPTABS | PLAYER TOTAL MONEY: 92
[04:49:48:281887 --7:00] [Thread 1972] PLAYER: ( 76561197990791038 ) R Alpha 1-5:1 (Piranhas) REMOTE SOLD ITEM arifle_SPAR_01_GL_khk_F FOR 250 POPTABS AND 25 RESPECT | PLAYER TOTAL MONEY: 457
[04:49:49:319472 --7:00] [Thread 2568] PLAYER: ( 76561197990791038 ) R Alpha 1-5:1 (Piranhas) REMOTE SOLD ITEM 30Rnd_556x45_Stanag FOR 10 POPTABS AND 1 RESPECT | PLAYER TOTAL MONEY: 467
[04:49:50:326864 --7:00] [Thread 1972] PLAYER: ( 76561197990791038 ) R Alpha 1-5:1 (Piranhas) REMOTE SOLD ITEM 6Rnd_45ACP_Cylinder FOR 4 POPTABS AND 0.4 RESPECT | PLAYER TOTAL MONEY: 471
[04:49:51:012162 --7:00] [Thread 1972] PLAYER: ( 76561197990791038 ) R Alpha 1-5:1 (Piranhas) REMOTE SOLD ITEM hgun_Pistol_heavy_02_F FOR 40 POPTABS AND 4 RESPECT | PLAYER TOTAL MONEY: 511
[04:49:56:316366 --7:00] [Thread 1972] PLAYER: ( 76561197990791038 ) R Alpha 1-5:1 (Piranhas) REMOTE SOLD ITEM 1Rnd_HE_Grenade_shell FOR 35 POPTABS AND 3.5 RESPECT | PLAYER TOTAL MONEY: 546
[04:49:57:471750 --7:00] [Thread 2568] PLAYER: ( 76561197990791038 ) R Alpha 1-5:1 (Piranhas) REMOTE SOLD ITEM 1Rnd_HE_Grenade_shell FOR 35 POPTABS AND 3.5 RESPECT | PLAYER TOTAL MONEY: 581
[04:49:59:476205 --7:00] [Thread 1972] PLAYER: ( 76561197990791038 ) R Alpha 1-5:1 (Piranhas) REMOTE SOLD ITEM APERSMine_Range_Mag FOR 300 POPTABS AND 30 RESPECT | PLAYER TOTAL MONEY: 881
[04:50:00:401012 --7:00] [Thread 1972] PLAYER: ( 76561197990791038 ) R Alpha 1-5:1 (Piranhas) REMOTE SOLD ITEM HandGrenade FOR 20 POPTABS AND 2 RESPECT | PLAYER TOTAL MONEY: 901
[04:50:01:392429 --7:00] [Thread 1972] PLAYER: ( 76561197990791038 ) R Alpha 1-5:1 (Piranhas) REMOTE SOLD ITEM 10Rnd_127x54_Mag FOR 15 POPTABS AND 1.5 RESPECT | PLAYER TOTAL MONEY: 916
[04:50:08:295225 --7:00] [Thread 1972] PLAYER: ( 76561197990791038 ) R Alpha 1-5:1 (Piranhas) REMOTE SOLD ITEM CUP_B_RUS_Backpack FOR 100 POPTABS AND 10 RESPECT | PLAYER TOTAL MONEY: 1016
[04:50:10:718082 --7:00] [Thread 9980] PLAYER: ( 76561197990791038 ) R Alpha 1-5:1 (Piranhas) REMOTE SOLD ITEM hlc_lmg_M249E2 FOR 500 POPTABS AND 50 RESPECT | PLAYER TOTAL MONEY: 1516
[04:50:11:881673 --7:00] [Thread 1972] PLAYER: ( 76561197990791038 ) R Alpha 1-5:1 (Piranhas) REMOTE SOLD ITEM rhs_weap_svdp_wd FOR 500 POPTABS AND 50 RESPECT | PLAYER TOTAL MONEY: 2016
[04:50:12:700227 --7:00] [Thread 1972] PLAYER: ( 76561197990791038 ) R Alpha 1-5:1 (Piranhas) REMOTE SOLD ITEM srifle_DMR_04_F FOR 350 POPTABS AND 35 RESPECT | PLAYER TOTAL MONEY: 2366
[04:50:14:194943 --7:00] [Thread 1972] PLAYER: ( 76561197990791038 ) R Alpha 1-5:1 (Piranhas) REMOTE SOLD ITEM hlc_rifle_awcovert FOR 500 POPTABS AND 50 RESPECT | PLAYER TOTAL MONEY: 2866
[04:50:15:093917 --7:00] [Thread 1972] PLAYER: ( 76561197990791038 ) R Alpha 1-5:1 (Piranhas) REMOTE SOLD ITEM srifle_DMR_05_hex_F FOR 425 POPTABS AND 42.5 RESPECT | PLAYER TOTAL MONEY: 3291
[04:50:16:426333 --7:00] [Thread 1972] PLAYER: ( 76561197990791038 ) R Alpha 1-5:1 (Piranhas) REMOTE SOLD ITEM CUP_H_Navy_CrewHelmet_Yellow FOR 30 POPTABS AND 3 RESPECT | PLAYER TOTAL MONEY: 3321
[04:50:17:478151 --7:00] [Thread 1972] PLAYER: ( 76561197990791038 ) R Alpha 1-5:1 (Piranhas) REMOTE SOLD ITEM rhsusf_acc_grip2 FOR 50 POPTABS AND 5 RESPECT | PLAYER TOTAL MONEY: 3371
[04:50:18:247191 --7:00] [Thread 1972] PLAYER: ( 76561197990791038 ) R Alpha 1-5:1 (Piranhas) REMOTE SOLD ITEM optic_LRPS_ghex_F FOR 150 POPTABS AND 15 RESPECT | PLAYER TOTAL MONEY: 3521
[04:50:18:980369 --7:00] [Thread 1972] PLAYER: ( 76561197990791038 ) R Alpha 1-5:1 (Piranhas) REMOTE SOLD ITEM optic_LRPS_ghex_F FOR 150 POPTABS AND 15 RESPECT | PLAYER TOTAL MONEY: 3671
[04:50:19:721552 --7:00] [Thread 1972] PLAYER: ( 76561197990791038 ) R Alpha 1-5:1 (Piranhas) REMOTE SOLD ITEM rhssaf_helmet_m97_olive_nocamo_black_ess FOR 50 POPTABS AND 5 RESPECT | PLAYER TOTAL MONEY: 3721
[04:50:20:979470 --7:00] [Thread 1972] PLAYER: ( 76561197990791038 ) R Alpha 1-5:1 (Piranhas) REMOTE SOLD ITEM optic_KHS_tan FOR 150 POPTABS AND 15 RESPECT | PLAYER TOTAL MONEY: 3871
[04:50:22:266022 --7:00] [Thread 1972] PLAYER: ( 76561197990791038 ) R Alpha 1-5:1 (Piranhas) REMOTE SOLD ITEM optic_KHS_tan FOR 150 POPTABS AND 15 RESPECT | PLAYER TOTAL MONEY: 4021
[04:50:23:860027 --7:00] [Thread 1972] PLAYER: ( 76561197990791038 ) R Alpha 1-5:1 (Piranhas) REMOTE SOLD ITEM rhs_altyn_novisor FOR 75 POPTABS AND 7.5 RESPECT | PLAYER TOTAL MONEY: 4096
[04:50:24:826940 --7:00] [Thread 1972] PLAYER: ( 76561197990791038 ) R Alpha 1-5:1 (Piranhas) REMOTE SOLD ITEM H_MilCap_ghex_F FOR 4 POPTABS AND 0.4 RESPECT | PLAYER TOTAL MONEY: 4100
[04:50:25:619728 --7:00] [Thread 1972] PLAYER: ( 76561197990791038 ) R Alpha 1-5:1 (Piranhas) REMOTE SOLD ITEM rhsusf_ach_bare_des_headset FOR 60 POPTABS AND 6 RESPECT | PLAYER TOTAL MONEY: 4160
[04:50:26:335694 --7:00] [Thread 1972] PLAYER: ( 76561197990791038 ) R Alpha 1-5:1 (Piranhas) REMOTE SOLD ITEM V_RebreatherB FOR 125 POPTABS AND 12.5 RESPECT | PLAYER TOTAL MONEY: 4285
[04:50:27:330369 --7:00] [Thread 1972] PLAYER: ( 76561197990791038 ) R Alpha 1-5:1 (Piranhas) REMOTE SOLD ITEM V_Chestrig_oli FOR 15 POPTABS AND 1.5 RESPECT | PLAYER TOTAL MONEY: 4300
[04:50:28:210932 --7:00] [Thread 1972] PLAYER: ( 76561197990791038 ) R Alpha 1-5:1 (Piranhas) REMOTE SOLD ITEM CUP_V_O_TK_Vest_2 FOR 35 POPTABS AND 3.5 RESPECT | PLAYER TOTAL MONEY: 4335
[04:50:29:313639 --7:00] [Thread 1972] PLAYER: ( 76561197990791038 ) R Alpha 1-5:1 (Piranhas) REMOTE SOLD ITEM U_B_GhillieSuit FOR 50 POPTABS AND 5 RESPECT | PLAYER TOTAL MONEY: 4385
[04:50:32:771872 --7:00] [Thread 1972] PLAYER: ( 76561197990791038 ) R Alpha 1-5:1 (Piranhas) REMOTE SOLD ITEM V_HarnessOSpec_gry FOR 20 POPTABS AND 2 RESPECT | PLAYER TOTAL MONEY: 4405
[04:50:33:741808 --7:00] [Thread 1972] PLAYER: ( 76561197990791038 ) R Alpha 1-5:1 (Piranhas) REMOTE SOLD ITEM V_Chestrig_khk FOR 15 POPTABS AND 1.5 RESPECT | PLAYER TOTAL MONEY: 4420
[04:50:37:303935 --7:00] [Thread 1972] PLAYER: ( 76561197990791038 ) R Alpha 1-5:1 (Piranhas) REMOTE SOLD ITEM U_B_FullGhillie_ard FOR 75 POPTABS AND 7.5 RESPECT | PLAYER TOTAL MONEY: 4495
[04:50:40:012708 --7:00] [Thread 1972] PLAYER: ( 76561197990791038 ) R Alpha 1-5:1 (Piranhas) REMOTE SOLD ITEM rhssaf_vest_md99_woodland_rifleman FOR 100 POPTABS AND 10 RESPECT | PLAYER TOTAL MONEY: 4595
[04:50:46:666578 --7:00] [Thread 2568] PLAYER: ( 76561197990791038 ) R Alpha 1-5:1 (Piranhas) REMOTE PURCHASED ITEM Exile_Item_DuctTape FOR 300 POPTABS | PLAYER TOTAL MONEY: 4295
[04:50:48:445252 --7:00] [Thread 9980] PLAYER: ( 76561197990791038 ) R Alpha 1-5:1 (Piranhas) REMOTE PURCHASED ITEM Exile_Item_DuctTape FOR 300 POPTABS | PLAYER TOTAL MONEY: 3995
[06:09:45:132253 --7:00] [Thread 9980] PLAYER: ( 76561197991787440 ) R Alpha 1-5:1 (Paperz) REMOTE SOLD ITEM Exile_Item_Vishpirin FOR 150 POPTABS AND 15 RESPECT | PLAYER TOTAL MONEY: 150
[06:09:56:474711 --7:00] [Thread 8288] PLAYER: ( 76561197991787440 ) R Alpha 1-5:1 (Paperz) REMOTE SOLD ITEM Exile_Item_PlasticBottleFreshWater FOR 4 POPTABS AND 0.4 RESPECT | PLAYER TOTAL MONEY: 154
[06:10:10:737634 --7:00] [Thread 9980] PLAYER: ( 76561197991787440 ) R Alpha 1-5:1 (Paperz) REMOTE SOLD ITEM Exile_Item_InstaDoc FOR 625 POPTABS AND 62.5 RESPECT | PLAYER TOTAL MONEY: 779
[06:10:15:062297 --7:00] [Thread 8288] PLAYER: ( 76561197991787440 ) R Alpha 1-5:1 (Paperz) REMOTE SOLD ITEM Exile_Weapon_AKS_Gold FOR 275 POPTABS AND 27.5 RESPECT | PLAYER TOTAL MONEY: 1054
[06:10:17:134852 --7:00] [Thread 9980] PLAYER: ( 76561197991787440 ) R Alpha 1-5:1 (Paperz) REMOTE SOLD ITEM CUP_arifle_G36K_camo FOR 200 POPTABS AND 20 RESPECT | PLAYER TOTAL MONEY: 1254
[06:10:19:247890 --7:00] [Thread 8288] PLAYER: ( 76561197991787440 ) R Alpha 1-5:1 (Paperz) REMOTE SOLD ITEM Exile_Weapon_AK107 FOR 150 POPTABS AND 15 RESPECT | PLAYER TOTAL MONEY: 1404
[06:10:21:437372 --7:00] [Thread 9980] PLAYER: ( 76561197991787440 ) R Alpha 1-5:1 (Paperz) REMOTE SOLD ITEM ItemGPS FOR 20 POPTABS AND 2 RESPECT | PLAYER TOTAL MONEY: 1424
[06:10:23:815296 --7:00] [Thread 8288] PLAYER: ( 76561197991787440 ) R Alpha 1-5:1 (Paperz) REMOTE SOLD ITEM ItemGPS FOR 20 POPTABS AND 2 RESPECT | PLAYER TOTAL MONEY: 1444
[06:10:29:525245 --7:00] [Thread 9980] PLAYER: ( 76561197991787440 ) R Alpha 1-5:1 (Paperz) REMOTE SOLD ITEM Exile_Magazine_30Rnd_545x39_AK FOR 10 POPTABS AND 1 RESPECT | PLAYER TOTAL MONEY: 1454
[06:10:32:740016 --7:00] [Thread 8288] PLAYER: ( 76561197991787440 ) R Alpha 1-5:1 (Paperz) REMOTE SOLD ITEM 11Rnd_45ACP_Mag FOR 4 POPTABS AND 0.4 RESPECT | PLAYER TOTAL MONEY: 1458
[06:12:08:804092 --7:00] [Thread 8288] PLAYER: ( 76561197991787440 ) R Alpha 1-5:1 (Paperz) REMOTE SOLD ITEM arifle_ARX_blk_F FOR 460 POPTABS AND 46 RESPECT | PLAYER TOTAL MONEY: 1918
[06:13:31:998232 --7:00] [Thread 1972] PLAYER: ( 76561197991787440 ) R Alpha 1-5:1 (Paperz) REMOTE PURCHASED ITEM CUP_muzzle_snds_XM8 FOR 20 POPTABS | PLAYER TOTAL MONEY: 1898
[06:13:37:936516 --7:00] [Thread 1972] PLAYER: ( 76561197991787440 ) R Alpha 1-5:1 (Paperz) REMOTE PURCHASED ITEM CUP_30Rnd_TE1_Green_Tracer_556x45_G36 FOR 10 POPTABS | PLAYER TOTAL MONEY: 1888
[06:13:39:130550 --7:00] [Thread 1972] PLAYER: ( 76561197991787440 ) R Alpha 1-5:1 (Paperz) REMOTE PURCHASED ITEM CUP_30Rnd_TE1_Green_Tracer_556x45_G36 FOR 10 POPTABS | PLAYER TOTAL MONEY: 1878
[06:13:40:238693 --7:00] [Thread 1972] PLAYER: ( 76561197991787440 ) R Alpha 1-5:1 (Paperz) REMOTE PURCHASED ITEM CUP_30Rnd_TE1_Green_Tracer_556x45_G36 FOR 10 POPTABS | PLAYER TOTAL MONEY: 1868
[06:13:41:358564 --7:00] [Thread 1972] PLAYER: ( 76561197991787440 ) R Alpha 1-5:1 (Paperz) REMOTE PURCHASED ITEM CUP_30Rnd_TE1_Green_Tracer_556x45_G36 FOR 10 POPTABS | PLAYER TOTAL MONEY: 1858
[06:13:43:214906 --7:00] [Thread 1972] PLAYER: ( 76561197991787440 ) R Alpha 1-5:1 (Paperz) REMOTE PURCHASED ITEM CUP_30Rnd_TE1_Green_Tracer_556x45_G36 FOR 10 POPTABS | PLAYER TOTAL MONEY: 1848
[10:50:55:082642 --7:00] [Thread 2568] PLAYER: ( 76561198013512846 ) R Alpha 2-1:1 (Brad) REMOTE SOLD ITEM UGL_FlareYellow_F FOR 4 POPTABS AND 0.4 RESPECT | PLAYER TOTAL MONEY: 4
[10:51:02:632358 --7:00] [Thread 1972] PLAYER: ( 76561198013512846 ) R Alpha 2-1:1 (Brad) REMOTE SOLD ITEM Exile_Magazine_8Rnd_74Pellets FOR 10 POPTABS AND 1 RESPECT | PLAYER TOTAL MONEY: 14
[10:51:13:282149 --7:00] [Thread 2568] PLAYER: ( 76561198013512846 ) R Alpha 2-1:1 (Brad) REMOTE SOLD ITEM bipod_02_F_blk FOR 5 POPTABS AND 0.5 RESPECT | PLAYER TOTAL MONEY: 19
[10:51:15:228316 --7:00] [Thread 1972] PLAYER: ( 76561198013512846 ) R Alpha 2-1:1 (Brad) REMOTE SOLD ITEM muzzle_snds_acp FOR 5 POPTABS AND 0.5 RESPECT | PLAYER TOTAL MONEY: 24
[10:51:17:573210 --7:00] [Thread 1972] PLAYER: ( 76561198013512846 ) R Alpha 2-1:1 (Brad) REMOTE SOLD ITEM 1Rnd_HE_Grenade_shell FOR 35 POPTABS AND 3.5 RESPECT | PLAYER TOTAL MONEY: 59
[10:51:20:886965 --7:00] [Thread 1972] PLAYER: ( 76561198013512846 ) R Alpha 2-1:1 (Brad) REMOTE SOLD ITEM 1Rnd_HE_Grenade_shell FOR 35 POPTABS AND 3.5 RESPECT | PLAYER TOTAL MONEY: 94
[10:51:24:303119 --7:00] [Thread 1972] PLAYER: ( 76561198013512846 ) R Alpha 2-1:1 (Brad) REMOTE SOLD ITEM 20Rnd_650x39_Cased_Mag_F FOR 10 POPTABS AND 1 RESPECT | PLAYER TOTAL MONEY: 104
[10:51:31:219103 --7:00] [Thread 1972] PLAYER: ( 76561198013512846 ) R Alpha 2-1:1 (Brad) REMOTE SOLD ITEM rhsusf_mag_40Rnd_46x30_FMJ FOR 30 POPTABS AND 3 RESPECT | PLAYER TOTAL MONEY: 134
[10:51:33:902827 --7:00] [Thread 1972] PLAYER: ( 76561198013512846 ) R Alpha 2-1:1 (Brad) REMOTE SOLD ITEM CUP_30Rnd_9x19_MP5 FOR 5 POPTABS AND 0.5 RESPECT | PLAYER TOTAL MONEY: 139
[10:51:36:102528 --7:00] [Thread 1972] PLAYER: ( 76561198013512846 ) R Alpha 2-1:1 (Brad) REMOTE SOLD ITEM CUP_30Rnd_9x19_MP5 FOR 5 POPTABS AND 0.5 RESPECT | PLAYER TOTAL MONEY: 144
[10:51:38:391294 --7:00] [Thread 2568] PLAYER: ( 76561198013512846 ) R Alpha 2-1:1 (Brad) REMOTE SOLD ITEM CUP_30Rnd_9x19_MP5 FOR 5 POPTABS AND 0.5 RESPECT | PLAYER TOTAL MONEY: 149
[10:51:40:137441 --7:00] [Thread 1972] PLAYER: ( 76561198013512846 ) R Alpha 2-1:1 (Brad) REMOTE SOLD ITEM Exile_Magazine_8Rnd_74Pellets FOR 10 POPTABS AND 1 RESPECT | PLAYER TOTAL MONEY: 159
[10:51:52:070041 --7:00] [Thread 1972] PLAYER: ( 76561198013512846 ) R Alpha 2-1:1 (Brad) REMOTE SOLD ITEM 10Rnd_338_Mag FOR 15 POPTABS AND 1.5 RESPECT | PLAYER TOTAL MONEY: 174
[10:51:54:216538 --7:00] [Thread 2568] PLAYER: ( 76561198013512846 ) R Alpha 2-1:1 (Brad) REMOTE SOLD ITEM 10Rnd_338_Mag FOR 15 POPTABS AND 1.5 RESPECT | PLAYER TOTAL MONEY: 189
[10:52:32:829298 --7:00] [Thread 2568] PLAYER: ( 76561198013512846 ) R Alpha 2-1:1 (Brad) REMOTE PURCHASED ITEM rhsusf_5Rnd_300winmag_xm2010 FOR 55 POPTABS | PLAYER TOTAL MONEY: 134
[10:53:02:101437 --7:00] [Thread 2568] PLAYER: ( 76561198013512846 ) R Alpha 2-1:1 (Brad) REMOTE PURCHASED ITEM Binocular FOR 40 POPTABS | PLAYER TOTAL MONEY: 94
[10:54:40:166518 --7:00] [Thread 1972] PLAYER: ( 76561198013512846 ) R Alpha 2-1:1 (Brad) REMOTE PURCHASED VEHICLE RHS_UAZ_MSV_01 FOR 1700 POPTABS | PLAYER TOTAL MONEY: 0
[11:08:48:693090 --7:00] [Thread 2568] PLAYER: ( 76561198013512846 ) R Alpha 2-1:1 (Brad) REMOTE PURCHASED ITEM CUP_V_B_MTV_Marksman FOR 70 POPTABS | PLAYER TOTAL MONEY: 430
[11:09:28:454616 --7:00] [Thread 2568] PLAYER: ( 76561198013512846 ) R Alpha 2-1:1 (Brad) REMOTE PURCHASED ITEM Exile_Item_Noodles FOR 14 POPTABS | PLAYER TOTAL MONEY: 416
[11:09:29:932053 --7:00] [Thread 2568] PLAYER: ( 76561198013512846 ) R Alpha 2-1:1 (Brad) REMOTE PURCHASED ITEM Exile_Item_Noodles FOR 14 POPTABS | PLAYER TOTAL MONEY: 402
[11:09:35:203036 --7:00] [Thread 2568] PLAYER: ( 76561198013512846 ) R Alpha 2-1:1 (Brad) REMOTE PURCHASED ITEM Exile_Item_ChocolateMilk FOR 25 POPTABS | PLAYER TOTAL MONEY: 377
[11:09:35:740945 --7:00] [Thread 2568] PLAYER: ( 76561198013512846 ) R Alpha 2-1:1 (Brad) REMOTE PURCHASED ITEM Exile_Item_ChocolateMilk FOR 25 POPTABS | PLAYER TOTAL MONEY: 352
