[20:35:07:749946 --7:00] [Thread 6124] Vanek was killed by an NPC!
[20:58:28:012630 --7:00] [Thread 8000] Brad commited suicide!
[23:45:13:285794 --7:00] [Thread 1960] Mac was killed by an NPC!
[23:49:42:634467 --7:00] [Thread 3152] Maulth was killed by an NPC!
[23:58:19:249395 --7:00] [Thread 1960] Mac was killed by an NPC!
[00:15:28:532680 --7:00] [Thread 8288] Maulth was killed by an NPC!
[00:44:45:340905 --7:00] [Thread 1972] Maulth was killed by an NPC!
[00:46:32:372421 --7:00] [Thread 9980] Maulth commited suicide!
[00:51:04:607592 --7:00] [Thread 1972] Maulth was killed by an NPC!
[00:56:51:682445 --7:00] [Thread 9504] Maulth was killed by an NPC!
[01:06:21:126096 --7:00] [Thread 8288] Maulth died because... Arma.
[01:50:46:678215 --7:00] [Thread 1972] Maulth was killed by an NPC!
[01:55:45:195114 --7:00] [Thread 9980] Maulth was killed by an NPC!
[02:00:20:826640 --7:00] [Thread 2568] Maulth commited suicide!
[02:04:00:706316 --7:00] [Thread 9980] Maulth commited suicide!
[02:08:00:484978 --7:00] [Thread 2568] Maulth was killed by an NPC!
[02:17:29:417050 --7:00] [Thread 9980] Maulth was killed by an NPC!
[03:02:03:679826 --7:00] [Thread 9504] Mac was killed by an NPC!
[03:05:24:562982 --7:00] [Thread 9980] Mac was killed by an NPC!
[05:36:02:806461 --7:00] [Thread 1972] Paperz was killed by an NPC!
[08:52:33:823627 --7:00] [Thread 9980] Brad commited suicide!
[09:54:17:298427 --7:00] [Thread 8288] Brad commited suicide!
[12:34:15:746612 --7:00] [Thread 1972] Maulth was killed by an NPC!
[12:58:54:027232 --7:00] [Thread 8288] Maulth commited suicide!
[16:24:55:438192 --7:00] [Thread 9504] Paper Airplane was killed by an NPC!
