[21:43:15:892356 --7:00] [Thread 8048] PLAYER: ( 76561198006601941 ) R FYAD:2 (LifeReapr) REMOTE SOLD ITEM bipod_03_F_blk FOR 5 POPTABS AND 0.5 RESPECT | PLAYER TOTAL MONEY: 5
[21:44:20:994387 --7:00] [Thread 4788] PLAYER: ( 76561198067886078 ) R FYAD:4 (Paper Airplane) REMOTE SOLD ITEM CUP_arifle_FNFAL_railed FOR 200 POPTABS AND 20 RESPECT | PLAYER TOTAL MONEY: 200
[21:44:25:212369 --7:00] [Thread 7624] PLAYER: ( 76561198067886078 ) R FYAD:4 (Paper Airplane) REMOTE SOLD ITEM CUP_20Rnd_762x51_FNFAL_M FOR 5 POPTABS AND 0.5 RESPECT | PLAYER TOTAL MONEY: 205
[21:44:27:812608 --7:00] [Thread 7624] PLAYER: ( 76561198067886078 ) R FYAD:4 (Paper Airplane) REMOTE SOLD ITEM Exile_Item_XM8 FOR 10 POPTABS AND 1 RESPECT | PLAYER TOTAL MONEY: 215
[21:44:29:484289 --7:00] [Thread 7624] PLAYER: ( 76561198067886078 ) R FYAD:4 (Paper Airplane) REMOTE SOLD ITEM ItemMap FOR 3 POPTABS AND 0.3 RESPECT | PLAYER TOTAL MONEY: 218
[21:44:31:566529 --7:00] [Thread 7624] PLAYER: ( 76561198067886078 ) R FYAD:4 (Paper Airplane) REMOTE SOLD ITEM ItemRadio FOR 20 POPTABS AND 2 RESPECT | PLAYER TOTAL MONEY: 238
[21:44:32:915365 --7:00] [Thread 7624] PLAYER: ( 76561198067886078 ) R FYAD:4 (Paper Airplane) REMOTE SOLD ITEM ItemCompass FOR 3 POPTABS AND 0.3 RESPECT | PLAYER TOTAL MONEY: 241
[21:46:14:977218 --7:00] [Thread 7624] PLAYER: ( 76561198006601941 ) R FYAD:2 (LifeReapr) REMOTE PURCHASED VEHICLE rhsusf_mrzr4_w_mud FOR 2500 POPTABS | PLAYER TOTAL MONEY: 0
[21:52:09:168075 --7:00] [Thread 8048] PLAYER: ( 76561198006601941 ) R FYAD:2 (LifeReapr) REMOTE PURCHASED ITEM rhsusf_mag_10Rnd_STD_50BMG_M33 FOR 100 POPTABS | PLAYER TOTAL MONEY: 400
[21:52:10:408356 --7:00] [Thread 8048] PLAYER: ( 76561198006601941 ) R FYAD:2 (LifeReapr) REMOTE PURCHASED ITEM rhsusf_mag_10Rnd_STD_50BMG_M33 FOR 100 POPTABS | PLAYER TOTAL MONEY: 300
[21:52:11:828548 --7:00] [Thread 8048] PLAYER: ( 76561198006601941 ) R FYAD:2 (LifeReapr) REMOTE PURCHASED ITEM rhsusf_mag_10Rnd_STD_50BMG_M33 FOR 100 POPTABS | PLAYER TOTAL MONEY: 200
[21:52:13:014142 --7:00] [Thread 8048] PLAYER: ( 76561198006601941 ) R FYAD:2 (LifeReapr) REMOTE PURCHASED ITEM rhsusf_mag_10Rnd_STD_50BMG_M33 FOR 100 POPTABS | PLAYER TOTAL MONEY: 100
[21:52:14:338596 --7:00] [Thread 8048] PLAYER: ( 76561198006601941 ) R FYAD:2 (LifeReapr) REMOTE PURCHASED ITEM rhsusf_mag_10Rnd_STD_50BMG_M33 FOR 100 POPTABS | PLAYER TOTAL MONEY: 0
[21:53:13:517113 --7:00] [Thread 8048] PLAYER: ( 76561198006601941 ) R FYAD:2 (LifeReapr) REMOTE PURCHASED ITEM Exile_Item_PlasticBottleEmpty FOR 4 POPTABS | PLAYER TOTAL MONEY: 996
[21:53:17:278578 --7:00] [Thread 8048] PLAYER: ( 76561198006601941 ) R FYAD:2 (LifeReapr) REMOTE PURCHASED ITEM Exile_Item_PlasticBottleEmpty FOR 4 POPTABS | PLAYER TOTAL MONEY: 992
[21:53:25:795604 --7:00] [Thread 8048] PLAYER: ( 76561198006601941 ) R FYAD:2 (LifeReapr) REMOTE PURCHASED ITEM Exile_Item_Noodles FOR 14 POPTABS | PLAYER TOTAL MONEY: 978
[21:53:26:507457 --7:00] [Thread 8048] PLAYER: ( 76561198006601941 ) R FYAD:2 (LifeReapr) REMOTE PURCHASED ITEM Exile_Item_Noodles FOR 14 POPTABS | PLAYER TOTAL MONEY: 964
[21:53:26:917405 --7:00] [Thread 8048] PLAYER: ( 76561198006601941 ) R FYAD:2 (LifeReapr) REMOTE PURCHASED ITEM Exile_Item_Noodles FOR 14 POPTABS | PLAYER TOTAL MONEY: 950
[21:53:27:270725 --7:00] [Thread 8048] PLAYER: ( 76561198006601941 ) R FYAD:2 (LifeReapr) REMOTE PURCHASED ITEM Exile_Item_Noodles FOR 14 POPTABS | PLAYER TOTAL MONEY: 936
[21:53:27:947557 --7:00] [Thread 7624] PLAYER: ( 76561198006601941 ) R FYAD:2 (LifeReapr) REMOTE PURCHASED ITEM Exile_Item_Noodles FOR 14 POPTABS | PLAYER TOTAL MONEY: 922
[21:54:39:425231 --7:00] [Thread 4788] PLAYER: ( 76561198006601941 ) R FYAD:2 (LifeReapr) REMOTE PURCHASED ITEM CUP_hgun_Phantom FOR 200 POPTABS | PLAYER TOTAL MONEY: 722
[21:54:57:611579 --7:00] [Thread 8048] PLAYER: ( 76561198006601941 ) R FYAD:2 (LifeReapr) REMOTE PURCHASED ITEM CUP_18Rnd_9x19_Phantom FOR 8 POPTABS | PLAYER TOTAL MONEY: 714
[21:54:58:555284 --7:00] [Thread 8048] PLAYER: ( 76561198006601941 ) R FYAD:2 (LifeReapr) REMOTE PURCHASED ITEM CUP_18Rnd_9x19_Phantom FOR 8 POPTABS | PLAYER TOTAL MONEY: 706
[21:54:59:607593 --7:00] [Thread 4788] PLAYER: ( 76561198006601941 ) R FYAD:2 (LifeReapr) REMOTE PURCHASED ITEM CUP_18Rnd_9x19_Phantom FOR 8 POPTABS | PLAYER TOTAL MONEY: 698
[21:55:00:564548 --7:00] [Thread 8048] PLAYER: ( 76561198006601941 ) R FYAD:2 (LifeReapr) REMOTE PURCHASED ITEM CUP_18Rnd_9x19_Phantom FOR 8 POPTABS | PLAYER TOTAL MONEY: 690
[21:55:05:321663 --7:00] [Thread 4788] PLAYER: ( 76561198006601941 ) R FYAD:2 (LifeReapr) REMOTE PURCHASED ITEM rhsusf_mag_10Rnd_STD_50BMG_M33 FOR 100 POPTABS | PLAYER TOTAL MONEY: 590
[21:57:50:089501 --7:00] [Thread 8048] PLAYER: ( 76561198006601941 ) R FYAD:2 (LifeReapr) REMOTE PURCHASED ITEM muzzle_snds_M FOR 10 POPTABS | PLAYER TOTAL MONEY: 580
[22:18:24:164551 --7:00] [Thread 2744] PLAYER: ( 76561198067886078 ) R FYAD:1 (Paper Airplane) REMOTE PURCHASED ITEM CUP_U_B_USMC_Ghillie_WDL FOR 80 POPTABS | PLAYER TOTAL MONEY: 420
[22:19:32:607173 --7:00] [Thread 9604] PLAYER: ( 76561198067886078 ) R FYAD:1 (Paper Airplane) REMOTE PURCHASED ITEM CUP_V_BAF_Osprey_Mk4_MTP_Rifleman FOR 80 POPTABS | PLAYER TOTAL MONEY: 340
[22:20:05:101822 --7:00] [Thread 2744] PLAYER: ( 76561198067886078 ) R FYAD:1 (Paper Airplane) REMOTE PURCHASED ITEM 30Rnd_556x45_Stanag_Tracer_Green FOR 20 POPTABS | PLAYER TOTAL MONEY: 320
[22:20:06:080400 --7:00] [Thread 9604] PLAYER: ( 76561198067886078 ) R FYAD:1 (Paper Airplane) REMOTE PURCHASED ITEM 30Rnd_556x45_Stanag_Tracer_Green FOR 20 POPTABS | PLAYER TOTAL MONEY: 300
[22:20:07:040273 --7:00] [Thread 2744] PLAYER: ( 76561198067886078 ) R FYAD:1 (Paper Airplane) REMOTE PURCHASED ITEM 30Rnd_556x45_Stanag_Tracer_Green FOR 20 POPTABS | PLAYER TOTAL MONEY: 280
[22:20:07:978615 --7:00] [Thread 9604] PLAYER: ( 76561198067886078 ) R FYAD:1 (Paper Airplane) REMOTE PURCHASED ITEM 30Rnd_556x45_Stanag_Tracer_Green FOR 20 POPTABS | PLAYER TOTAL MONEY: 260
[22:20:45:829938 --7:00] [Thread 2744] PLAYER: ( 76561198067886078 ) R FYAD:1 (Paper Airplane) REMOTE PURCHASED ITEM Exile_Item_EnergyDrink FOR 40 POPTABS | PLAYER TOTAL MONEY: 220
[22:20:48:947307 --7:00] [Thread 9604] PLAYER: ( 76561198067886078 ) R FYAD:1 (Paper Airplane) REMOTE PURCHASED ITEM Exile_Item_EnergyDrink FOR 40 POPTABS | PLAYER TOTAL MONEY: 180
[22:20:58:697776 --7:00] [Thread 9604] PLAYER: ( 76561198067886078 ) R FYAD:1 (Paper Airplane) REMOTE PURCHASED ITEM Exile_Item_Noodles FOR 14 POPTABS | PLAYER TOTAL MONEY: 166
[22:21:00:046412 --7:00] [Thread 2744] PLAYER: ( 76561198067886078 ) R FYAD:1 (Paper Airplane) REMOTE PURCHASED ITEM Exile_Item_Noodles FOR 14 POPTABS | PLAYER TOTAL MONEY: 152
[22:22:21:615778 --7:00] [Thread 9604] PLAYER: ( 76561198006601941 ) R FYAD:2 (LifeReapr) REMOTE PURCHASED ITEM rhs_mag_30Rnd_556x45_M855A1_Stanag_Tracer_Yellow FOR 30 POPTABS | PLAYER TOTAL MONEY: 550
[22:22:22:951979 --7:00] [Thread 2744] PLAYER: ( 76561198006601941 ) R FYAD:2 (LifeReapr) REMOTE PURCHASED ITEM rhs_mag_30Rnd_556x45_M855A1_Stanag_Tracer_Yellow FOR 30 POPTABS | PLAYER TOTAL MONEY: 520
[22:23:05:912747 --7:00] [Thread 5880] PLAYER: ( 76561198067886078 ) R FYAD:1 (Paper Airplane) REMOTE SOLD ITEM CUP_optic_SB_11_4x20_PM FOR 25 POPTABS AND 2.5 RESPECT | PLAYER TOTAL MONEY: 177
[22:25:06:436415 --7:00] [Thread 2744] PLAYER: ( 76561198006601941 ) R FYAD:2 (LifeReapr) REMOTE PURCHASED ITEM rhsusf_mag_10Rnd_STD_50BMG_M33 FOR 100 POPTABS | PLAYER TOTAL MONEY: 420
[22:25:09:516093 --7:00] [Thread 5880] PLAYER: ( 76561198006601941 ) R FYAD:2 (LifeReapr) REMOTE PURCHASED ITEM rhsusf_mag_10Rnd_STD_50BMG_M33 FOR 100 POPTABS | PLAYER TOTAL MONEY: 320
[22:52:45:599757 --7:00] [Thread 9604] PLAYER: ( 76561198006601941 ) R FYAD:2 (LifeReapr) REMOTE SOLD ITEM: CUP_B_Ural_Repair_CDF (ID# <null>) with Cargo [] FOR 6500 POPTABS AND 650 RESPECT | PLAYER TOTAL MONEY: 7230
[22:53:51:551832 --7:00] [Thread 2744] PLAYER: ( 76561198006601941 ) R FYAD:2 (LifeReapr) REMOTE PURCHASED ITEM rhs_mag_30Rnd_556x45_M855A1_Stanag_Tracer_Yellow FOR 30 POPTABS | PLAYER TOTAL MONEY: 7200
[22:53:52:657494 --7:00] [Thread 8212] PLAYER: ( 76561198006601941 ) R FYAD:2 (LifeReapr) REMOTE PURCHASED ITEM rhs_mag_30Rnd_556x45_M855A1_Stanag_Tracer_Yellow FOR 30 POPTABS | PLAYER TOTAL MONEY: 7170
[22:53:53:740610 --7:00] [Thread 8212] PLAYER: ( 76561198006601941 ) R FYAD:2 (LifeReapr) REMOTE PURCHASED ITEM rhs_mag_30Rnd_556x45_M855A1_Stanag_Tracer_Yellow FOR 30 POPTABS | PLAYER TOTAL MONEY: 7140
[22:53:54:826332 --7:00] [Thread 2744] PLAYER: ( 76561198006601941 ) R FYAD:2 (LifeReapr) REMOTE PURCHASED ITEM rhs_mag_30Rnd_556x45_M855A1_Stanag_Tracer_Yellow FOR 30 POPTABS | PLAYER TOTAL MONEY: 7110
[22:53:55:867396 --7:00] [Thread 8212] PLAYER: ( 76561198006601941 ) R FYAD:2 (LifeReapr) REMOTE PURCHASED ITEM rhs_mag_30Rnd_556x45_M855A1_Stanag_Tracer_Yellow FOR 30 POPTABS | PLAYER TOTAL MONEY: 7080
[22:54:00:802751 --7:00] [Thread 8212] PLAYER: ( 76561198006601941 ) R FYAD:2 (LifeReapr) REMOTE PURCHASED ITEM rhs_mag_30Rnd_556x45_M855A1_Stanag_Tracer_Yellow FOR 30 POPTABS | PLAYER TOTAL MONEY: 7050
[22:54:13:924208 --7:00] [Thread 8212] PLAYER: ( 76561198006601941 ) R FYAD:2 (LifeReapr) REMOTE PURCHASED ITEM acc_flashlight FOR 4 POPTABS | PLAYER TOTAL MONEY: 7046
[22:54:59:675655 --7:00] [Thread 8212] PLAYER: ( 76561198006601941 ) R FYAD:2 (LifeReapr) REMOTE PURCHASED ITEM Exile_Item_DuctTape FOR 300 POPTABS | PLAYER TOTAL MONEY: 6746
[22:57:59:845282 --7:00] [Thread 8212] PLAYER: ( 76561198006601941 ) R FYAD:2 (LifeReapr) REMOTE PURCHASED ITEM CUP_muzzle_snds_M16 FOR 20 POPTABS | PLAYER TOTAL MONEY: 6726
[22:58:30:216071 --7:00] [Thread 8212] PLAYER: ( 76561198006601941 ) R FYAD:2 (LifeReapr) REMOTE PURCHASED ITEM optic_MRD FOR 10 POPTABS | PLAYER TOTAL MONEY: 6716
[22:59:52:141555 --7:00] [Thread 2744] PLAYER: ( 76561198006601941 ) R FYAD:2 (LifeReapr) REMOTE PURCHASED ITEM rhsusf_acc_anpeq15_bk_light FOR 100 POPTABS | PLAYER TOTAL MONEY: 6616
[23:00:12:403695 --7:00] [Thread 9604] PLAYER: ( 76561198006601941 ) R FYAD:2 (LifeReapr) REMOTE SOLD ITEM rhsusf_acc_anpeq15_bk_light FOR 50 POPTABS AND 5 RESPECT | PLAYER TOTAL MONEY: 6666
[23:00:13:882427 --7:00] [Thread 8212] PLAYER: ( 76561198006601941 ) R FYAD:2 (LifeReapr) REMOTE SOLD ITEM muzzle_snds_M FOR 5 POPTABS AND 0.5 RESPECT | PLAYER TOTAL MONEY: 6671
[23:00:17:352170 --7:00] [Thread 8212] PLAYER: ( 76561198006601941 ) R FYAD:2 (LifeReapr) REMOTE SOLD ITEM CUP_muzzle_snds_M16 FOR 10 POPTABS AND 1 RESPECT | PLAYER TOTAL MONEY: 6681
[23:00:23:613400 --7:00] [Thread 8212] PLAYER: ( 76561198006601941 ) R FYAD:2 (LifeReapr) REMOTE SOLD ITEM optic_MRD FOR 5 POPTABS AND 0.5 RESPECT | PLAYER TOTAL MONEY: 6686
[23:25:42:303277 --7:00] [Thread 2744] PLAYER: ( 76561198006601941 ) R FYAD:2 (LifeReapr) REMOTE SOLD ITEM rhs_mag_m714_White FOR 25 POPTABS AND 2.5 RESPECT | PLAYER TOTAL MONEY: 25
[23:25:43:984802 --7:00] [Thread 9604] PLAYER: ( 76561198006601941 ) R FYAD:2 (LifeReapr) REMOTE SOLD ITEM rhs_acc_perst1ik FOR 50 POPTABS AND 5 RESPECT | PLAYER TOTAL MONEY: 75
[23:25:45:067676 --7:00] [Thread 9604] PLAYER: ( 76561198006601941 ) R FYAD:2 (LifeReapr) REMOTE SOLD ITEM muzzle_snds_93mmg FOR 25 POPTABS AND 2.5 RESPECT | PLAYER TOTAL MONEY: 100
[23:25:46:099554 --7:00] [Thread 9604] PLAYER: ( 76561198006601941 ) R FYAD:2 (LifeReapr) REMOTE SOLD ITEM V_BandollierB_cbr FOR 10 POPTABS AND 1 RESPECT | PLAYER TOTAL MONEY: 110
[23:25:47:220312 --7:00] [Thread 9604] PLAYER: ( 76561198006601941 ) R FYAD:2 (LifeReapr) REMOTE SOLD ITEM U_O_T_Sniper_F FOR 50 POPTABS AND 5 RESPECT | PLAYER TOTAL MONEY: 160
[23:25:48:363932 --7:00] [Thread 9604] PLAYER: ( 76561198006601941 ) R FYAD:2 (LifeReapr) REMOTE SOLD ITEM CUP_V_B_PilotVest FOR 35 POPTABS AND 3.5 RESPECT | PLAYER TOTAL MONEY: 195
[23:25:55:049893 --7:00] [Thread 9604] PLAYER: ( 76561198006601941 ) R FYAD:2 (LifeReapr) REMOTE SOLD ITEM B_ViperHarness_oli_F FOR 125 POPTABS AND 12.5 RESPECT | PLAYER TOTAL MONEY: 320
[23:26:01:500541 --7:00] [Thread 9604] PLAYER: ( 76561198006601941 ) R FYAD:2 (LifeReapr) REMOTE SOLD ITEM 20Rnd_762x51_Mag FOR 10 POPTABS AND 1 RESPECT | PLAYER TOTAL MONEY: 330
[23:26:04:965128 --7:00] [Thread 9604] PLAYER: ( 76561198006601941 ) R FYAD:2 (LifeReapr) REMOTE SOLD ITEM SmokeShellRed FOR 3 POPTABS AND 0.3 RESPECT | PLAYER TOTAL MONEY: 333
[23:26:08:520535 --7:00] [Thread 9604] PLAYER: ( 76561198006601941 ) R FYAD:2 (LifeReapr) REMOTE SOLD ITEM SmokeShellGreen FOR 3 POPTABS AND 0.3 RESPECT | PLAYER TOTAL MONEY: 336
[23:26:09:630283 --7:00] [Thread 9604] PLAYER: ( 76561198006601941 ) R FYAD:2 (LifeReapr) REMOTE SOLD ITEM hlc_50rnd_556x45_EPR FOR 30 POPTABS AND 3 RESPECT | PLAYER TOTAL MONEY: 366
[23:26:10:635446 --7:00] [Thread 9604] PLAYER: ( 76561198006601941 ) R FYAD:2 (LifeReapr) REMOTE SOLD ITEM hlc_50rnd_556x45_EPR FOR 30 POPTABS AND 3 RESPECT | PLAYER TOTAL MONEY: 396
[23:26:11:519740 --7:00] [Thread 9604] PLAYER: ( 76561198006601941 ) R FYAD:2 (LifeReapr) REMOTE SOLD ITEM hlc_50rnd_556x45_EPR FOR 30 POPTABS AND 3 RESPECT | PLAYER TOTAL MONEY: 426
[23:26:12:544124 --7:00] [Thread 9604] PLAYER: ( 76561198006601941 ) R FYAD:2 (LifeReapr) REMOTE SOLD ITEM hlc_50rnd_556x45_EPR FOR 30 POPTABS AND 3 RESPECT | PLAYER TOTAL MONEY: 456
[23:26:13:466087 --7:00] [Thread 9604] PLAYER: ( 76561198006601941 ) R FYAD:2 (LifeReapr) REMOTE SOLD ITEM rhs_VOG25 FOR 25 POPTABS AND 2.5 RESPECT | PLAYER TOTAL MONEY: 481
[23:26:26:841907 --7:00] [Thread 9604] PLAYER: ( 76561198006601941 ) R FYAD:2 (LifeReapr) REMOTE SOLD ITEM rhs_weap_XM2010 FOR 625 POPTABS AND 62.5 RESPECT | PLAYER TOTAL MONEY: 1106
[23:26:36:557620 --7:00] [Thread 9604] PLAYER: ( 76561198006601941 ) R FYAD:2 (LifeReapr) REMOTE SOLD ITEM rhs_weap_hk416d145_m320 FOR 325 POPTABS AND 32.5 RESPECT | PLAYER TOTAL MONEY: 1431
[23:26:37:784238 --7:00] [Thread 9604] PLAYER: ( 76561198006601941 ) R FYAD:2 (LifeReapr) REMOTE SOLD ITEM hlc_m249_pip1 FOR 500 POPTABS AND 50 RESPECT | PLAYER TOTAL MONEY: 1931
[23:26:39:045586 --7:00] [Thread 9604] PLAYER: ( 76561198006601941 ) R FYAD:2 (LifeReapr) REMOTE SOLD ITEM rhs_weap_m40a5_d FOR 500 POPTABS AND 50 RESPECT | PLAYER TOTAL MONEY: 2431
[23:26:41:504067 --7:00] [Thread 9604] PLAYER: ( 76561198006601941 ) R FYAD:2 (LifeReapr) REMOTE SOLD ITEM V_HarnessOSpec_gry FOR 20 POPTABS AND 2 RESPECT | PLAYER TOTAL MONEY: 2451
[23:26:42:732591 --7:00] [Thread 9604] PLAYER: ( 76561198006601941 ) R FYAD:2 (LifeReapr) REMOTE SOLD ITEM rhs_uniform_gorka_r_y FOR 32 POPTABS AND 3.2 RESPECT | PLAYER TOTAL MONEY: 2483
[23:26:43:808422 --7:00] [Thread 9604] PLAYER: ( 76561198006601941 ) R FYAD:2 (LifeReapr) REMOTE SOLD ITEM V_Chestrig_blk FOR 15 POPTABS AND 1.5 RESPECT | PLAYER TOTAL MONEY: 2498
[23:26:48:367325 --7:00] [Thread 9604] PLAYER: ( 76561198006601941 ) R FYAD:2 (LifeReapr) REMOTE SOLD ITEM CUP_U_B_BAF_MTP_S4_UnRolled FOR 40 POPTABS AND 4 RESPECT | PLAYER TOTAL MONEY: 2538
[23:26:49:805193 --7:00] [Thread 9604] PLAYER: ( 76561198006601941 ) R FYAD:2 (LifeReapr) REMOTE SOLD ITEM V_RebreatherIR FOR 125 POPTABS AND 12.5 RESPECT | PLAYER TOTAL MONEY: 2663
[23:26:58:323296 --7:00] [Thread 9604] PLAYER: ( 76561198006601941 ) R FYAD:2 (LifeReapr) REMOTE SOLD ITEM rhsusf_5Rnd_300winmag_xm2010 FOR 27 POPTABS AND 2.7 RESPECT | PLAYER TOTAL MONEY: 2690
[23:26:59:526155 --7:00] [Thread 9604] PLAYER: ( 76561198006601941 ) R FYAD:2 (LifeReapr) REMOTE SOLD ITEM rhsusf_5Rnd_300winmag_xm2010 FOR 27 POPTABS AND 2.7 RESPECT | PLAYER TOTAL MONEY: 2717
[23:27:00:796447 --7:00] [Thread 9604] PLAYER: ( 76561198006601941 ) R FYAD:2 (LifeReapr) REMOTE SOLD ITEM rhsusf_5Rnd_300winmag_xm2010 FOR 27 POPTABS AND 2.7 RESPECT | PLAYER TOTAL MONEY: 2744
[23:34:27:411024 --7:00] [Thread 5880] PLAYER: ( 76561198006601941 ) R FYAD:2 (LifeReapr) REMOTE SOLD ITEM: RHS_UAZ_MSV_01 (ID# 6) with Cargo [] FOR 850 POPTABS AND 85 RESPECT | PLAYER TOTAL MONEY: 850
[23:34:52:261803 --7:00] [Thread 9604] PLAYER: ( 76561198067886078 ) R FYAD:3 (Paper Airplane) REMOTE SOLD ITEM rhsusf_falconii_coy FOR 75 POPTABS AND 7.5 RESPECT | PLAYER TOTAL MONEY: 175
[23:34:55:945416 --7:00] [Thread 9604] PLAYER: ( 76561198067886078 ) R FYAD:3 (Paper Airplane) REMOTE SOLD ITEM Exile_Item_Heatpack FOR 25 POPTABS AND 2.5 RESPECT | PLAYER TOTAL MONEY: 200
[23:34:58:452700 --7:00] [Thread 9604] PLAYER: ( 76561198067886078 ) R FYAD:3 (Paper Airplane) REMOTE SOLD ITEM 1Rnd_SmokePurple_Grenade_shell FOR 4 POPTABS AND 0.4 RESPECT | PLAYER TOTAL MONEY: 204
[23:35:01:220751 --7:00] [Thread 9604] PLAYER: ( 76561198067886078 ) R FYAD:3 (Paper Airplane) REMOTE SOLD ITEM 1Rnd_SmokeRed_Grenade_shell FOR 4 POPTABS AND 0.4 RESPECT | PLAYER TOTAL MONEY: 208
[23:35:50:949021 --7:00] [Thread 8212] PLAYER: ( 76561198006601941 ) R FYAD:2 (LifeReapr) REMOTE PURCHASED ITEM rhs_mag_30Rnd_556x45_M855A1_Stanag_Tracer_Yellow FOR 30 POPTABS | PLAYER TOTAL MONEY: 820
[23:35:56:591587 --7:00] [Thread 9604] PLAYER: ( 76561198067886078 ) R FYAD:3 (Paper Airplane) REMOTE SOLD ITEM srifle_DMR_04_F FOR 350 POPTABS AND 35 RESPECT | PLAYER TOTAL MONEY: 558
[23:36:06:482595 --7:00] [Thread 9604] PLAYER: ( 76561198067886078 ) R FYAD:3 (Paper Airplane) REMOTE SOLD ITEM hgun_ACPC2_F FOR 25 POPTABS AND 2.5 RESPECT | PLAYER TOTAL MONEY: 583
[23:36:15:753819 --7:00] [Thread 8212] PLAYER: ( 76561198006601941 ) R FYAD:2 (LifeReapr) REMOTE PURCHASED ITEM Exile_Item_Noodles FOR 14 POPTABS | PLAYER TOTAL MONEY: 806
[23:36:17:381146 --7:00] [Thread 2744] PLAYER: ( 76561198006601941 ) R FYAD:2 (LifeReapr) REMOTE PURCHASED ITEM Exile_Item_Noodles FOR 14 POPTABS | PLAYER TOTAL MONEY: 792
[23:36:21:398922 --7:00] [Thread 8212] PLAYER: ( 76561198006601941 ) R FYAD:2 (LifeReapr) REMOTE PURCHASED ITEM Exile_Item_Noodles FOR 14 POPTABS | PLAYER TOTAL MONEY: 778
[23:36:23:079788 --7:00] [Thread 9604] PLAYER: ( 76561198067886078 ) R FYAD:3 (Paper Airplane) REMOTE SOLD ITEM optic_ACO_grn FOR 35 POPTABS AND 3.5 RESPECT | PLAYER TOTAL MONEY: 618
[23:36:25:572454 --7:00] [Thread 9604] PLAYER: ( 76561198067886078 ) R FYAD:3 (Paper Airplane) REMOTE SOLD ITEM ItemRadio FOR 20 POPTABS AND 2 RESPECT | PLAYER TOTAL MONEY: 638
[23:39:06:981435 --7:00] [Thread 8212] PLAYER: ( 76561198006601941 ) R FYAD:2 (LifeReapr) REMOTE PURCHASED ITEM CUP_optic_AN_PAS_13c1 FOR 50 POPTABS | PLAYER TOTAL MONEY: 728
[23:40:37:131351 --7:00] [Thread 2744] PLAYER: ( 76561198006601941 ) R FYAD:2 (LifeReapr) REMOTE PURCHASED ITEM CUP_optic_CWS FOR 50 POPTABS | PLAYER TOTAL MONEY: 678
[23:40:47:803263 --7:00] [Thread 9604] PLAYER: ( 76561198067886078 ) R FYAD:3 (Paper Airplane) REMOTE SOLD ITEM hgun_Rook40_F FOR 25 POPTABS AND 2.5 RESPECT | PLAYER TOTAL MONEY: 25
[23:41:52:678836 --7:00] [Thread 8212] PLAYER: ( 76561198006601941 ) R FYAD:2 (LifeReapr) REMOTE SOLD ITEM CUP_optic_AN_PAS_13c1 FOR 25 POPTABS AND 2.5 RESPECT | PLAYER TOTAL MONEY: 703
[23:45:55:021010 --7:00] [Thread 9604] PLAYER: ( 76561198067886078 ) R FYAD:3 (Paper Airplane) REMOTE SOLD ITEM hlc_rifle_awcovert FOR 500 POPTABS AND 50 RESPECT | PLAYER TOTAL MONEY: 525
[23:46:05:174835 --7:00] [Thread 8212] PLAYER: ( 76561198067886078 ) R FYAD:3 (Paper Airplane) REMOTE SOLD ITEM ItemWatch FOR 1 POPTABS AND 0.1 RESPECT | PLAYER TOTAL MONEY: 526
[23:46:10:521430 --7:00] [Thread 9604] PLAYER: ( 76561198067886078 ) R FYAD:3 (Paper Airplane) REMOTE SOLD ITEM U_B_T_Sniper_F FOR 50 POPTABS AND 5 RESPECT | PLAYER TOTAL MONEY: 576
[23:47:32:278025 --7:00] [Thread 8212] PLAYER: ( 76561198067886078 ) R FYAD:3 (Paper Airplane) REMOTE SOLD ITEM rhs_weap_m14ebrri FOR 500 POPTABS AND 50 RESPECT | PLAYER TOTAL MONEY: 1076
[23:48:26:223724 --7:00] [Thread 8212] PLAYER: ( 76561198006601941 ) R FYAD:2 (LifeReapr) REMOTE PURCHASED ITEM muzzle_snds_m_snd_F FOR 15 POPTABS | PLAYER TOTAL MONEY: 688
[23:48:54:821541 --7:00] [Thread 8212] PLAYER: ( 76561198006601941 ) R FYAD:2 (LifeReapr) REMOTE PURCHASED ITEM 30Rnd_556x45_Stanag_Tracer_Yellow FOR 20 POPTABS | PLAYER TOTAL MONEY: 668
[23:48:55:741632 --7:00] [Thread 8212] PLAYER: ( 76561198006601941 ) R FYAD:2 (LifeReapr) REMOTE PURCHASED ITEM 30Rnd_556x45_Stanag_Tracer_Yellow FOR 20 POPTABS | PLAYER TOTAL MONEY: 648
[23:50:23:303227 --7:00] [Thread 2744] PLAYER: ( 76561198067886078 ) R FYAD:3 (Paper Airplane) REMOTE PURCHASED VEHICLE rhs_uaz_open_vdv FOR 1700 POPTABS | PLAYER TOTAL MONEY: 498
[00:04:08:079884 --7:00] [Thread 8212] PLAYER: ( 76561198067886078 ) R FYAD:3 (Paper Airplane) REMOTE SOLD ITEM CUP_arifle_XM8_Carbine_GL FOR 200 POPTABS AND 20 RESPECT | PLAYER TOTAL MONEY: 698
[00:04:10:577505 --7:00] [Thread 9604] PLAYER: ( 76561198067886078 ) R FYAD:3 (Paper Airplane) REMOTE SOLD ITEM CUP_100Rnd_556x45_BetaCMag FOR 5 POPTABS AND 0.5 RESPECT | PLAYER TOTAL MONEY: 703
[00:04:11:934091 --7:00] [Thread 9604] PLAYER: ( 76561198067886078 ) R FYAD:3 (Paper Airplane) REMOTE SOLD ITEM CUP_100Rnd_556x45_BetaCMag FOR 5 POPTABS AND 0.5 RESPECT | PLAYER TOTAL MONEY: 708
[00:04:13:237365 --7:00] [Thread 9604] PLAYER: ( 76561198067886078 ) R FYAD:3 (Paper Airplane) REMOTE SOLD ITEM CUP_100Rnd_556x45_BetaCMag FOR 5 POPTABS AND 0.5 RESPECT | PLAYER TOTAL MONEY: 713
[00:04:14:542183 --7:00] [Thread 9604] PLAYER: ( 76561198067886078 ) R FYAD:3 (Paper Airplane) REMOTE SOLD ITEM CUP_100Rnd_556x45_BetaCMag FOR 5 POPTABS AND 0.5 RESPECT | PLAYER TOTAL MONEY: 718
[00:06:59:470111 --7:00] [Thread 9604] PLAYER: ( 76561198067886078 ) R FYAD:3 (Paper Airplane) REMOTE SOLD ITEM: CUP_O_Ural_RU (ID# <null>) with Cargo [] FOR 6250 POPTABS AND 625 RESPECT | PLAYER TOTAL MONEY: 6968
[09:24:46:617688 --7:00] [Thread 9604] PLAYER: ( 76561198013512846 ) R FYAD:1 (Brad) REMOTE PURCHASED ITEM CUP_B_USMC_MOLLE FOR 200 POPTABS | PLAYER TOTAL MONEY: 2800
[09:25:19:881727 --7:00] [Thread 9604] PLAYER: ( 76561198013512846 ) R FYAD:1 (Brad) REMOTE PURCHASED ITEM CUP_H_BAF_Helmet_2_MTP FOR 60 POPTABS | PLAYER TOTAL MONEY: 2740
[09:25:48:065413 --7:00] [Thread 9604] PLAYER: ( 76561198013512846 ) R FYAD:1 (Brad) REMOTE PURCHASED ITEM CUP_V_B_MTV_Marksman FOR 70 POPTABS | PLAYER TOTAL MONEY: 2670
[09:26:09:274801 --7:00] [Thread 9604] PLAYER: ( 76561198013512846 ) R FYAD:1 (Brad) REMOTE PURCHASED ITEM Binocular FOR 40 POPTABS | PLAYER TOTAL MONEY: 2630
[09:26:10:933771 --7:00] [Thread 9604] PLAYER: ( 76561198013512846 ) R FYAD:1 (Brad) REMOTE PURCHASED ITEM Exile_Item_Matches FOR 60 POPTABS | PLAYER TOTAL MONEY: 2570
[09:26:11:581850 --7:00] [Thread 9604] PLAYER: ( 76561198013512846 ) R FYAD:1 (Brad) REMOTE PURCHASED ITEM Exile_Item_CanOpener FOR 80 POPTABS | PLAYER TOTAL MONEY: 2490
[09:26:17:428394 --7:00] [Thread 9604] PLAYER: ( 76561198013512846 ) R FYAD:1 (Brad) REMOTE PURCHASED ITEM U_Rangemaster FOR 40 POPTABS | PLAYER TOTAL MONEY: 2450
[09:26:59:441004 --7:00] [Thread 9604] PLAYER: ( 76561198013512846 ) R FYAD:1 (Brad) REMOTE PURCHASED ITEM CUP_srifle_M24_wdl FOR 1500 POPTABS | PLAYER TOTAL MONEY: 950
[09:27:13:823217 --7:00] [Thread 9604] PLAYER: ( 76561198013512846 ) R FYAD:1 (Brad) REMOTE PURCHASED ITEM CUP_optic_LeupoldMk4_10x40_LRT_Woodland FOR 50 POPTABS | PLAYER TOTAL MONEY: 900
[09:27:39:583023 --7:00] [Thread 9604] PLAYER: ( 76561198013512846 ) R FYAD:1 (Brad) REMOTE PURCHASED ITEM CUP_arifle_G36A FOR 400 POPTABS | PLAYER TOTAL MONEY: 500
[09:27:58:918329 --7:00] [Thread 9604] PLAYER: ( 76561198013512846 ) R FYAD:1 (Brad) REMOTE PURCHASED ITEM CUP_optic_AN_PVS_10 FOR 50 POPTABS | PLAYER TOTAL MONEY: 450
[09:28:30:954827 --7:00] [Thread 9604] PLAYER: ( 76561198013512846 ) R FYAD:1 (Brad) REMOTE PURCHASED ITEM CUP_muzzle_snds_G36_black FOR 20 POPTABS | PLAYER TOTAL MONEY: 430
[09:28:42:020927 --7:00] [Thread 9604] PLAYER: ( 76561198013512846 ) R FYAD:1 (Brad) REMOTE PURCHASED ITEM CUP_30Rnd_556x45_G36 FOR 10 POPTABS | PLAYER TOTAL MONEY: 420
[09:28:43:133251 --7:00] [Thread 9604] PLAYER: ( 76561198013512846 ) R FYAD:1 (Brad) REMOTE PURCHASED ITEM CUP_30Rnd_556x45_G36 FOR 10 POPTABS | PLAYER TOTAL MONEY: 410
[09:28:43:922790 --7:00] [Thread 9604] PLAYER: ( 76561198013512846 ) R FYAD:1 (Brad) REMOTE PURCHASED ITEM CUP_30Rnd_556x45_G36 FOR 10 POPTABS | PLAYER TOTAL MONEY: 400
[09:28:44:838195 --7:00] [Thread 9604] PLAYER: ( 76561198013512846 ) R FYAD:1 (Brad) REMOTE PURCHASED ITEM CUP_30Rnd_556x45_G36 FOR 10 POPTABS | PLAYER TOTAL MONEY: 390
[09:28:45:443236 --7:00] [Thread 9604] PLAYER: ( 76561198013512846 ) R FYAD:1 (Brad) REMOTE PURCHASED ITEM CUP_30Rnd_556x45_G36 FOR 10 POPTABS | PLAYER TOTAL MONEY: 380
[09:29:26:712910 --7:00] [Thread 9604] PLAYER: ( 76561198013512846 ) R FYAD:1 (Brad) REMOTE PURCHASED ITEM CUP_optic_ACOG FOR 50 POPTABS | PLAYER TOTAL MONEY: 330
[09:29:49:702425 --7:00] [Thread 8984] PLAYER: ( 76561198013512846 ) R FYAD:1 (Brad) REMOTE SOLD ITEM CUP_optic_ACOG FOR 25 POPTABS AND 2.5 RESPECT | PLAYER TOTAL MONEY: 355
[09:30:01:124190 --7:00] [Thread 8212] PLAYER: ( 76561198013512846 ) R FYAD:1 (Brad) REMOTE PURCHASED ITEM CUP_5Rnd_762x51_M24 FOR 10 POPTABS | PLAYER TOTAL MONEY: 345
[09:30:01:608457 --7:00] [Thread 8984] PLAYER: ( 76561198013512846 ) R FYAD:1 (Brad) REMOTE PURCHASED ITEM CUP_5Rnd_762x51_M24 FOR 10 POPTABS | PLAYER TOTAL MONEY: 335
[09:30:02:581757 --7:00] [Thread 8984] PLAYER: ( 76561198013512846 ) R FYAD:1 (Brad) REMOTE PURCHASED ITEM CUP_5Rnd_762x51_M24 FOR 10 POPTABS | PLAYER TOTAL MONEY: 325
[09:30:03:847799 --7:00] [Thread 8984] PLAYER: ( 76561198013512846 ) R FYAD:1 (Brad) REMOTE PURCHASED ITEM CUP_5Rnd_762x51_M24 FOR 10 POPTABS | PLAYER TOTAL MONEY: 315
[09:30:15:634529 --7:00] [Thread 8984] PLAYER: ( 76561198013512846 ) R FYAD:1 (Brad) REMOTE PURCHASED ITEM CUP_5Rnd_762x51_M24 FOR 10 POPTABS | PLAYER TOTAL MONEY: 305
[09:30:28:268578 --7:00] [Thread 8984] PLAYER: ( 76561198013512846 ) R FYAD:1 (Brad) REMOTE PURCHASED ITEM Exile_Item_ChocolateMilk FOR 25 POPTABS | PLAYER TOTAL MONEY: 280
[09:30:29:136297 --7:00] [Thread 8984] PLAYER: ( 76561198013512846 ) R FYAD:1 (Brad) REMOTE PURCHASED ITEM Exile_Item_ChocolateMilk FOR 25 POPTABS | PLAYER TOTAL MONEY: 255
[09:30:29:819445 --7:00] [Thread 8984] PLAYER: ( 76561198013512846 ) R FYAD:1 (Brad) REMOTE PURCHASED ITEM Exile_Item_ChocolateMilk FOR 25 POPTABS | PLAYER TOTAL MONEY: 230
[09:30:31:703857 --7:00] [Thread 8984] PLAYER: ( 76561198013512846 ) R FYAD:1 (Brad) REMOTE PURCHASED ITEM Exile_Item_Noodles FOR 14 POPTABS | PLAYER TOTAL MONEY: 216
[09:30:32:771260 --7:00] [Thread 8984] PLAYER: ( 76561198013512846 ) R FYAD:1 (Brad) REMOTE PURCHASED ITEM Exile_Item_Noodles FOR 14 POPTABS | PLAYER TOTAL MONEY: 202
[09:30:34:504446 --7:00] [Thread 8984] PLAYER: ( 76561198013512846 ) R FYAD:1 (Brad) REMOTE PURCHASED ITEM Exile_Item_Noodles FOR 14 POPTABS | PLAYER TOTAL MONEY: 188
[10:49:00:866077 --7:00] [Thread 8984] PLAYER: ( 76561198013512846 ) R FYAD:1 (Brad) REMOTE PURCHASED ITEM CUP_optic_AN_PAS_13c2 FOR 50 POPTABS | PLAYER TOTAL MONEY: 1838
[10:49:24:035990 --7:00] [Thread 9604] PLAYER: ( 76561198013512846 ) R FYAD:1 (Brad) REMOTE SOLD ITEM CUP_muzzle_snds_G36_black FOR 10 POPTABS AND 1 RESPECT | PLAYER TOTAL MONEY: 1848
[10:49:27:003573 --7:00] [Thread 8984] PLAYER: ( 76561198013512846 ) R FYAD:1 (Brad) REMOTE SOLD ITEM CUP_arifle_G36A FOR 200 POPTABS AND 20 RESPECT | PLAYER TOTAL MONEY: 2048
[10:49:29:376192 --7:00] [Thread 8984] PLAYER: ( 76561198013512846 ) R FYAD:1 (Brad) REMOTE SOLD ITEM CUP_30Rnd_556x45_G36 FOR 5 POPTABS AND 0.5 RESPECT | PLAYER TOTAL MONEY: 2053
[10:50:21:721742 --7:00] [Thread 8212] PLAYER: ( 76561198013512846 ) R FYAD:1 (Brad) REMOTE PURCHASED ITEM CUP_arifle_Mk17_STD_SFG FOR 400 POPTABS | PLAYER TOTAL MONEY: 1653
[10:50:58:196678 --7:00] [Thread 9604] PLAYER: ( 76561198013512846 ) R FYAD:1 (Brad) REMOTE PURCHASED ITEM CUP_muzzle_snds_SCAR_H FOR 20 POPTABS | PLAYER TOTAL MONEY: 1633
[10:50:59:594955 --7:00] [Thread 8212] PLAYER: ( 76561198013512846 ) R FYAD:1 (Brad) REMOTE PURCHASED ITEM CUP_20Rnd_762x51_B_SCAR FOR 10 POPTABS | PLAYER TOTAL MONEY: 1623
[10:51:00:291931 --7:00] [Thread 9604] PLAYER: ( 76561198013512846 ) R FYAD:1 (Brad) REMOTE PURCHASED ITEM CUP_20Rnd_762x51_B_SCAR FOR 10 POPTABS | PLAYER TOTAL MONEY: 1613
[10:51:01:240100 --7:00] [Thread 8212] PLAYER: ( 76561198013512846 ) R FYAD:1 (Brad) REMOTE PURCHASED ITEM CUP_20Rnd_762x51_B_SCAR FOR 10 POPTABS | PLAYER TOTAL MONEY: 1603
[10:51:02:229346 --7:00] [Thread 9604] PLAYER: ( 76561198013512846 ) R FYAD:1 (Brad) REMOTE PURCHASED ITEM CUP_20Rnd_762x51_B_SCAR FOR 10 POPTABS | PLAYER TOTAL MONEY: 1593
[10:51:02:966765 --7:00] [Thread 8212] PLAYER: ( 76561198013512846 ) R FYAD:1 (Brad) REMOTE PURCHASED ITEM CUP_20Rnd_762x51_B_SCAR FOR 10 POPTABS | PLAYER TOTAL MONEY: 1583
[10:51:03:647005 --7:00] [Thread 9604] PLAYER: ( 76561198013512846 ) R FYAD:1 (Brad) REMOTE PURCHASED ITEM CUP_20Rnd_762x51_B_SCAR FOR 10 POPTABS | PLAYER TOTAL MONEY: 1573
[10:51:04:529929 --7:00] [Thread 8212] PLAYER: ( 76561198013512846 ) R FYAD:1 (Brad) REMOTE PURCHASED ITEM CUP_20Rnd_762x51_B_SCAR FOR 10 POPTABS | PLAYER TOTAL MONEY: 1563
[10:51:05:163807 --7:00] [Thread 9604] PLAYER: ( 76561198013512846 ) R FYAD:1 (Brad) REMOTE PURCHASED ITEM CUP_20Rnd_762x51_B_SCAR FOR 10 POPTABS | PLAYER TOTAL MONEY: 1553
[10:51:06:199978 --7:00] [Thread 8212] PLAYER: ( 76561198013512846 ) R FYAD:1 (Brad) REMOTE PURCHASED ITEM CUP_20Rnd_762x51_B_SCAR FOR 10 POPTABS | PLAYER TOTAL MONEY: 1543
[10:51:43:250715 --7:00] [Thread 9604] PLAYER: ( 76561198013512846 ) R FYAD:1 (Brad) REMOTE PURCHASED ITEM CUP_optic_CompM2_Desert FOR 50 POPTABS | PLAYER TOTAL MONEY: 1493
[18:31:51:669813 --7:00] [Thread 1108] PLAYER: ( 76561197990791038 ) R Alpha 1-4:1 (Piranhas) REMOTE PURCHASED ITEM Exile_Item_MountainDupe FOR 30 POPTABS | PLAYER TOTAL MONEY: 170
[18:32:01:178656 --7:00] [Thread 1108] PLAYER: ( 76561197990791038 ) R Alpha 1-4:1 (Piranhas) REMOTE PURCHASED ITEM Exile_Item_MountainDupe FOR 30 POPTABS | PLAYER TOTAL MONEY: 140
[18:32:18:450993 --7:00] [Thread 1108] PLAYER: ( 76561197990791038 ) R Alpha 1-4:1 (Piranhas) REMOTE PURCHASED ITEM Exile_Item_SeedAstics FOR 12 POPTABS | PLAYER TOTAL MONEY: 128
[18:32:20:845942 --7:00] [Thread 1108] PLAYER: ( 76561197990791038 ) R Alpha 1-4:1 (Piranhas) REMOTE PURCHASED ITEM Exile_Item_SeedAstics FOR 12 POPTABS | PLAYER TOTAL MONEY: 116
[18:55:03:931666 --7:00] [Thread 7960] PLAYER: ( 76561197990791038 ) R Alpha 1-4:1 (Piranhas) REMOTE SOLD ITEM: CUP_C_Ural_Open_Civ_02 (ID# <null>) with Cargo ["B_OutdoorPack_tan","B_AssaultPack_mcamo","Exile_Item_DogFood","Exile_Item_CatFood","rhs_mag_9x19mm_7n21_20","FlareYellow_F","Chemlight_red","Exile_Magazine_8Rnd_74Slug","Exile_Magazine_8Rnd_74Pellets","Exile_Magazine_8Rnd_74Pellets","Exile_Magazine_8Rnd_74Pellets","Exile_Item_PlasticBottleEmpty","Chemlight_green","CUP_30Rnd_TE1_White_Tracer_545x39_AK_M","Exile_Weapon_M1014","U_C_Poor_shorts_1","optic_Yorris","U_C_Poor_2","muzzle_snds_acp","muzzle_snds_acp","U_C_Poloshirt_burgundy"] FOR 6563 POPTABS AND 656.3 RESPECT | PLAYER TOTAL MONEY: 6679
[18:55:21:826743 --7:00] [Thread 7960] PLAYER: ( 76561197990791038 ) R Alpha 1-4:1 (Piranhas) REMOTE PURCHASED VEHICLE Exile_Bike_OldBike FOR 40 POPTABS | PLAYER TOTAL MONEY: 6639
[19:08:41:948317 --7:00] [Thread 7960] PLAYER: ( 76561197990791038 ) R Alpha 1-4:1 (Piranhas) REMOTE SOLD ITEM: Exile_Car_Tractor_Red (ID# <null>) with Cargo [] FOR 1000 POPTABS AND 100 RESPECT | PLAYER TOTAL MONEY: 1000
[19:27:48:322774 --7:00] [Thread 8444] PLAYER: ( 76561197990791038 ) R Alpha 1-3:1 (Piranhas) REMOTE SOLD ITEM: CUP_I_UAZ_Unarmed_UN (ID# <null>) with Cargo [] FOR 6250 POPTABS AND 625 RESPECT | PLAYER TOTAL MONEY: 6250
[19:31:01:492025 --7:00] [Thread 8444] PLAYER: ( 76561197990791038 ) R Alpha 1-3:1 (Piranhas) REMOTE SOLD ITEM: CUP_O_Ural_Open_CHDKZ (ID# <null>) with Cargo [] FOR 6250 POPTABS AND 625 RESPECT | PLAYER TOTAL MONEY: 13500
[19:34:18:484931 --7:00] [Thread 8444] PLAYER: ( 76561197990791038 ) R Alpha 1-3:1 (Piranhas) REMOTE SOLD ITEM: CUP_C_Golf4_white_Civ (ID# <null>) with Cargo [] FOR 0 POPTABS AND 0 RESPECT | PLAYER TOTAL MONEY: 0
[19:36:27:684207 --7:00] [Thread 1108] PLAYER: ( 76561197990791038 ) R Alpha 1-3:1 (Piranhas) REMOTE SOLD ITEM: CUP_B_MH6J_USA (ID# 12) with Cargo [] FOR 8500 POPTABS AND 850 RESPECT | PLAYER TOTAL MONEY: 8500
[19:37:59:340119 --7:00] [Thread 6984] PLAYER: ( 76561197990791038 ) R Alpha 1-3:1 (Piranhas) REMOTE PURCHASED VEHICLE CUP_B_Mi171Sh_Unarmed_ACR FOR 30000 POPTABS | PLAYER TOTAL MONEY: 0
[19:50:14:321580 --7:00] [Thread 6984] PLAYER: ( 76561197990791038 ) R Alpha 1-3:1 (Piranhas) REMOTE SOLD ITEM: Exile_Car_Octavius_White (ID# <null>) with Cargo [] FOR 3000 POPTABS AND 300 RESPECT | PLAYER TOTAL MONEY: 3000
[20:08:02:679525 --7:00] [Thread 6984] PLAYER: ( 76561197990791038 ) R Alpha 1-3:1 (Piranhas) REMOTE SOLD ITEM: CUP_B_HMMWV_Unarmed_USA (ID# <null>) with Cargo [] FOR 6500 POPTABS AND 650 RESPECT | PLAYER TOTAL MONEY: 6500
[20:08:08:055077 --7:00] [Thread 6984] PLAYER: ( 76561197990791038 ) R Alpha 1-3:1 (Piranhas) REMOTE SOLD ITEM: CUP_B_LR_Special_Des_CZ_D (ID# <null>) with Cargo [] FOR 14250 POPTABS AND 1425 RESPECT | PLAYER TOTAL MONEY: 20750
[20:29:15:246498 --7:00] [Thread 8444] PLAYER: ( 76561197990791038 ) R Alpha 1-3:1 (Piranhas) REMOTE SOLD ITEM: CUP_O_Ural_TKA (ID# <null>) with Cargo [] FOR 6250 POPTABS AND 625 RESPECT | PLAYER TOTAL MONEY: 6250
